CRITICAL - 2023-05-09 02:03:49 --> Invalid file: "layouts/admin/product/head.php"
in SYSTEMPATH\Exceptions\FrameworkException.php on line 33.
 1 SYSTEMPATH\View\View.php(201): CodeIgniter\Exceptions\FrameworkException::forInvalidFile('layouts/admin/product/head.php')
 2 SYSTEMPATH\View\View.php(431): CodeIgniter\View\View->render('layouts/admin/product/head', null, true)
 3 APPPATH\Views\base.php(3): CodeIgniter\View\View->include('layouts/admin/product/head')
 4 SYSTEMPATH\View\View.php(213): include('D:\\XAMPP\\htdocs\\PROYEK_Task Management\\app\\Views\\base.php')
 5 SYSTEMPATH\View\View.php(216): CodeIgniter\View\View->CodeIgniter\View\{closure}()
 6 SYSTEMPATH\View\View.php(229): CodeIgniter\View\View->render('base', [], true)
 7 SYSTEMPATH\Common.php(1184): CodeIgniter\View\View->render('product/index', [], true)
 8 APPPATH\Controllers\Product.php(42): view('product/index', [...])
 9 SYSTEMPATH\CodeIgniter.php(934): App\Controllers\Product->index()
10 SYSTEMPATH\CodeIgniter.php(499): CodeIgniter\CodeIgniter->runController(Object(App\Controllers\Product))
11 SYSTEMPATH\CodeIgniter.php(368): CodeIgniter\CodeIgniter->handleRequest(null, Object(Config\Cache), false)
12 FCPATH\index.php(67): CodeIgniter\CodeIgniter->run()
13 SYSTEMPATH\Commands\Server\rewrite.php(47): require_once('D:\\XAMPP\\htdocs\\PROYEK_Task Management\\public\\index.php')
CRITICAL - 2023-05-09 02:06:10 --> Invalid file: "layputs/admin/product/index.php"
in SYSTEMPATH\Exceptions\FrameworkException.php on line 33.
 1 SYSTEMPATH\View\View.php(201): CodeIgniter\Exceptions\FrameworkException::forInvalidFile('layputs/admin/product/index.php')
 2 SYSTEMPATH\Common.php(1184): CodeIgniter\View\View->render('layputs/admin/product/index', [], true)
 3 APPPATH\Controllers\Product.php(42): view('layputs/admin/product/index', [...])
 4 SYSTEMPATH\CodeIgniter.php(934): App\Controllers\Product->index()
 5 SYSTEMPATH\CodeIgniter.php(499): CodeIgniter\CodeIgniter->runController(Object(App\Controllers\Product))
 6 SYSTEMPATH\CodeIgniter.php(368): CodeIgniter\CodeIgniter->handleRequest(null, Object(Config\Cache), false)
 7 FCPATH\index.php(67): CodeIgniter\CodeIgniter->run()
 8 SYSTEMPATH\Commands\Server\rewrite.php(47): require_once('D:\\XAMPP\\htdocs\\PROYEK_Task Management\\public\\index.php')
CRITICAL - 2023-05-09 02:06:12 --> Invalid file: "layputs/admin/product/index.php"
in SYSTEMPATH\Exceptions\FrameworkException.php on line 33.
 1 SYSTEMPATH\View\View.php(201): CodeIgniter\Exceptions\FrameworkException::forInvalidFile('layputs/admin/product/index.php')
 2 SYSTEMPATH\Common.php(1184): CodeIgniter\View\View->render('layputs/admin/product/index', [], true)
 3 APPPATH\Controllers\Product.php(42): view('layputs/admin/product/index', [...])
 4 SYSTEMPATH\CodeIgniter.php(934): App\Controllers\Product->index()
 5 SYSTEMPATH\CodeIgniter.php(499): CodeIgniter\CodeIgniter->runController(Object(App\Controllers\Product))
 6 SYSTEMPATH\CodeIgniter.php(368): CodeIgniter\CodeIgniter->handleRequest(null, Object(Config\Cache), false)
 7 FCPATH\index.php(67): CodeIgniter\CodeIgniter->run()
 8 SYSTEMPATH\Commands\Server\rewrite.php(47): require_once('D:\\XAMPP\\htdocs\\PROYEK_Task Management\\public\\index.php')
CRITICAL - 2023-05-09 02:09:43 --> Invalid file: "admin/base.php"
in SYSTEMPATH\Exceptions\FrameworkException.php on line 33.
 1 SYSTEMPATH\View\View.php(201): CodeIgniter\Exceptions\FrameworkException::forInvalidFile('admin/base.php')
 2 SYSTEMPATH\View\View.php(229): CodeIgniter\View\View->render('admin/base', [], true)
 3 SYSTEMPATH\Common.php(1184): CodeIgniter\View\View->render('layouts/admin/product/index', [], true)
 4 APPPATH\Controllers\Product.php(42): view('layouts/admin/product/index', [...])
 5 SYSTEMPATH\CodeIgniter.php(934): App\Controllers\Product->index()
 6 SYSTEMPATH\CodeIgniter.php(499): CodeIgniter\CodeIgniter->runController(Object(App\Controllers\Product))
 7 SYSTEMPATH\CodeIgniter.php(368): CodeIgniter\CodeIgniter->handleRequest(null, Object(Config\Cache), false)
 8 FCPATH\index.php(67): CodeIgniter\CodeIgniter->run()
 9 SYSTEMPATH\Commands\Server\rewrite.php(47): require_once('D:\\XAMPP\\htdocs\\PROYEK_Task Management\\public\\index.php')
CRITICAL - 2023-05-09 02:14:50 --> Invalid file: "admin/base.php"
in SYSTEMPATH\Exceptions\FrameworkException.php on line 33.
 1 SYSTEMPATH\View\View.php(201): CodeIgniter\Exceptions\FrameworkException::forInvalidFile('admin/base.php')
 2 SYSTEMPATH\View\View.php(229): CodeIgniter\View\View->render('admin/base', [], true)
 3 SYSTEMPATH\Common.php(1184): CodeIgniter\View\View->render('layouts/admin/product/index', [], true)
 4 APPPATH\Controllers\Product.php(42): view('layouts/admin/product/index', [...])
 5 SYSTEMPATH\CodeIgniter.php(934): App\Controllers\Product->index()
 6 SYSTEMPATH\CodeIgniter.php(499): CodeIgniter\CodeIgniter->runController(Object(App\Controllers\Product))
 7 SYSTEMPATH\CodeIgniter.php(368): CodeIgniter\CodeIgniter->handleRequest(null, Object(Config\Cache), false)
 8 FCPATH\index.php(67): CodeIgniter\CodeIgniter->run()
 9 SYSTEMPATH\Commands\Server\rewrite.php(47): require_once('D:\\XAMPP\\htdocs\\PROYEK_Task Management\\public\\index.php')
CRITICAL - 2023-05-09 02:15:21 --> Invalid file: "/admin/base.php"
in SYSTEMPATH\Exceptions\FrameworkException.php on line 33.
 1 SYSTEMPATH\View\View.php(201): CodeIgniter\Exceptions\FrameworkException::forInvalidFile('/admin/base.php')
 2 SYSTEMPATH\View\View.php(229): CodeIgniter\View\View->render('/admin/base', [], true)
 3 SYSTEMPATH\Common.php(1184): CodeIgniter\View\View->render('layouts/admin/product/index', [], true)
 4 APPPATH\Controllers\Product.php(42): view('layouts/admin/product/index', [...])
 5 SYSTEMPATH\CodeIgniter.php(934): App\Controllers\Product->index()
 6 SYSTEMPATH\CodeIgniter.php(499): CodeIgniter\CodeIgniter->runController(Object(App\Controllers\Product))
 7 SYSTEMPATH\CodeIgniter.php(368): CodeIgniter\CodeIgniter->handleRequest(null, Object(Config\Cache), false)
 8 FCPATH\index.php(67): CodeIgniter\CodeIgniter->run()
 9 SYSTEMPATH\Commands\Server\rewrite.php(47): require_once('D:\\XAMPP\\htdocs\\PROYEK_Task Management\\public\\index.php')
CRITICAL - 2023-05-09 02:15:37 --> Invalid file: "admin/head.php"
in SYSTEMPATH\Exceptions\FrameworkException.php on line 33.
 1 SYSTEMPATH\View\View.php(201): CodeIgniter\Exceptions\FrameworkException::forInvalidFile('admin/head.php')
 2 SYSTEMPATH\View\View.php(431): CodeIgniter\View\View->render('admin/head', null, true)
 3 APPPATH\Views\layouts\admin\base.php(5): CodeIgniter\View\View->include('admin/head')
 4 SYSTEMPATH\View\View.php(213): include('D:\\XAMPP\\htdocs\\PROYEK_Task Management\\app\\Views\\layouts\\admin\\base.php')
 5 SYSTEMPATH\View\View.php(216): CodeIgniter\View\View->CodeIgniter\View\{closure}()
 6 SYSTEMPATH\View\View.php(229): CodeIgniter\View\View->render('layouts/admin/base', [], true)
 7 SYSTEMPATH\Common.php(1184): CodeIgniter\View\View->render('layouts/admin/product/index', [], true)
 8 APPPATH\Controllers\Product.php(42): view('layouts/admin/product/index', [...])
 9 SYSTEMPATH\CodeIgniter.php(934): App\Controllers\Product->index()
10 SYSTEMPATH\CodeIgniter.php(499): CodeIgniter\CodeIgniter->runController(Object(App\Controllers\Product))
11 SYSTEMPATH\CodeIgniter.php(368): CodeIgniter\CodeIgniter->handleRequest(null, Object(Config\Cache), false)
12 FCPATH\index.php(67): CodeIgniter\CodeIgniter->run()
13 SYSTEMPATH\Commands\Server\rewrite.php(47): require_once('D:\\XAMPP\\htdocs\\PROYEK_Task Management\\public\\index.php')
CRITICAL - 2023-05-09 02:20:00 --> Invalid file: "admin/sidebar.php"
in SYSTEMPATH\Exceptions\FrameworkException.php on line 33.
 1 SYSTEMPATH\View\View.php(201): CodeIgniter\Exceptions\FrameworkException::forInvalidFile('admin/sidebar.php')
 2 SYSTEMPATH\View\View.php(431): CodeIgniter\View\View->render('admin/sidebar', null, true)
 3 APPPATH\Views\layouts\admin\base.php(14): CodeIgniter\View\View->include('admin/sidebar')
 4 SYSTEMPATH\View\View.php(213): include('D:\\XAMPP\\htdocs\\PROYEK_Task Management\\app\\Views\\layouts\\admin\\base.php')
 5 SYSTEMPATH\View\View.php(216): CodeIgniter\View\View->CodeIgniter\View\{closure}()
 6 SYSTEMPATH\View\View.php(229): CodeIgniter\View\View->render('layouts/admin/base', [], true)
 7 SYSTEMPATH\Common.php(1184): CodeIgniter\View\View->render('layouts/admin/product/index', [], true)
 8 APPPATH\Controllers\Product.php(42): view('layouts/admin/product/index', [...])
 9 SYSTEMPATH\CodeIgniter.php(934): App\Controllers\Product->index()
10 SYSTEMPATH\CodeIgniter.php(499): CodeIgniter\CodeIgniter->runController(Object(App\Controllers\Product))
11 SYSTEMPATH\CodeIgniter.php(368): CodeIgniter\CodeIgniter->handleRequest(null, Object(Config\Cache), false)
12 FCPATH\index.php(67): CodeIgniter\CodeIgniter->run()
13 SYSTEMPATH\Commands\Server\rewrite.php(47): require_once('D:\\XAMPP\\htdocs\\PROYEK_Task Management\\public\\index.php')
CRITICAL - 2023-05-09 07:46:15 --> Invalid file: "layouts/admin/product/index.php"
in SYSTEMPATH\Exceptions\FrameworkException.php on line 33.
 1 SYSTEMPATH\View\View.php(201): CodeIgniter\Exceptions\FrameworkException::forInvalidFile('layouts/admin/product/index.php')
 2 SYSTEMPATH\Common.php(1184): CodeIgniter\View\View->render('layouts/admin/product/index', [], true)
 3 APPPATH\Controllers\Product.php(42): view('layouts/admin/product/index', [...])
 4 SYSTEMPATH\CodeIgniter.php(934): App\Controllers\Product->index()
 5 SYSTEMPATH\CodeIgniter.php(499): CodeIgniter\CodeIgniter->runController(Object(App\Controllers\Product))
 6 SYSTEMPATH\CodeIgniter.php(368): CodeIgniter\CodeIgniter->handleRequest(null, Object(Config\Cache), false)
 7 FCPATH\index.php(67): CodeIgniter\CodeIgniter->run()
 8 SYSTEMPATH\Commands\Server\rewrite.php(47): require_once('D:\\XAMPP\\htdocs\\PROYEK_Task Management\\public\\index.php')
