ERROR - 2023-05-16 02:33:59 --> mysqli_sql_exception: Column 'employeename' cannot be null in D:\XAMPP\htdocs\Task-Management_Prooyek\system\Database\MySQLi\Connection.php:295
Stack trace:
#0 D:\XAMPP\htdocs\Task-Management_Prooyek\system\Database\MySQLi\Connection.php(295): mysqli->query('INSERT INTO `em...', 0)
#1 D:\XAMPP\htdocs\Task-Management_Prooyek\system\Database\BaseConnection.php(692): CodeIgniter\Database\MySQLi\Connection->execute('INSERT INTO `em...')
#2 D:\XAMPP\htdocs\Task-Management_Prooyek\system\Database\BaseConnection.php(606): CodeIgniter\Database\BaseConnection->simpleQuery('INSERT INTO `em...')
#3 D:\XAMPP\htdocs\Task-Management_Prooyek\system\Database\BaseBuilder.php(2309): CodeIgniter\Database\BaseConnection->query('INSERT INTO `em...', Array, false)
#4 D:\XAMPP\htdocs\Task-Management_Prooyek\system\Model.php(330): CodeIgniter\Database\BaseBuilder->insert()
#5 D:\XAMPP\htdocs\Task-Management_Prooyek\system\BaseModel.php(782): CodeIgniter\Model->doInsert(Array)
#6 D:\XAMPP\htdocs\Task-Management_Prooyek\system\Model.php(730): CodeIgniter\BaseModel->insert(Array, true)
#7 D:\XAMPP\htdocs\Task-Management_Prooyek\app\Controllers\Product.php(64): CodeIgniter\Model->insert(Array)
#8 D:\XAMPP\htdocs\Task-Management_Prooyek\system\CodeIgniter.php(934): App\Controllers\Product->create()
#9 D:\XAMPP\htdocs\Task-Management_Prooyek\system\CodeIgniter.php(499): CodeIgniter\CodeIgniter->runController(Object(App\Controllers\Product))
#10 D:\XAMPP\htdocs\Task-Management_Prooyek\system\CodeIgniter.php(368): CodeIgniter\CodeIgniter->handleRequest(NULL, Object(Config\Cache), false)
#11 D:\XAMPP\htdocs\Task-Management_Prooyek\public\index.php(67): CodeIgniter\CodeIgniter->run()
#12 D:\XAMPP\htdocs\Task-Management_Prooyek\system\Commands\Server\rewrite.php(47): require_once('D:\\XAMPP\\htdocs...')
#13 {main}
CRITICAL - 2023-05-16 02:33:59 --> Column 'employeename' cannot be null
in SYSTEMPATH\Database\MySQLi\Connection.php on line 295.
 1 SYSTEMPATH\Database\MySQLi\Connection.php(295): mysqli->query('INSERT INTO `employee` (`employeename`, `employeerole`, `emailaddress`, `password`) VALUES (NULL, NULL, NULL, NULL)', 0)
 2 SYSTEMPATH\Database\BaseConnection.php(692): CodeIgniter\Database\MySQLi\Connection->execute('INSERT INTO `employee` (`employeename`, `employeerole`, `emailaddress`, `password`) VALUES (NULL, NULL, NULL, NULL)')
 3 SYSTEMPATH\Database\BaseConnection.php(606): CodeIgniter\Database\BaseConnection->simpleQuery('INSERT INTO `employee` (`employeename`, `employeerole`, `emailaddress`, `password`) VALUES (NULL, NULL, NULL, NULL)')
 4 SYSTEMPATH\Database\BaseBuilder.php(2309): CodeIgniter\Database\BaseConnection->query('INSERT INTO `employee` (`employeename`, `employeerole`, `emailaddress`, `password`) VALUES (:employeename:, :employeerole:, :emailaddress:, :password:)', [...], false)
 5 SYSTEMPATH\Model.php(330): CodeIgniter\Database\BaseBuilder->insert()
 6 SYSTEMPATH\BaseModel.php(782): CodeIgniter\Model->doInsert([...])
 7 SYSTEMPATH\Model.php(730): CodeIgniter\BaseModel->insert([...], true)
 8 APPPATH\Controllers\Product.php(64): CodeIgniter\Model->insert([...])
 9 SYSTEMPATH\CodeIgniter.php(934): App\Controllers\Product->create()
10 SYSTEMPATH\CodeIgniter.php(499): CodeIgniter\CodeIgniter->runController(Object(App\Controllers\Product))
11 SYSTEMPATH\CodeIgniter.php(368): CodeIgniter\CodeIgniter->handleRequest(null, Object(Config\Cache), false)
12 FCPATH\index.php(67): CodeIgniter\CodeIgniter->run()
13 SYSTEMPATH\Commands\Server\rewrite.php(47): require_once('D:\\XAMPP\\htdocs\\Task-Management_Prooyek\\public\\index.php')
ERROR - 2023-05-16 02:35:37 --> mysqli_sql_exception: Column 'employeename' cannot be null in D:\XAMPP\htdocs\Task-Management_Prooyek\system\Database\MySQLi\Connection.php:295
Stack trace:
#0 D:\XAMPP\htdocs\Task-Management_Prooyek\system\Database\MySQLi\Connection.php(295): mysqli->query('INSERT INTO `em...', 0)
#1 D:\XAMPP\htdocs\Task-Management_Prooyek\system\Database\BaseConnection.php(692): CodeIgniter\Database\MySQLi\Connection->execute('INSERT INTO `em...')
#2 D:\XAMPP\htdocs\Task-Management_Prooyek\system\Database\BaseConnection.php(606): CodeIgniter\Database\BaseConnection->simpleQuery('INSERT INTO `em...')
#3 D:\XAMPP\htdocs\Task-Management_Prooyek\system\Database\BaseBuilder.php(2309): CodeIgniter\Database\BaseConnection->query('INSERT INTO `em...', Array, false)
#4 D:\XAMPP\htdocs\Task-Management_Prooyek\system\Model.php(330): CodeIgniter\Database\BaseBuilder->insert()
#5 D:\XAMPP\htdocs\Task-Management_Prooyek\system\BaseModel.php(782): CodeIgniter\Model->doInsert(Array)
#6 D:\XAMPP\htdocs\Task-Management_Prooyek\system\Model.php(730): CodeIgniter\BaseModel->insert(Array, true)
#7 D:\XAMPP\htdocs\Task-Management_Prooyek\app\Controllers\Product.php(64): CodeIgniter\Model->insert(Array)
#8 D:\XAMPP\htdocs\Task-Management_Prooyek\system\CodeIgniter.php(934): App\Controllers\Product->create()
#9 D:\XAMPP\htdocs\Task-Management_Prooyek\system\CodeIgniter.php(499): CodeIgniter\CodeIgniter->runController(Object(App\Controllers\Product))
#10 D:\XAMPP\htdocs\Task-Management_Prooyek\system\CodeIgniter.php(368): CodeIgniter\CodeIgniter->handleRequest(NULL, Object(Config\Cache), false)
#11 D:\XAMPP\htdocs\Task-Management_Prooyek\public\index.php(67): CodeIgniter\CodeIgniter->run()
#12 D:\XAMPP\htdocs\Task-Management_Prooyek\system\Commands\Server\rewrite.php(47): require_once('D:\\XAMPP\\htdocs...')
#13 {main}
CRITICAL - 2023-05-16 02:35:37 --> Column 'employeename' cannot be null
in SYSTEMPATH\Database\MySQLi\Connection.php on line 295.
 1 SYSTEMPATH\Database\MySQLi\Connection.php(295): mysqli->query('INSERT INTO `employee` (`employeename`, `employeerole`, `emailaddress`, `password`) VALUES (NULL, NULL, NULL, NULL)', 0)
 2 SYSTEMPATH\Database\BaseConnection.php(692): CodeIgniter\Database\MySQLi\Connection->execute('INSERT INTO `employee` (`employeename`, `employeerole`, `emailaddress`, `password`) VALUES (NULL, NULL, NULL, NULL)')
 3 SYSTEMPATH\Database\BaseConnection.php(606): CodeIgniter\Database\BaseConnection->simpleQuery('INSERT INTO `employee` (`employeename`, `employeerole`, `emailaddress`, `password`) VALUES (NULL, NULL, NULL, NULL)')
 4 SYSTEMPATH\Database\BaseBuilder.php(2309): CodeIgniter\Database\BaseConnection->query('INSERT INTO `employee` (`employeename`, `employeerole`, `emailaddress`, `password`) VALUES (:employeename:, :employeerole:, :emailaddress:, :password:)', [...], false)
 5 SYSTEMPATH\Model.php(330): CodeIgniter\Database\BaseBuilder->insert()
 6 SYSTEMPATH\BaseModel.php(782): CodeIgniter\Model->doInsert([...])
 7 SYSTEMPATH\Model.php(730): CodeIgniter\BaseModel->insert([...], true)
 8 APPPATH\Controllers\Product.php(64): CodeIgniter\Model->insert([...])
 9 SYSTEMPATH\CodeIgniter.php(934): App\Controllers\Product->create()
10 SYSTEMPATH\CodeIgniter.php(499): CodeIgniter\CodeIgniter->runController(Object(App\Controllers\Product))
11 SYSTEMPATH\CodeIgniter.php(368): CodeIgniter\CodeIgniter->handleRequest(null, Object(Config\Cache), false)
12 FCPATH\index.php(67): CodeIgniter\CodeIgniter->run()
13 SYSTEMPATH\Commands\Server\rewrite.php(47): require_once('D:\\XAMPP\\htdocs\\Task-Management_Prooyek\\public\\index.php')
ERROR - 2023-05-16 02:48:27 --> mysqli_sql_exception: Column 'assignedto' cannot be null in D:\XAMPP\htdocs\Task-Management_Prooyek\system\Database\MySQLi\Connection.php:295
Stack trace:
#0 D:\XAMPP\htdocs\Task-Management_Prooyek\system\Database\MySQLi\Connection.php(295): mysqli->query('INSERT INTO `as...', 0)
#1 D:\XAMPP\htdocs\Task-Management_Prooyek\system\Database\BaseConnection.php(692): CodeIgniter\Database\MySQLi\Connection->execute('INSERT INTO `as...')
#2 D:\XAMPP\htdocs\Task-Management_Prooyek\system\Database\BaseConnection.php(606): CodeIgniter\Database\BaseConnection->simpleQuery('INSERT INTO `as...')
#3 D:\XAMPP\htdocs\Task-Management_Prooyek\system\Database\BaseBuilder.php(2309): CodeIgniter\Database\BaseConnection->query('INSERT INTO `as...', Array, false)
#4 D:\XAMPP\htdocs\Task-Management_Prooyek\system\Model.php(330): CodeIgniter\Database\BaseBuilder->insert()
#5 D:\XAMPP\htdocs\Task-Management_Prooyek\system\BaseModel.php(782): CodeIgniter\Model->doInsert(Array)
#6 D:\XAMPP\htdocs\Task-Management_Prooyek\system\Model.php(730): CodeIgniter\BaseModel->insert(Array, true)
#7 D:\XAMPP\htdocs\Task-Management_Prooyek\app\Controllers\AssignTasks.php(64): CodeIgniter\Model->insert(Array)
#8 D:\XAMPP\htdocs\Task-Management_Prooyek\system\CodeIgniter.php(934): App\Controllers\AssignTasks->create()
#9 D:\XAMPP\htdocs\Task-Management_Prooyek\system\CodeIgniter.php(499): CodeIgniter\CodeIgniter->runController(Object(App\Controllers\AssignTasks))
#10 D:\XAMPP\htdocs\Task-Management_Prooyek\system\CodeIgniter.php(368): CodeIgniter\CodeIgniter->handleRequest(NULL, Object(Config\Cache), false)
#11 D:\XAMPP\htdocs\Task-Management_Prooyek\public\index.php(67): CodeIgniter\CodeIgniter->run()
#12 D:\XAMPP\htdocs\Task-Management_Prooyek\system\Commands\Server\rewrite.php(47): require_once('D:\\XAMPP\\htdocs...')
#13 {main}
CRITICAL - 2023-05-16 02:48:27 --> Column 'assignedto' cannot be null
in SYSTEMPATH\Database\MySQLi\Connection.php on line 295.
 1 SYSTEMPATH\Database\MySQLi\Connection.php(295): mysqli->query('INSERT INTO `assign` (`taskname`, `assignedto`, `date`, `comment`) VALUES (\'Contoh\', NULL, \'2023-05-23\', NULL)', 0)
 2 SYSTEMPATH\Database\BaseConnection.php(692): CodeIgniter\Database\MySQLi\Connection->execute('INSERT INTO `assign` (`taskname`, `assignedto`, `date`, `comment`) VALUES (\'Contoh\', NULL, \'2023-05-23\', NULL)')
 3 SYSTEMPATH\Database\BaseConnection.php(606): CodeIgniter\Database\BaseConnection->simpleQuery('INSERT INTO `assign` (`taskname`, `assignedto`, `date`, `comment`) VALUES (\'Contoh\', NULL, \'2023-05-23\', NULL)')
 4 SYSTEMPATH\Database\BaseBuilder.php(2309): CodeIgniter\Database\BaseConnection->query('INSERT INTO `assign` (`taskname`, `assignedto`, `date`, `comment`) VALUES (:taskname:, :assignedto:, :date:, :comment:)', [...], false)
 5 SYSTEMPATH\Model.php(330): CodeIgniter\Database\BaseBuilder->insert()
 6 SYSTEMPATH\BaseModel.php(782): CodeIgniter\Model->doInsert([...])
 7 SYSTEMPATH\Model.php(730): CodeIgniter\BaseModel->insert([...], true)
 8 APPPATH\Controllers\AssignTasks.php(64): CodeIgniter\Model->insert([...])
 9 SYSTEMPATH\CodeIgniter.php(934): App\Controllers\AssignTasks->create()
10 SYSTEMPATH\CodeIgniter.php(499): CodeIgniter\CodeIgniter->runController(Object(App\Controllers\AssignTasks))
11 SYSTEMPATH\CodeIgniter.php(368): CodeIgniter\CodeIgniter->handleRequest(null, Object(Config\Cache), false)
12 FCPATH\index.php(67): CodeIgniter\CodeIgniter->run()
13 SYSTEMPATH\Commands\Server\rewrite.php(47): require_once('D:\\XAMPP\\htdocs\\Task-Management_Prooyek\\public\\index.php')
CRITICAL - 2023-05-16 04:13:40 --> Undefined array key "assignto"
in APPPATH\Views\layouts\admin\todotask\viewemployeetasks\index.php on line 26.
 1 APPPATH\Views\layouts\admin\todotask\viewemployeetasks\index.php(26): CodeIgniter\Debug\Exceptions->errorHandler(2, 'Undefined array key "assignto"', 'D:\\XAMPP\\htdocs\\Task-Management_Prooyek\\app\\Views\\layouts\\admin\\todotask\\viewemployeetasks\\index.php', 26)
 2 SYSTEMPATH\View\View.php(213): include('D:\\XAMPP\\htdocs\\Task-Management_Prooyek\\app\\Views\\layouts\\admin\\todotask\\viewemployeetasks\\index.php')
 3 SYSTEMPATH\View\View.php(216): CodeIgniter\View\View->CodeIgniter\View\{closure}()
 4 SYSTEMPATH\Common.php(1184): CodeIgniter\View\View->render('layouts/admin/todotask/viewemployeetasks/index', [], true)
 5 APPPATH\Controllers\ViewEmployeeTasks.php(26): view('layouts/admin/todotask/viewemployeetasks/index', [...])
 6 SYSTEMPATH\CodeIgniter.php(934): App\Controllers\ViewEmployeeTasks->index()
 7 SYSTEMPATH\CodeIgniter.php(499): CodeIgniter\CodeIgniter->runController(Object(App\Controllers\ViewEmployeeTasks))
 8 SYSTEMPATH\CodeIgniter.php(368): CodeIgniter\CodeIgniter->handleRequest(null, Object(Config\Cache), false)
 9 FCPATH\index.php(67): CodeIgniter\CodeIgniter->run()
10 SYSTEMPATH\Commands\Server\rewrite.php(47): require_once('D:\\XAMPP\\htdocs\\Task-Management_Prooyek\\public\\index.php')
CRITICAL - 2023-05-16 04:16:37 --> Undefined array key "comments"
in APPPATH\Views\layouts\admin\todotask\viewemployeetasks\index.php on line 28.
 1 APPPATH\Views\layouts\admin\todotask\viewemployeetasks\index.php(28): CodeIgniter\Debug\Exceptions->errorHandler(2, 'Undefined array key "comments"', 'D:\\XAMPP\\htdocs\\Task-Management_Prooyek\\app\\Views\\layouts\\admin\\todotask\\viewemployeetasks\\index.php', 28)
 2 SYSTEMPATH\View\View.php(213): include('D:\\XAMPP\\htdocs\\Task-Management_Prooyek\\app\\Views\\layouts\\admin\\todotask\\viewemployeetasks\\index.php')
 3 SYSTEMPATH\View\View.php(216): CodeIgniter\View\View->CodeIgniter\View\{closure}()
 4 SYSTEMPATH\Common.php(1184): CodeIgniter\View\View->render('layouts/admin/todotask/viewemployeetasks/index', [], true)
 5 APPPATH\Controllers\ViewEmployeeTasks.php(26): view('layouts/admin/todotask/viewemployeetasks/index', [...])
 6 SYSTEMPATH\CodeIgniter.php(934): App\Controllers\ViewEmployeeTasks->index()
 7 SYSTEMPATH\CodeIgniter.php(499): CodeIgniter\CodeIgniter->runController(Object(App\Controllers\ViewEmployeeTasks))
 8 SYSTEMPATH\CodeIgniter.php(368): CodeIgniter\CodeIgniter->handleRequest(null, Object(Config\Cache), false)
 9 FCPATH\index.php(67): CodeIgniter\CodeIgniter->run()
10 SYSTEMPATH\Commands\Server\rewrite.php(47): require_once('D:\\XAMPP\\htdocs\\Task-Management_Prooyek\\public\\index.php')
CRITICAL - 2023-05-16 04:16:40 --> Undefined array key "comments"
in APPPATH\Views\layouts\admin\todotask\viewemployeetasks\index.php on line 28.
 1 APPPATH\Views\layouts\admin\todotask\viewemployeetasks\index.php(28): CodeIgniter\Debug\Exceptions->errorHandler(2, 'Undefined array key "comments"', 'D:\\XAMPP\\htdocs\\Task-Management_Prooyek\\app\\Views\\layouts\\admin\\todotask\\viewemployeetasks\\index.php', 28)
 2 SYSTEMPATH\View\View.php(213): include('D:\\XAMPP\\htdocs\\Task-Management_Prooyek\\app\\Views\\layouts\\admin\\todotask\\viewemployeetasks\\index.php')
 3 SYSTEMPATH\View\View.php(216): CodeIgniter\View\View->CodeIgniter\View\{closure}()
 4 SYSTEMPATH\Common.php(1184): CodeIgniter\View\View->render('layouts/admin/todotask/viewemployeetasks/index', [], true)
 5 APPPATH\Controllers\ViewEmployeeTasks.php(26): view('layouts/admin/todotask/viewemployeetasks/index', [...])
 6 SYSTEMPATH\CodeIgniter.php(934): App\Controllers\ViewEmployeeTasks->index()
 7 SYSTEMPATH\CodeIgniter.php(499): CodeIgniter\CodeIgniter->runController(Object(App\Controllers\ViewEmployeeTasks))
 8 SYSTEMPATH\CodeIgniter.php(368): CodeIgniter\CodeIgniter->handleRequest(null, Object(Config\Cache), false)
 9 FCPATH\index.php(67): CodeIgniter\CodeIgniter->run()
10 SYSTEMPATH\Commands\Server\rewrite.php(47): require_once('D:\\XAMPP\\htdocs\\Task-Management_Prooyek\\public\\index.php')
ERROR - 2023-05-16 04:20:34 --> mysqli_sql_exception: Unknown column 'assignto' in 'field list' in D:\XAMPP\htdocs\Task-Management_Prooyek\system\Database\MySQLi\Connection.php:295
Stack trace:
#0 D:\XAMPP\htdocs\Task-Management_Prooyek\system\Database\MySQLi\Connection.php(295): mysqli->query('INSERT INTO `as...', 0)
#1 D:\XAMPP\htdocs\Task-Management_Prooyek\system\Database\BaseConnection.php(692): CodeIgniter\Database\MySQLi\Connection->execute('INSERT INTO `as...')
#2 D:\XAMPP\htdocs\Task-Management_Prooyek\system\Database\BaseConnection.php(606): CodeIgniter\Database\BaseConnection->simpleQuery('INSERT INTO `as...')
#3 D:\XAMPP\htdocs\Task-Management_Prooyek\system\Database\BaseBuilder.php(2309): CodeIgniter\Database\BaseConnection->query('INSERT INTO `as...', Array, false)
#4 D:\XAMPP\htdocs\Task-Management_Prooyek\system\Model.php(330): CodeIgniter\Database\BaseBuilder->insert()
#5 D:\XAMPP\htdocs\Task-Management_Prooyek\system\BaseModel.php(782): CodeIgniter\Model->doInsert(Array)
#6 D:\XAMPP\htdocs\Task-Management_Prooyek\system\Model.php(730): CodeIgniter\BaseModel->insert(Array, true)
#7 D:\XAMPP\htdocs\Task-Management_Prooyek\app\Controllers\AssignTasks.php(64): CodeIgniter\Model->insert(Array)
#8 D:\XAMPP\htdocs\Task-Management_Prooyek\system\CodeIgniter.php(934): App\Controllers\AssignTasks->create()
#9 D:\XAMPP\htdocs\Task-Management_Prooyek\system\CodeIgniter.php(499): CodeIgniter\CodeIgniter->runController(Object(App\Controllers\AssignTasks))
#10 D:\XAMPP\htdocs\Task-Management_Prooyek\system\CodeIgniter.php(368): CodeIgniter\CodeIgniter->handleRequest(NULL, Object(Config\Cache), false)
#11 D:\XAMPP\htdocs\Task-Management_Prooyek\public\index.php(67): CodeIgniter\CodeIgniter->run()
#12 D:\XAMPP\htdocs\Task-Management_Prooyek\system\Commands\Server\rewrite.php(47): require_once('D:\\XAMPP\\htdocs...')
#13 {main}
CRITICAL - 2023-05-16 04:20:34 --> Unknown column 'assignto' in 'field list'
in SYSTEMPATH\Database\MySQLi\Connection.php on line 295.
 1 SYSTEMPATH\Database\MySQLi\Connection.php(295): mysqli->query('INSERT INTO `assign` (`taskname`, `assignto`, `date`, `comments`) VALUES (\'coba\', \'coba\', \'2023-05-24\', \'coba\')', 0)
 2 SYSTEMPATH\Database\BaseConnection.php(692): CodeIgniter\Database\MySQLi\Connection->execute('INSERT INTO `assign` (`taskname`, `assignto`, `date`, `comments`) VALUES (\'coba\', \'coba\', \'2023-05-24\', \'coba\')')
 3 SYSTEMPATH\Database\BaseConnection.php(606): CodeIgniter\Database\BaseConnection->simpleQuery('INSERT INTO `assign` (`taskname`, `assignto`, `date`, `comments`) VALUES (\'coba\', \'coba\', \'2023-05-24\', \'coba\')')
 4 SYSTEMPATH\Database\BaseBuilder.php(2309): CodeIgniter\Database\BaseConnection->query('INSERT INTO `assign` (`taskname`, `assignto`, `date`, `comments`) VALUES (:taskname:, :assignto:, :date:, :comments:)', [...], false)
 5 SYSTEMPATH\Model.php(330): CodeIgniter\Database\BaseBuilder->insert()
 6 SYSTEMPATH\BaseModel.php(782): CodeIgniter\Model->doInsert([...])
 7 SYSTEMPATH\Model.php(730): CodeIgniter\BaseModel->insert([...], true)
 8 APPPATH\Controllers\AssignTasks.php(64): CodeIgniter\Model->insert([...])
 9 SYSTEMPATH\CodeIgniter.php(934): App\Controllers\AssignTasks->create()
10 SYSTEMPATH\CodeIgniter.php(499): CodeIgniter\CodeIgniter->runController(Object(App\Controllers\AssignTasks))
11 SYSTEMPATH\CodeIgniter.php(368): CodeIgniter\CodeIgniter->handleRequest(null, Object(Config\Cache), false)
12 FCPATH\index.php(67): CodeIgniter\CodeIgniter->run()
13 SYSTEMPATH\Commands\Server\rewrite.php(47): require_once('D:\\XAMPP\\htdocs\\Task-Management_Prooyek\\public\\index.php')
ERROR - 2023-05-16 04:24:48 --> mysqli_sql_exception: Unknown column 'comments' in 'field list' in D:\XAMPP\htdocs\Task-Management_Prooyek\system\Database\MySQLi\Connection.php:295
Stack trace:
#0 D:\XAMPP\htdocs\Task-Management_Prooyek\system\Database\MySQLi\Connection.php(295): mysqli->query('INSERT INTO `as...', 0)
#1 D:\XAMPP\htdocs\Task-Management_Prooyek\system\Database\BaseConnection.php(692): CodeIgniter\Database\MySQLi\Connection->execute('INSERT INTO `as...')
#2 D:\XAMPP\htdocs\Task-Management_Prooyek\system\Database\BaseConnection.php(606): CodeIgniter\Database\BaseConnection->simpleQuery('INSERT INTO `as...')
#3 D:\XAMPP\htdocs\Task-Management_Prooyek\system\Database\BaseBuilder.php(2309): CodeIgniter\Database\BaseConnection->query('INSERT INTO `as...', Array, false)
#4 D:\XAMPP\htdocs\Task-Management_Prooyek\system\Model.php(330): CodeIgniter\Database\BaseBuilder->insert()
#5 D:\XAMPP\htdocs\Task-Management_Prooyek\system\BaseModel.php(782): CodeIgniter\Model->doInsert(Array)
#6 D:\XAMPP\htdocs\Task-Management_Prooyek\system\Model.php(730): CodeIgniter\BaseModel->insert(Array, true)
#7 D:\XAMPP\htdocs\Task-Management_Prooyek\app\Controllers\AssignTasks.php(64): CodeIgniter\Model->insert(Array)
#8 D:\XAMPP\htdocs\Task-Management_Prooyek\system\CodeIgniter.php(934): App\Controllers\AssignTasks->create()
#9 D:\XAMPP\htdocs\Task-Management_Prooyek\system\CodeIgniter.php(499): CodeIgniter\CodeIgniter->runController(Object(App\Controllers\AssignTasks))
#10 D:\XAMPP\htdocs\Task-Management_Prooyek\system\CodeIgniter.php(368): CodeIgniter\CodeIgniter->handleRequest(NULL, Object(Config\Cache), false)
#11 D:\XAMPP\htdocs\Task-Management_Prooyek\public\index.php(67): CodeIgniter\CodeIgniter->run()
#12 D:\XAMPP\htdocs\Task-Management_Prooyek\system\Commands\Server\rewrite.php(47): require_once('D:\\XAMPP\\htdocs...')
#13 {main}
CRITICAL - 2023-05-16 04:24:48 --> Unknown column 'comments' in 'field list'
in SYSTEMPATH\Database\MySQLi\Connection.php on line 295.
 1 SYSTEMPATH\Database\MySQLi\Connection.php(295): mysqli->query('INSERT INTO `assign` (`taskname`, `assignedto`, `date`, `comments`) VALUES (\'coba\', NULL, \'2023-05-17\', \'coba\')', 0)
 2 SYSTEMPATH\Database\BaseConnection.php(692): CodeIgniter\Database\MySQLi\Connection->execute('INSERT INTO `assign` (`taskname`, `assignedto`, `date`, `comments`) VALUES (\'coba\', NULL, \'2023-05-17\', \'coba\')')
 3 SYSTEMPATH\Database\BaseConnection.php(606): CodeIgniter\Database\BaseConnection->simpleQuery('INSERT INTO `assign` (`taskname`, `assignedto`, `date`, `comments`) VALUES (\'coba\', NULL, \'2023-05-17\', \'coba\')')
 4 SYSTEMPATH\Database\BaseBuilder.php(2309): CodeIgniter\Database\BaseConnection->query('INSERT INTO `assign` (`taskname`, `assignedto`, `date`, `comments`) VALUES (:taskname:, :assignedto:, :date:, :comments:)', [...], false)
 5 SYSTEMPATH\Model.php(330): CodeIgniter\Database\BaseBuilder->insert()
 6 SYSTEMPATH\BaseModel.php(782): CodeIgniter\Model->doInsert([...])
 7 SYSTEMPATH\Model.php(730): CodeIgniter\BaseModel->insert([...], true)
 8 APPPATH\Controllers\AssignTasks.php(64): CodeIgniter\Model->insert([...])
 9 SYSTEMPATH\CodeIgniter.php(934): App\Controllers\AssignTasks->create()
10 SYSTEMPATH\CodeIgniter.php(499): CodeIgniter\CodeIgniter->runController(Object(App\Controllers\AssignTasks))
11 SYSTEMPATH\CodeIgniter.php(368): CodeIgniter\CodeIgniter->handleRequest(null, Object(Config\Cache), false)
12 FCPATH\index.php(67): CodeIgniter\CodeIgniter->run()
13 SYSTEMPATH\Commands\Server\rewrite.php(47): require_once('D:\\XAMPP\\htdocs\\Task-Management_Prooyek\\public\\index.php')
CRITICAL - 2023-05-16 04:30:24 --> Undefined variable $users
in APPPATH\Views\layouts\users\View\index.php on line 24.
 1 APPPATH\Views\layouts\users\View\index.php(24): CodeIgniter\Debug\Exceptions->errorHandler(2, 'Undefined variable $users', 'D:\\XAMPP\\htdocs\\Task-Management_Prooyek\\app\\Views\\layouts\\users\\View\\index.php', 24)
 2 SYSTEMPATH\View\View.php(213): include('D:\\XAMPP\\htdocs\\Task-Management_Prooyek\\app\\Views\\layouts\\users\\View\\index.php')
 3 SYSTEMPATH\View\View.php(216): CodeIgniter\View\View->CodeIgniter\View\{closure}()
 4 SYSTEMPATH\Common.php(1184): CodeIgniter\View\View->render('layouts/users/view/index', [], true)
 5 APPPATH\Controllers\View.php(16): view('layouts/users/view/index')
 6 SYSTEMPATH\CodeIgniter.php(934): App\Controllers\View->index()
 7 SYSTEMPATH\CodeIgniter.php(499): CodeIgniter\CodeIgniter->runController(Object(App\Controllers\View))
 8 SYSTEMPATH\CodeIgniter.php(368): CodeIgniter\CodeIgniter->handleRequest(null, Object(Config\Cache), false)
 9 FCPATH\index.php(67): CodeIgniter\CodeIgniter->run()
10 SYSTEMPATH\Commands\Server\rewrite.php(47): require_once('D:\\XAMPP\\htdocs\\Task-Management_Prooyek\\public\\index.php')
CRITICAL - 2023-05-16 04:31:08 --> Undefined variable $data
in APPPATH\Views\layouts\users\View\index.php on line 24.
 1 APPPATH\Views\layouts\users\View\index.php(24): CodeIgniter\Debug\Exceptions->errorHandler(2, 'Undefined variable $data', 'D:\\XAMPP\\htdocs\\Task-Management_Prooyek\\app\\Views\\layouts\\users\\View\\index.php', 24)
 2 SYSTEMPATH\View\View.php(213): include('D:\\XAMPP\\htdocs\\Task-Management_Prooyek\\app\\Views\\layouts\\users\\View\\index.php')
 3 SYSTEMPATH\View\View.php(216): CodeIgniter\View\View->CodeIgniter\View\{closure}()
 4 SYSTEMPATH\Common.php(1184): CodeIgniter\View\View->render('layouts/users/view/index', [], true)
 5 APPPATH\Controllers\View.php(16): view('layouts/users/view/index')
 6 SYSTEMPATH\CodeIgniter.php(934): App\Controllers\View->index()
 7 SYSTEMPATH\CodeIgniter.php(499): CodeIgniter\CodeIgniter->runController(Object(App\Controllers\View))
 8 SYSTEMPATH\CodeIgniter.php(368): CodeIgniter\CodeIgniter->handleRequest(null, Object(Config\Cache), false)
 9 FCPATH\index.php(67): CodeIgniter\CodeIgniter->run()
10 SYSTEMPATH\Commands\Server\rewrite.php(47): require_once('D:\\XAMPP\\htdocs\\Task-Management_Prooyek\\public\\index.php')
