CRITICAL - 2023-05-10 15:52:52 --> CodeIgniter\Router\RouteCollection::get(): Argument #3 ($options) must be of type ?array, string given, called in D:\XAMPP\htdocs\PROYEK_Task Management\app\Config\Routes.php on line 35
in SYSTEMPATH\Router\RouteCollection.php on line 915.
 1 APPPATH\Config\Routes.php(35): CodeIgniter\Router\RouteCollection->get('/addemployee', 'AddEmployee::index', '[as => addemployee')
 2 SYSTEMPATH\Router\RouteCollection.php(267): require('D:\\XAMPP\\htdocs\\PROYEK_Task Management\\app\\Config\\Routes.php')
 3 SYSTEMPATH\CodeIgniter.php(802): CodeIgniter\Router\RouteCollection->loadRoutes()
 4 SYSTEMPATH\CodeIgniter.php(449): CodeIgniter\CodeIgniter->tryToRouteIt(null)
 5 SYSTEMPATH\CodeIgniter.php(368): CodeIgniter\CodeIgniter->handleRequest(null, Object(Config\Cache), false)
 6 FCPATH\index.php(67): CodeIgniter\CodeIgniter->run()
 7 SYSTEMPATH\Commands\Server\rewrite.php(47): require_once('D:\\XAMPP\\htdocs\\PROYEK_Task Management\\public\\index.php')
CRITICAL - 2023-05-10 15:52:55 --> CodeIgniter\Router\RouteCollection::get(): Argument #3 ($options) must be of type ?array, string given, called in D:\XAMPP\htdocs\PROYEK_Task Management\app\Config\Routes.php on line 35
in SYSTEMPATH\Router\RouteCollection.php on line 915.
 1 APPPATH\Config\Routes.php(35): CodeIgniter\Router\RouteCollection->get('/addemployee', 'AddEmployee::index', '[as => addemployee')
 2 SYSTEMPATH\Router\RouteCollection.php(267): require('D:\\XAMPP\\htdocs\\PROYEK_Task Management\\app\\Config\\Routes.php')
 3 SYSTEMPATH\CodeIgniter.php(802): CodeIgniter\Router\RouteCollection->loadRoutes()
 4 SYSTEMPATH\CodeIgniter.php(449): CodeIgniter\CodeIgniter->tryToRouteIt(null)
 5 SYSTEMPATH\CodeIgniter.php(368): CodeIgniter\CodeIgniter->handleRequest(null, Object(Config\Cache), false)
 6 FCPATH\index.php(67): CodeIgniter\CodeIgniter->run()
 7 SYSTEMPATH\Commands\Server\rewrite.php(47): require_once('D:\\XAMPP\\htdocs\\PROYEK_Task Management\\public\\index.php')
CRITICAL - 2023-05-10 15:53:36 --> CodeIgniter\Router\RouteCollection::get(): Argument #3 ($options) must be of type ?array, string given, called in D:\XAMPP\htdocs\PROYEK_Task Management\app\Config\Routes.php on line 34
in SYSTEMPATH\Router\RouteCollection.php on line 915.
 1 APPPATH\Config\Routes.php(34): CodeIgniter\Router\RouteCollection->get('/addemployee', 'AddEmployee::index', '[as => addemployee')
 2 SYSTEMPATH\Router\RouteCollection.php(267): require('D:\\XAMPP\\htdocs\\PROYEK_Task Management\\app\\Config\\Routes.php')
 3 SYSTEMPATH\CodeIgniter.php(802): CodeIgniter\Router\RouteCollection->loadRoutes()
 4 SYSTEMPATH\CodeIgniter.php(449): CodeIgniter\CodeIgniter->tryToRouteIt(null)
 5 SYSTEMPATH\CodeIgniter.php(368): CodeIgniter\CodeIgniter->handleRequest(null, Object(Config\Cache), false)
 6 FCPATH\index.php(67): CodeIgniter\CodeIgniter->run()
 7 SYSTEMPATH\Commands\Server\rewrite.php(47): require_once('D:\\XAMPP\\htdocs\\PROYEK_Task Management\\public\\index.php')
CRITICAL - 2023-05-10 16:09:44 --> Invalid file: "layouts/admin/dashboard/table/index.php"
in SYSTEMPATH\Exceptions\FrameworkException.php on line 33.
 1 SYSTEMPATH\View\View.php(201): CodeIgniter\Exceptions\FrameworkException::forInvalidFile('layouts/admin/dashboard/table/index.php')
 2 SYSTEMPATH\Common.php(1184): CodeIgniter\View\View->render('layouts/admin/dashboard/table/index', [], true)
 3 APPPATH\Controllers\Product.php(42): view('layouts/admin/dashboard/table/index', [...])
 4 SYSTEMPATH\CodeIgniter.php(934): App\Controllers\Product->index()
 5 SYSTEMPATH\CodeIgniter.php(499): CodeIgniter\CodeIgniter->runController(Object(App\Controllers\Product))
 6 SYSTEMPATH\CodeIgniter.php(368): CodeIgniter\CodeIgniter->handleRequest(null, Object(Config\Cache), false)
 7 FCPATH\index.php(67): CodeIgniter\CodeIgniter->run()
 8 SYSTEMPATH\Commands\Server\rewrite.php(47): require_once('D:\\XAMPP\\htdocs\\PROYEK_Task Management\\public\\index.php')
CRITICAL - 2023-05-10 16:26:49 --> Invalid file: "layouts/admin/product/head.php"
in SYSTEMPATH\Exceptions\FrameworkException.php on line 33.
 1 SYSTEMPATH\View\View.php(201): CodeIgniter\Exceptions\FrameworkException::forInvalidFile('layouts/admin/product/head.php')
 2 SYSTEMPATH\View\View.php(431): CodeIgniter\View\View->render('layouts/admin/product/head', null, true)
 3 APPPATH\Views\base.php(3): CodeIgniter\View\View->include('layouts/admin/product/head')
 4 SYSTEMPATH\View\View.php(213): include('D:\\XAMPP\\htdocs\\PROYEK_Task Management\\app\\Views\\base.php')
 5 SYSTEMPATH\View\View.php(216): CodeIgniter\View\View->CodeIgniter\View\{closure}()
 6 SYSTEMPATH\View\View.php(229): CodeIgniter\View\View->render('base', [], true)
 7 SYSTEMPATH\Common.php(1184): CodeIgniter\View\View->render('product/new', [], true)
 8 APPPATH\Controllers\Product.php(62): view('product/new')
 9 SYSTEMPATH\CodeIgniter.php(934): App\Controllers\Product->new()
10 SYSTEMPATH\CodeIgniter.php(499): CodeIgniter\CodeIgniter->runController(Object(App\Controllers\Product))
11 SYSTEMPATH\CodeIgniter.php(368): CodeIgniter\CodeIgniter->handleRequest(null, Object(Config\Cache), false)
12 FCPATH\index.php(67): CodeIgniter\CodeIgniter->run()
13 SYSTEMPATH\Commands\Server\rewrite.php(47): require_once('D:\\XAMPP\\htdocs\\PROYEK_Task Management\\public\\index.php')
CRITICAL - 2023-05-10 16:27:16 --> Invalid file: "layouts/admin/product/head.php"
in SYSTEMPATH\Exceptions\FrameworkException.php on line 33.
 1 SYSTEMPATH\View\View.php(201): CodeIgniter\Exceptions\FrameworkException::forInvalidFile('layouts/admin/product/head.php')
 2 SYSTEMPATH\View\View.php(431): CodeIgniter\View\View->render('layouts/admin/product/head', null, true)
 3 APPPATH\Views\base.php(3): CodeIgniter\View\View->include('layouts/admin/product/head')
 4 SYSTEMPATH\View\View.php(213): include('D:\\XAMPP\\htdocs\\PROYEK_Task Management\\app\\Views\\base.php')
 5 SYSTEMPATH\View\View.php(216): CodeIgniter\View\View->CodeIgniter\View\{closure}()
 6 SYSTEMPATH\View\View.php(229): CodeIgniter\View\View->render('base', [], true)
 7 SYSTEMPATH\Common.php(1184): CodeIgniter\View\View->render('product/new', [], true)
 8 APPPATH\Controllers\Product.php(62): view('product/new')
 9 SYSTEMPATH\CodeIgniter.php(934): App\Controllers\Product->new()
10 SYSTEMPATH\CodeIgniter.php(499): CodeIgniter\CodeIgniter->runController(Object(App\Controllers\Product))
11 SYSTEMPATH\CodeIgniter.php(368): CodeIgniter\CodeIgniter->handleRequest(null, Object(Config\Cache), false)
12 FCPATH\index.php(67): CodeIgniter\CodeIgniter->run()
13 SYSTEMPATH\Commands\Server\rewrite.php(47): require_once('D:\\XAMPP\\htdocs\\PROYEK_Task Management\\public\\index.php')
CRITICAL - 2023-05-10 16:28:58 --> Invalid file: "layouts/admin/dashboard/header.php"
in SYSTEMPATH\Exceptions\FrameworkException.php on line 33.
 1 SYSTEMPATH\View\View.php(201): CodeIgniter\Exceptions\FrameworkException::forInvalidFile('layouts/admin/dashboard/header.php')
 2 SYSTEMPATH\View\View.php(431): CodeIgniter\View\View->render('layouts/admin/dashboard/header', null, true)
 3 APPPATH\Views\base.php(9): CodeIgniter\View\View->include('layouts/admin/dashboard/header')
 4 SYSTEMPATH\View\View.php(213): include('D:\\XAMPP\\htdocs\\PROYEK_Task Management\\app\\Views\\base.php')
 5 SYSTEMPATH\View\View.php(216): CodeIgniter\View\View->CodeIgniter\View\{closure}()
 6 SYSTEMPATH\View\View.php(229): CodeIgniter\View\View->render('base', [], true)
 7 SYSTEMPATH\Common.php(1184): CodeIgniter\View\View->render('product/new', [], true)
 8 APPPATH\Controllers\Product.php(62): view('product/new')
 9 SYSTEMPATH\CodeIgniter.php(934): App\Controllers\Product->new()
10 SYSTEMPATH\CodeIgniter.php(499): CodeIgniter\CodeIgniter->runController(Object(App\Controllers\Product))
11 SYSTEMPATH\CodeIgniter.php(368): CodeIgniter\CodeIgniter->handleRequest(null, Object(Config\Cache), false)
12 FCPATH\index.php(67): CodeIgniter\CodeIgniter->run()
13 SYSTEMPATH\Commands\Server\rewrite.php(47): require_once('D:\\XAMPP\\htdocs\\PROYEK_Task Management\\public\\index.php')
CRITICAL - 2023-05-10 16:29:02 --> Invalid file: "layouts/admin/dashboard/header.php"
in SYSTEMPATH\Exceptions\FrameworkException.php on line 33.
 1 SYSTEMPATH\View\View.php(201): CodeIgniter\Exceptions\FrameworkException::forInvalidFile('layouts/admin/dashboard/header.php')
 2 SYSTEMPATH\View\View.php(431): CodeIgniter\View\View->render('layouts/admin/dashboard/header', null, true)
 3 APPPATH\Views\base.php(9): CodeIgniter\View\View->include('layouts/admin/dashboard/header')
 4 SYSTEMPATH\View\View.php(213): include('D:\\XAMPP\\htdocs\\PROYEK_Task Management\\app\\Views\\base.php')
 5 SYSTEMPATH\View\View.php(216): CodeIgniter\View\View->CodeIgniter\View\{closure}()
 6 SYSTEMPATH\View\View.php(229): CodeIgniter\View\View->render('base', [], true)
 7 SYSTEMPATH\Common.php(1184): CodeIgniter\View\View->render('product/new', [], true)
 8 APPPATH\Controllers\Product.php(62): view('product/new')
 9 SYSTEMPATH\CodeIgniter.php(934): App\Controllers\Product->new()
10 SYSTEMPATH\CodeIgniter.php(499): CodeIgniter\CodeIgniter->runController(Object(App\Controllers\Product))
11 SYSTEMPATH\CodeIgniter.php(368): CodeIgniter\CodeIgniter->handleRequest(null, Object(Config\Cache), false)
12 FCPATH\index.php(67): CodeIgniter\CodeIgniter->run()
13 SYSTEMPATH\Commands\Server\rewrite.php(47): require_once('D:\\XAMPP\\htdocs\\PROYEK_Task Management\\public\\index.php')
