ERROR - 2023-05-15 06:22:30 --> Error connecting to the database: mysqli_sql_exception: Unknown database 'task_management' in D:\XAMPP\htdocs\Task-Management_Prooyek\system\Database\MySQLi\Connection.php:173
Stack trace:
#0 D:\XAMPP\htdocs\Task-Management_Prooyek\system\Database\MySQLi\Connection.php(173): mysqli->real_connect('localhost', 'root', Object(SensitiveParameterValue), 'task_management', 3306, '', 0)
#1 D:\XAMPP\htdocs\Task-Management_Prooyek\system\Database\BaseConnection.php(391): CodeIgniter\Database\MySQLi\Connection->connect(false)
#2 D:\XAMPP\htdocs\Task-Management_Prooyek\system\Database\BaseConnection.php(574): CodeIgniter\Database\BaseConnection->initialize()
#3 D:\XAMPP\htdocs\Task-Management_Prooyek\system\Database\BaseBuilder.php(1616): CodeIgniter\Database\BaseConnection->query('SELECT *\nFROM `...', Array, false)
#4 D:\XAMPP\htdocs\Task-Management_Prooyek\system\Model.php(241): CodeIgniter\Database\BaseBuilder->get()
#5 D:\XAMPP\htdocs\Task-Management_Prooyek\system\BaseModel.php(618): CodeIgniter\Model->doFindAll(0, 0)
#6 D:\XAMPP\htdocs\Task-Management_Prooyek\app\Controllers\ViewMyTodo.php(21): CodeIgniter\BaseModel->findAll()
#7 D:\XAMPP\htdocs\Task-Management_Prooyek\system\CodeIgniter.php(934): App\Controllers\ViewMyTodo->index()
#8 D:\XAMPP\htdocs\Task-Management_Prooyek\system\CodeIgniter.php(499): CodeIgniter\CodeIgniter->runController(Object(App\Controllers\ViewMyTodo))
#9 D:\XAMPP\htdocs\Task-Management_Prooyek\system\CodeIgniter.php(368): CodeIgniter\CodeIgniter->handleRequest(NULL, Object(Config\Cache), false)
#10 D:\XAMPP\htdocs\Task-Management_Prooyek\public\index.php(67): CodeIgniter\CodeIgniter->run()
#11 D:\XAMPP\htdocs\Task-Management_Prooyek\system\Commands\Server\rewrite.php(47): require_once('D:\\XAMPP\\htdocs...')
#12 {main}

Next CodeIgniter\Database\Exceptions\DatabaseException: Unknown database 'task_management' in D:\XAMPP\htdocs\Task-Management_Prooyek\system\Database\MySQLi\Connection.php:218
Stack trace:
#0 D:\XAMPP\htdocs\Task-Management_Prooyek\system\Database\BaseConnection.php(391): CodeIgniter\Database\MySQLi\Connection->connect(false)
#1 D:\XAMPP\htdocs\Task-Management_Prooyek\system\Database\BaseConnection.php(574): CodeIgniter\Database\BaseConnection->initialize()
#2 D:\XAMPP\htdocs\Task-Management_Prooyek\system\Database\BaseBuilder.php(1616): CodeIgniter\Database\BaseConnection->query('SELECT *\nFROM `...', Array, false)
#3 D:\XAMPP\htdocs\Task-Management_Prooyek\system\Model.php(241): CodeIgniter\Database\BaseBuilder->get()
#4 D:\XAMPP\htdocs\Task-Management_Prooyek\system\BaseModel.php(618): CodeIgniter\Model->doFindAll(0, 0)
#5 D:\XAMPP\htdocs\Task-Management_Prooyek\app\Controllers\ViewMyTodo.php(21): CodeIgniter\BaseModel->findAll()
#6 D:\XAMPP\htdocs\Task-Management_Prooyek\system\CodeIgniter.php(934): App\Controllers\ViewMyTodo->index()
#7 D:\XAMPP\htdocs\Task-Management_Prooyek\system\CodeIgniter.php(499): CodeIgniter\CodeIgniter->runController(Object(App\Controllers\ViewMyTodo))
#8 D:\XAMPP\htdocs\Task-Management_Prooyek\system\CodeIgniter.php(368): CodeIgniter\CodeIgniter->handleRequest(NULL, Object(Config\Cache), false)
#9 D:\XAMPP\htdocs\Task-Management_Prooyek\public\index.php(67): CodeIgniter\CodeIgniter->run()
#10 D:\XAMPP\htdocs\Task-Management_Prooyek\system\Commands\Server\rewrite.php(47): require_once('D:\\XAMPP\\htdocs...')
#11 {main}
CRITICAL - 2023-05-15 06:22:30 --> Unable to connect to the database.
Main connection [MySQLi]: Unknown database 'task_management'
in SYSTEMPATH\Database\BaseConnection.php on line 427.
 1 SYSTEMPATH\Database\BaseConnection.php(574): CodeIgniter\Database\BaseConnection->initialize()
 2 SYSTEMPATH\Database\BaseBuilder.php(1616): CodeIgniter\Database\BaseConnection->query('SELECT *
FROM `todo`', [], false)
 3 SYSTEMPATH\Model.php(241): CodeIgniter\Database\BaseBuilder->get()
 4 SYSTEMPATH\BaseModel.php(618): CodeIgniter\Model->doFindAll(0, 0)
 5 APPPATH\Controllers\ViewMyTodo.php(21): CodeIgniter\BaseModel->findAll()
 6 SYSTEMPATH\CodeIgniter.php(934): App\Controllers\ViewMyTodo->index()
 7 SYSTEMPATH\CodeIgniter.php(499): CodeIgniter\CodeIgniter->runController(Object(App\Controllers\ViewMyTodo))
 8 SYSTEMPATH\CodeIgniter.php(368): CodeIgniter\CodeIgniter->handleRequest(null, Object(Config\Cache), false)
 9 FCPATH\index.php(67): CodeIgniter\CodeIgniter->run()
10 SYSTEMPATH\Commands\Server\rewrite.php(47): require_once('D:\\XAMPP\\htdocs\\Task-Management_Prooyek\\public\\index.php')
ERROR - 2023-05-15 06:22:51 --> Error connecting to the database: mysqli_sql_exception: Unknown database 'task_management' in D:\XAMPP\htdocs\Task-Management_Prooyek\system\Database\MySQLi\Connection.php:173
Stack trace:
#0 D:\XAMPP\htdocs\Task-Management_Prooyek\system\Database\MySQLi\Connection.php(173): mysqli->real_connect('localhost', 'root', Object(SensitiveParameterValue), 'task_management', 3306, '', 0)
#1 D:\XAMPP\htdocs\Task-Management_Prooyek\system\Database\BaseConnection.php(391): CodeIgniter\Database\MySQLi\Connection->connect(false)
#2 D:\XAMPP\htdocs\Task-Management_Prooyek\system\Database\BaseConnection.php(574): CodeIgniter\Database\BaseConnection->initialize()
#3 D:\XAMPP\htdocs\Task-Management_Prooyek\system\Database\BaseBuilder.php(1616): CodeIgniter\Database\BaseConnection->query('SELECT *\nFROM `...', Array, false)
#4 D:\XAMPP\htdocs\Task-Management_Prooyek\system\Model.php(241): CodeIgniter\Database\BaseBuilder->get()
#5 D:\XAMPP\htdocs\Task-Management_Prooyek\system\BaseModel.php(618): CodeIgniter\Model->doFindAll(0, 0)
#6 D:\XAMPP\htdocs\Task-Management_Prooyek\app\Controllers\Product.php(22): CodeIgniter\BaseModel->findAll()
#7 D:\XAMPP\htdocs\Task-Management_Prooyek\system\CodeIgniter.php(934): App\Controllers\Product->index()
#8 D:\XAMPP\htdocs\Task-Management_Prooyek\system\CodeIgniter.php(499): CodeIgniter\CodeIgniter->runController(Object(App\Controllers\Product))
#9 D:\XAMPP\htdocs\Task-Management_Prooyek\system\CodeIgniter.php(368): CodeIgniter\CodeIgniter->handleRequest(NULL, Object(Config\Cache), false)
#10 D:\XAMPP\htdocs\Task-Management_Prooyek\public\index.php(67): CodeIgniter\CodeIgniter->run()
#11 D:\XAMPP\htdocs\Task-Management_Prooyek\system\Commands\Server\rewrite.php(47): require_once('D:\\XAMPP\\htdocs...')
#12 {main}

Next CodeIgniter\Database\Exceptions\DatabaseException: Unknown database 'task_management' in D:\XAMPP\htdocs\Task-Management_Prooyek\system\Database\MySQLi\Connection.php:218
Stack trace:
#0 D:\XAMPP\htdocs\Task-Management_Prooyek\system\Database\BaseConnection.php(391): CodeIgniter\Database\MySQLi\Connection->connect(false)
#1 D:\XAMPP\htdocs\Task-Management_Prooyek\system\Database\BaseConnection.php(574): CodeIgniter\Database\BaseConnection->initialize()
#2 D:\XAMPP\htdocs\Task-Management_Prooyek\system\Database\BaseBuilder.php(1616): CodeIgniter\Database\BaseConnection->query('SELECT *\nFROM `...', Array, false)
#3 D:\XAMPP\htdocs\Task-Management_Prooyek\system\Model.php(241): CodeIgniter\Database\BaseBuilder->get()
#4 D:\XAMPP\htdocs\Task-Management_Prooyek\system\BaseModel.php(618): CodeIgniter\Model->doFindAll(0, 0)
#5 D:\XAMPP\htdocs\Task-Management_Prooyek\app\Controllers\Product.php(22): CodeIgniter\BaseModel->findAll()
#6 D:\XAMPP\htdocs\Task-Management_Prooyek\system\CodeIgniter.php(934): App\Controllers\Product->index()
#7 D:\XAMPP\htdocs\Task-Management_Prooyek\system\CodeIgniter.php(499): CodeIgniter\CodeIgniter->runController(Object(App\Controllers\Product))
#8 D:\XAMPP\htdocs\Task-Management_Prooyek\system\CodeIgniter.php(368): CodeIgniter\CodeIgniter->handleRequest(NULL, Object(Config\Cache), false)
#9 D:\XAMPP\htdocs\Task-Management_Prooyek\public\index.php(67): CodeIgniter\CodeIgniter->run()
#10 D:\XAMPP\htdocs\Task-Management_Prooyek\system\Commands\Server\rewrite.php(47): require_once('D:\\XAMPP\\htdocs...')
#11 {main}
CRITICAL - 2023-05-15 06:22:51 --> Unable to connect to the database.
Main connection [MySQLi]: Unknown database 'task_management'
in SYSTEMPATH\Database\BaseConnection.php on line 427.
 1 SYSTEMPATH\Database\BaseConnection.php(574): CodeIgniter\Database\BaseConnection->initialize()
 2 SYSTEMPATH\Database\BaseBuilder.php(1616): CodeIgniter\Database\BaseConnection->query('SELECT *
FROM `employee`', [], false)
 3 SYSTEMPATH\Model.php(241): CodeIgniter\Database\BaseBuilder->get()
 4 SYSTEMPATH\BaseModel.php(618): CodeIgniter\Model->doFindAll(0, 0)
 5 APPPATH\Controllers\Product.php(22): CodeIgniter\BaseModel->findAll()
 6 SYSTEMPATH\CodeIgniter.php(934): App\Controllers\Product->index()
 7 SYSTEMPATH\CodeIgniter.php(499): CodeIgniter\CodeIgniter->runController(Object(App\Controllers\Product))
 8 SYSTEMPATH\CodeIgniter.php(368): CodeIgniter\CodeIgniter->handleRequest(null, Object(Config\Cache), false)
 9 FCPATH\index.php(67): CodeIgniter\CodeIgniter->run()
10 SYSTEMPATH\Commands\Server\rewrite.php(47): require_once('D:\\XAMPP\\htdocs\\Task-Management_Prooyek\\public\\index.php')
ERROR - 2023-05-15 06:23:30 --> Error connecting to the database: mysqli_sql_exception: Unknown database 'task_management' in D:\XAMPP\htdocs\Task-Management_Prooyek\system\Database\MySQLi\Connection.php:173
Stack trace:
#0 D:\XAMPP\htdocs\Task-Management_Prooyek\system\Database\MySQLi\Connection.php(173): mysqli->real_connect('localhost', 'root', Object(SensitiveParameterValue), 'task_management', 3306, '', 0)
#1 D:\XAMPP\htdocs\Task-Management_Prooyek\system\Database\BaseConnection.php(391): CodeIgniter\Database\MySQLi\Connection->connect(false)
#2 D:\XAMPP\htdocs\Task-Management_Prooyek\system\Database\BaseConnection.php(574): CodeIgniter\Database\BaseConnection->initialize()
#3 D:\XAMPP\htdocs\Task-Management_Prooyek\system\Database\BaseBuilder.php(1616): CodeIgniter\Database\BaseConnection->query('SELECT *\nFROM `...', Array, false)
#4 D:\XAMPP\htdocs\Task-Management_Prooyek\system\Model.php(241): CodeIgniter\Database\BaseBuilder->get()
#5 D:\XAMPP\htdocs\Task-Management_Prooyek\system\BaseModel.php(618): CodeIgniter\Model->doFindAll(0, 0)
#6 D:\XAMPP\htdocs\Task-Management_Prooyek\app\Controllers\Product.php(22): CodeIgniter\BaseModel->findAll()
#7 D:\XAMPP\htdocs\Task-Management_Prooyek\system\CodeIgniter.php(934): App\Controllers\Product->index()
#8 D:\XAMPP\htdocs\Task-Management_Prooyek\system\CodeIgniter.php(499): CodeIgniter\CodeIgniter->runController(Object(App\Controllers\Product))
#9 D:\XAMPP\htdocs\Task-Management_Prooyek\system\CodeIgniter.php(368): CodeIgniter\CodeIgniter->handleRequest(NULL, Object(Config\Cache), false)
#10 D:\XAMPP\htdocs\Task-Management_Prooyek\public\index.php(67): CodeIgniter\CodeIgniter->run()
#11 D:\XAMPP\htdocs\Task-Management_Prooyek\system\Commands\Server\rewrite.php(47): require_once('D:\\XAMPP\\htdocs...')
#12 {main}

Next CodeIgniter\Database\Exceptions\DatabaseException: Unknown database 'task_management' in D:\XAMPP\htdocs\Task-Management_Prooyek\system\Database\MySQLi\Connection.php:218
Stack trace:
#0 D:\XAMPP\htdocs\Task-Management_Prooyek\system\Database\BaseConnection.php(391): CodeIgniter\Database\MySQLi\Connection->connect(false)
#1 D:\XAMPP\htdocs\Task-Management_Prooyek\system\Database\BaseConnection.php(574): CodeIgniter\Database\BaseConnection->initialize()
#2 D:\XAMPP\htdocs\Task-Management_Prooyek\system\Database\BaseBuilder.php(1616): CodeIgniter\Database\BaseConnection->query('SELECT *\nFROM `...', Array, false)
#3 D:\XAMPP\htdocs\Task-Management_Prooyek\system\Model.php(241): CodeIgniter\Database\BaseBuilder->get()
#4 D:\XAMPP\htdocs\Task-Management_Prooyek\system\BaseModel.php(618): CodeIgniter\Model->doFindAll(0, 0)
#5 D:\XAMPP\htdocs\Task-Management_Prooyek\app\Controllers\Product.php(22): CodeIgniter\BaseModel->findAll()
#6 D:\XAMPP\htdocs\Task-Management_Prooyek\system\CodeIgniter.php(934): App\Controllers\Product->index()
#7 D:\XAMPP\htdocs\Task-Management_Prooyek\system\CodeIgniter.php(499): CodeIgniter\CodeIgniter->runController(Object(App\Controllers\Product))
#8 D:\XAMPP\htdocs\Task-Management_Prooyek\system\CodeIgniter.php(368): CodeIgniter\CodeIgniter->handleRequest(NULL, Object(Config\Cache), false)
#9 D:\XAMPP\htdocs\Task-Management_Prooyek\public\index.php(67): CodeIgniter\CodeIgniter->run()
#10 D:\XAMPP\htdocs\Task-Management_Prooyek\system\Commands\Server\rewrite.php(47): require_once('D:\\XAMPP\\htdocs...')
#11 {main}
CRITICAL - 2023-05-15 06:23:30 --> Unable to connect to the database.
Main connection [MySQLi]: Unknown database 'task_management'
in SYSTEMPATH\Database\BaseConnection.php on line 427.
 1 SYSTEMPATH\Database\BaseConnection.php(574): CodeIgniter\Database\BaseConnection->initialize()
 2 SYSTEMPATH\Database\BaseBuilder.php(1616): CodeIgniter\Database\BaseConnection->query('SELECT *
FROM `employee`', [], false)
 3 SYSTEMPATH\Model.php(241): CodeIgniter\Database\BaseBuilder->get()
 4 SYSTEMPATH\BaseModel.php(618): CodeIgniter\Model->doFindAll(0, 0)
 5 APPPATH\Controllers\Product.php(22): CodeIgniter\BaseModel->findAll()
 6 SYSTEMPATH\CodeIgniter.php(934): App\Controllers\Product->index()
 7 SYSTEMPATH\CodeIgniter.php(499): CodeIgniter\CodeIgniter->runController(Object(App\Controllers\Product))
 8 SYSTEMPATH\CodeIgniter.php(368): CodeIgniter\CodeIgniter->handleRequest(null, Object(Config\Cache), false)
 9 FCPATH\index.php(67): CodeIgniter\CodeIgniter->run()
10 SYSTEMPATH\Commands\Server\rewrite.php(47): require_once('D:\\XAMPP\\htdocs\\Task-Management_Prooyek\\public\\index.php')
ERROR - 2023-05-15 06:25:23 --> Error connecting to the database: mysqli_sql_exception: Unknown database 'task_management' in D:\XAMPP\htdocs\Task-Management_Prooyek\system\Database\MySQLi\Connection.php:173
Stack trace:
#0 D:\XAMPP\htdocs\Task-Management_Prooyek\system\Database\MySQLi\Connection.php(173): mysqli->real_connect('localhost', 'root', Object(SensitiveParameterValue), 'task_management', 3306, '', 0)
#1 D:\XAMPP\htdocs\Task-Management_Prooyek\system\Database\BaseConnection.php(391): CodeIgniter\Database\MySQLi\Connection->connect(false)
#2 D:\XAMPP\htdocs\Task-Management_Prooyek\system\Database\BaseConnection.php(574): CodeIgniter\Database\BaseConnection->initialize()
#3 D:\XAMPP\htdocs\Task-Management_Prooyek\system\Database\BaseBuilder.php(1616): CodeIgniter\Database\BaseConnection->query('SELECT *\nFROM `...', Array, false)
#4 D:\XAMPP\htdocs\Task-Management_Prooyek\system\Model.php(241): CodeIgniter\Database\BaseBuilder->get()
#5 D:\XAMPP\htdocs\Task-Management_Prooyek\system\BaseModel.php(618): CodeIgniter\Model->doFindAll(0, 0)
#6 D:\XAMPP\htdocs\Task-Management_Prooyek\app\Controllers\Product.php(22): CodeIgniter\BaseModel->findAll()
#7 D:\XAMPP\htdocs\Task-Management_Prooyek\system\CodeIgniter.php(934): App\Controllers\Product->index()
#8 D:\XAMPP\htdocs\Task-Management_Prooyek\system\CodeIgniter.php(499): CodeIgniter\CodeIgniter->runController(Object(App\Controllers\Product))
#9 D:\XAMPP\htdocs\Task-Management_Prooyek\system\CodeIgniter.php(368): CodeIgniter\CodeIgniter->handleRequest(NULL, Object(Config\Cache), false)
#10 D:\XAMPP\htdocs\Task-Management_Prooyek\public\index.php(67): CodeIgniter\CodeIgniter->run()
#11 D:\XAMPP\htdocs\Task-Management_Prooyek\system\Commands\Server\rewrite.php(47): require_once('D:\\XAMPP\\htdocs...')
#12 {main}

Next CodeIgniter\Database\Exceptions\DatabaseException: Unknown database 'task_management' in D:\XAMPP\htdocs\Task-Management_Prooyek\system\Database\MySQLi\Connection.php:218
Stack trace:
#0 D:\XAMPP\htdocs\Task-Management_Prooyek\system\Database\BaseConnection.php(391): CodeIgniter\Database\MySQLi\Connection->connect(false)
#1 D:\XAMPP\htdocs\Task-Management_Prooyek\system\Database\BaseConnection.php(574): CodeIgniter\Database\BaseConnection->initialize()
#2 D:\XAMPP\htdocs\Task-Management_Prooyek\system\Database\BaseBuilder.php(1616): CodeIgniter\Database\BaseConnection->query('SELECT *\nFROM `...', Array, false)
#3 D:\XAMPP\htdocs\Task-Management_Prooyek\system\Model.php(241): CodeIgniter\Database\BaseBuilder->get()
#4 D:\XAMPP\htdocs\Task-Management_Prooyek\system\BaseModel.php(618): CodeIgniter\Model->doFindAll(0, 0)
#5 D:\XAMPP\htdocs\Task-Management_Prooyek\app\Controllers\Product.php(22): CodeIgniter\BaseModel->findAll()
#6 D:\XAMPP\htdocs\Task-Management_Prooyek\system\CodeIgniter.php(934): App\Controllers\Product->index()
#7 D:\XAMPP\htdocs\Task-Management_Prooyek\system\CodeIgniter.php(499): CodeIgniter\CodeIgniter->runController(Object(App\Controllers\Product))
#8 D:\XAMPP\htdocs\Task-Management_Prooyek\system\CodeIgniter.php(368): CodeIgniter\CodeIgniter->handleRequest(NULL, Object(Config\Cache), false)
#9 D:\XAMPP\htdocs\Task-Management_Prooyek\public\index.php(67): CodeIgniter\CodeIgniter->run()
#10 D:\XAMPP\htdocs\Task-Management_Prooyek\system\Commands\Server\rewrite.php(47): require_once('D:\\XAMPP\\htdocs...')
#11 {main}
CRITICAL - 2023-05-15 06:25:23 --> Unable to connect to the database.
Main connection [MySQLi]: Unknown database 'task_management'
in SYSTEMPATH\Database\BaseConnection.php on line 427.
 1 SYSTEMPATH\Database\BaseConnection.php(574): CodeIgniter\Database\BaseConnection->initialize()
 2 SYSTEMPATH\Database\BaseBuilder.php(1616): CodeIgniter\Database\BaseConnection->query('SELECT *
FROM `employee`', [], false)
 3 SYSTEMPATH\Model.php(241): CodeIgniter\Database\BaseBuilder->get()
 4 SYSTEMPATH\BaseModel.php(618): CodeIgniter\Model->doFindAll(0, 0)
 5 APPPATH\Controllers\Product.php(22): CodeIgniter\BaseModel->findAll()
 6 SYSTEMPATH\CodeIgniter.php(934): App\Controllers\Product->index()
 7 SYSTEMPATH\CodeIgniter.php(499): CodeIgniter\CodeIgniter->runController(Object(App\Controllers\Product))
 8 SYSTEMPATH\CodeIgniter.php(368): CodeIgniter\CodeIgniter->handleRequest(null, Object(Config\Cache), false)
 9 FCPATH\index.php(67): CodeIgniter\CodeIgniter->run()
10 SYSTEMPATH\Commands\Server\rewrite.php(47): require_once('D:\\XAMPP\\htdocs\\Task-Management_Prooyek\\public\\index.php')
CRITICAL - 2023-05-15 06:26:29 --> Undefined variable $assigned
in APPPATH\Views\layouts\admin\todotask\viewemployeetasks\index.php on line 22.
 1 APPPATH\Views\layouts\admin\todotask\viewemployeetasks\index.php(22): CodeIgniter\Debug\Exceptions->errorHandler(2, 'Undefined variable $assigned', 'D:\\XAMPP\\htdocs\\Task-Management_Prooyek\\app\\Views\\layouts\\admin\\todotask\\viewemployeetasks\\index.php', 22)
 2 SYSTEMPATH\View\View.php(213): include('D:\\XAMPP\\htdocs\\Task-Management_Prooyek\\app\\Views\\layouts\\admin\\todotask\\viewemployeetasks\\index.php')
 3 SYSTEMPATH\View\View.php(216): CodeIgniter\View\View->CodeIgniter\View\{closure}()
 4 SYSTEMPATH\Common.php(1184): CodeIgniter\View\View->render('layouts/admin/todotask/viewemployeetasks/index', [], true)
 5 APPPATH\Controllers\ViewEmployeeTasks.php(16): view('layouts/admin/todotask/viewemployeetasks/index')
 6 SYSTEMPATH\CodeIgniter.php(934): App\Controllers\ViewEmployeeTasks->index()
 7 SYSTEMPATH\CodeIgniter.php(499): CodeIgniter\CodeIgniter->runController(Object(App\Controllers\ViewEmployeeTasks))
 8 SYSTEMPATH\CodeIgniter.php(368): CodeIgniter\CodeIgniter->handleRequest(null, Object(Config\Cache), false)
 9 FCPATH\index.php(67): CodeIgniter\CodeIgniter->run()
10 SYSTEMPATH\Commands\Server\rewrite.php(47): require_once('D:\\XAMPP\\htdocs\\Task-Management_Prooyek\\public\\index.php')
CRITICAL - 2023-05-15 06:38:25 --> Undefined variable $assigned
in APPPATH\Views\layouts\admin\todotask\viewemployeetasks\index.php on line 22.
 1 APPPATH\Views\layouts\admin\todotask\viewemployeetasks\index.php(22): CodeIgniter\Debug\Exceptions->errorHandler(2, 'Undefined variable $assigned', 'D:\\XAMPP\\htdocs\\Task-Management_Prooyek\\app\\Views\\layouts\\admin\\todotask\\viewemployeetasks\\index.php', 22)
 2 SYSTEMPATH\View\View.php(213): include('D:\\XAMPP\\htdocs\\Task-Management_Prooyek\\app\\Views\\layouts\\admin\\todotask\\viewemployeetasks\\index.php')
 3 SYSTEMPATH\View\View.php(216): CodeIgniter\View\View->CodeIgniter\View\{closure}()
 4 SYSTEMPATH\Common.php(1184): CodeIgniter\View\View->render('layouts/admin/todotask/viewemployeetasks/index', [], true)
 5 APPPATH\Controllers\ViewEmployeeTasks.php(16): view('layouts/admin/todotask/viewemployeetasks/index')
 6 SYSTEMPATH\CodeIgniter.php(934): App\Controllers\ViewEmployeeTasks->index()
 7 SYSTEMPATH\CodeIgniter.php(499): CodeIgniter\CodeIgniter->runController(Object(App\Controllers\ViewEmployeeTasks))
 8 SYSTEMPATH\CodeIgniter.php(368): CodeIgniter\CodeIgniter->handleRequest(null, Object(Config\Cache), false)
 9 FCPATH\index.php(67): CodeIgniter\CodeIgniter->run()
10 SYSTEMPATH\Commands\Server\rewrite.php(47): require_once('D:\\XAMPP\\htdocs\\Task-Management_Prooyek\\public\\index.php')
ERROR - 2023-05-15 15:26:24 --> mysqli_sql_exception: Table 'taskmanagement.employee' doesn't exist in D:\XAMPP\htdocs\Task-Management_Prooyek\system\Database\MySQLi\Connection.php:295
Stack trace:
#0 D:\XAMPP\htdocs\Task-Management_Prooyek\system\Database\MySQLi\Connection.php(295): mysqli->query('SELECT *\nFROM `...', 0)
#1 D:\XAMPP\htdocs\Task-Management_Prooyek\system\Database\BaseConnection.php(692): CodeIgniter\Database\MySQLi\Connection->execute('SELECT *\nFROM `...')
#2 D:\XAMPP\htdocs\Task-Management_Prooyek\system\Database\BaseConnection.php(606): CodeIgniter\Database\BaseConnection->simpleQuery('SELECT *\nFROM `...')
#3 D:\XAMPP\htdocs\Task-Management_Prooyek\system\Database\BaseBuilder.php(1616): CodeIgniter\Database\BaseConnection->query('SELECT *\nFROM `...', Array, false)
#4 D:\XAMPP\htdocs\Task-Management_Prooyek\system\Model.php(241): CodeIgniter\Database\BaseBuilder->get()
#5 D:\XAMPP\htdocs\Task-Management_Prooyek\system\BaseModel.php(618): CodeIgniter\Model->doFindAll(0, 0)
#6 D:\XAMPP\htdocs\Task-Management_Prooyek\app\Controllers\Product.php(22): CodeIgniter\BaseModel->findAll()
#7 D:\XAMPP\htdocs\Task-Management_Prooyek\system\CodeIgniter.php(934): App\Controllers\Product->index()
#8 D:\XAMPP\htdocs\Task-Management_Prooyek\system\CodeIgniter.php(499): CodeIgniter\CodeIgniter->runController(Object(App\Controllers\Product))
#9 D:\XAMPP\htdocs\Task-Management_Prooyek\system\CodeIgniter.php(368): CodeIgniter\CodeIgniter->handleRequest(NULL, Object(Config\Cache), false)
#10 D:\XAMPP\htdocs\Task-Management_Prooyek\public\index.php(67): CodeIgniter\CodeIgniter->run()
#11 D:\XAMPP\htdocs\Task-Management_Prooyek\system\Commands\Server\rewrite.php(47): require_once('D:\\XAMPP\\htdocs...')
#12 {main}
CRITICAL - 2023-05-15 15:26:24 --> Table 'taskmanagement.employee' doesn't exist
in SYSTEMPATH\Database\MySQLi\Connection.php on line 295.
 1 SYSTEMPATH\Database\MySQLi\Connection.php(295): mysqli->query('SELECT *
FROM `employee`', 0)
 2 SYSTEMPATH\Database\BaseConnection.php(692): CodeIgniter\Database\MySQLi\Connection->execute('SELECT *
FROM `employee`')
 3 SYSTEMPATH\Database\BaseConnection.php(606): CodeIgniter\Database\BaseConnection->simpleQuery('SELECT *
FROM `employee`')
 4 SYSTEMPATH\Database\BaseBuilder.php(1616): CodeIgniter\Database\BaseConnection->query('SELECT *
FROM `employee`', [], false)
 5 SYSTEMPATH\Model.php(241): CodeIgniter\Database\BaseBuilder->get()
 6 SYSTEMPATH\BaseModel.php(618): CodeIgniter\Model->doFindAll(0, 0)
 7 APPPATH\Controllers\Product.php(22): CodeIgniter\BaseModel->findAll()
 8 SYSTEMPATH\CodeIgniter.php(934): App\Controllers\Product->index()
 9 SYSTEMPATH\CodeIgniter.php(499): CodeIgniter\CodeIgniter->runController(Object(App\Controllers\Product))
10 SYSTEMPATH\CodeIgniter.php(368): CodeIgniter\CodeIgniter->handleRequest(null, Object(Config\Cache), false)
11 FCPATH\index.php(67): CodeIgniter\CodeIgniter->run()
12 SYSTEMPATH\Commands\Server\rewrite.php(47): require_once('D:\\XAMPP\\htdocs\\Task-Management_Prooyek\\public\\index.php')
ERROR - 2023-05-15 15:51:44 --> mysqli_sql_exception: Incorrect table definition; there can be only one auto column and it must be defined as a key in D:\XAMPP\htdocs\Task-Management_Prooyek\system\Database\MySQLi\Connection.php:295
Stack trace:
#0 D:\XAMPP\htdocs\Task-Management_Prooyek\system\Database\MySQLi\Connection.php(295): mysqli->query('CREATE TABLE `e...', 0)
#1 D:\XAMPP\htdocs\Task-Management_Prooyek\system\Database\BaseConnection.php(692): CodeIgniter\Database\MySQLi\Connection->execute('CREATE TABLE `e...')
#2 D:\XAMPP\htdocs\Task-Management_Prooyek\system\Database\BaseConnection.php(606): CodeIgniter\Database\BaseConnection->simpleQuery('CREATE TABLE `e...')
#3 D:\XAMPP\htdocs\Task-Management_Prooyek\system\Database\Forge.php(546): CodeIgniter\Database\BaseConnection->query('CREATE TABLE `e...')
#4 D:\XAMPP\htdocs\Task-Management_Prooyek\app\Database\Migrations\2023-05-15-152908_CreateEmployee.php(36): CodeIgniter\Database\Forge->createTable('employee', true)
#5 D:\XAMPP\htdocs\Task-Management_Prooyek\system\Database\MigrationRunner.php(877): App\Database\Migrations\CreateEmployee->up()
#6 D:\XAMPP\htdocs\Task-Management_Prooyek\system\Database\MigrationRunner.php(188): CodeIgniter\Database\MigrationRunner->migrate('up', Object(stdClass))
#7 D:\XAMPP\htdocs\Task-Management_Prooyek\system\Commands\Database\Migrate.php(84): CodeIgniter\Database\MigrationRunner->latest(NULL)
#8 D:\XAMPP\htdocs\Task-Management_Prooyek\system\CLI\Commands.php(65): CodeIgniter\Commands\Database\Migrate->run(Array)
#9 D:\XAMPP\htdocs\Task-Management_Prooyek\system\CLI\Console.php(37): CodeIgniter\CLI\Commands->run('migrate', Array)
#10 D:\XAMPP\htdocs\Task-Management_Prooyek\spark(97): CodeIgniter\CLI\Console->run()
#11 {main}
ERROR - 2023-05-15 15:52:11 --> mysqli_sql_exception: Incorrect table definition; there can be only one auto column and it must be defined as a key in D:\XAMPP\htdocs\Task-Management_Prooyek\system\Database\MySQLi\Connection.php:295
Stack trace:
#0 D:\XAMPP\htdocs\Task-Management_Prooyek\system\Database\MySQLi\Connection.php(295): mysqli->query('CREATE TABLE `e...', 0)
#1 D:\XAMPP\htdocs\Task-Management_Prooyek\system\Database\BaseConnection.php(692): CodeIgniter\Database\MySQLi\Connection->execute('CREATE TABLE `e...')
#2 D:\XAMPP\htdocs\Task-Management_Prooyek\system\Database\BaseConnection.php(606): CodeIgniter\Database\BaseConnection->simpleQuery('CREATE TABLE `e...')
#3 D:\XAMPP\htdocs\Task-Management_Prooyek\system\Database\Forge.php(546): CodeIgniter\Database\BaseConnection->query('CREATE TABLE `e...')
#4 D:\XAMPP\htdocs\Task-Management_Prooyek\app\Database\Migrations\2023-05-15-152908_CreateEmployee.php(36): CodeIgniter\Database\Forge->createTable('employee', true)
#5 D:\XAMPP\htdocs\Task-Management_Prooyek\system\Database\MigrationRunner.php(877): App\Database\Migrations\CreateEmployee->up()
#6 D:\XAMPP\htdocs\Task-Management_Prooyek\system\Database\MigrationRunner.php(188): CodeIgniter\Database\MigrationRunner->migrate('up', Object(stdClass))
#7 D:\XAMPP\htdocs\Task-Management_Prooyek\system\Commands\Database\Migrate.php(84): CodeIgniter\Database\MigrationRunner->latest(NULL)
#8 D:\XAMPP\htdocs\Task-Management_Prooyek\system\CLI\Commands.php(65): CodeIgniter\Commands\Database\Migrate->run(Array)
#9 D:\XAMPP\htdocs\Task-Management_Prooyek\system\CLI\Console.php(37): CodeIgniter\CLI\Commands->run('migrate', Array)
#10 D:\XAMPP\htdocs\Task-Management_Prooyek\spark(97): CodeIgniter\CLI\Console->run()
#11 {main}
ERROR - 2023-05-15 15:53:53 --> mysqli_sql_exception: Incorrect table definition; there can be only one auto column and it must be defined as a key in D:\XAMPP\htdocs\Task-Management_Prooyek\system\Database\MySQLi\Connection.php:295
Stack trace:
#0 D:\XAMPP\htdocs\Task-Management_Prooyek\system\Database\MySQLi\Connection.php(295): mysqli->query('CREATE TABLE `e...', 0)
#1 D:\XAMPP\htdocs\Task-Management_Prooyek\system\Database\BaseConnection.php(692): CodeIgniter\Database\MySQLi\Connection->execute('CREATE TABLE `e...')
#2 D:\XAMPP\htdocs\Task-Management_Prooyek\system\Database\BaseConnection.php(606): CodeIgniter\Database\BaseConnection->simpleQuery('CREATE TABLE `e...')
#3 D:\XAMPP\htdocs\Task-Management_Prooyek\system\Database\Forge.php(546): CodeIgniter\Database\BaseConnection->query('CREATE TABLE `e...')
#4 D:\XAMPP\htdocs\Task-Management_Prooyek\app\Database\Migrations\2023-05-15-152908_CreateEmployee.php(36): CodeIgniter\Database\Forge->createTable('employee', true)
#5 D:\XAMPP\htdocs\Task-Management_Prooyek\system\Database\MigrationRunner.php(877): App\Database\Migrations\CreateEmployee->up()
#6 D:\XAMPP\htdocs\Task-Management_Prooyek\system\Database\MigrationRunner.php(188): CodeIgniter\Database\MigrationRunner->migrate('up', Object(stdClass))
#7 D:\XAMPP\htdocs\Task-Management_Prooyek\system\Commands\Database\Migrate.php(84): CodeIgniter\Database\MigrationRunner->latest(NULL)
#8 D:\XAMPP\htdocs\Task-Management_Prooyek\system\CLI\Commands.php(65): CodeIgniter\Commands\Database\Migrate->run(Array)
#9 D:\XAMPP\htdocs\Task-Management_Prooyek\system\CLI\Console.php(37): CodeIgniter\CLI\Commands->run('migrate', Array)
#10 D:\XAMPP\htdocs\Task-Management_Prooyek\spark(97): CodeIgniter\CLI\Console->run()
#11 {main}
ERROR - 2023-05-15 15:55:05 --> mysqli_sql_exception: Incorrect table definition; there can be only one auto column and it must be defined as a key in D:\XAMPP\htdocs\Task-Management_Prooyek\system\Database\MySQLi\Connection.php:295
Stack trace:
#0 D:\XAMPP\htdocs\Task-Management_Prooyek\system\Database\MySQLi\Connection.php(295): mysqli->query('CREATE TABLE `e...', 0)
#1 D:\XAMPP\htdocs\Task-Management_Prooyek\system\Database\BaseConnection.php(692): CodeIgniter\Database\MySQLi\Connection->execute('CREATE TABLE `e...')
#2 D:\XAMPP\htdocs\Task-Management_Prooyek\system\Database\BaseConnection.php(606): CodeIgniter\Database\BaseConnection->simpleQuery('CREATE TABLE `e...')
#3 D:\XAMPP\htdocs\Task-Management_Prooyek\system\Database\Forge.php(546): CodeIgniter\Database\BaseConnection->query('CREATE TABLE `e...')
#4 D:\XAMPP\htdocs\Task-Management_Prooyek\app\Database\Migrations\2023-05-15-152908_CreateEmployee.php(36): CodeIgniter\Database\Forge->createTable('employee', true)
#5 D:\XAMPP\htdocs\Task-Management_Prooyek\system\Database\MigrationRunner.php(877): App\Database\Migrations\CreateEmployee->up()
#6 D:\XAMPP\htdocs\Task-Management_Prooyek\system\Database\MigrationRunner.php(188): CodeIgniter\Database\MigrationRunner->migrate('up', Object(stdClass))
#7 D:\XAMPP\htdocs\Task-Management_Prooyek\system\Commands\Database\Migrate.php(84): CodeIgniter\Database\MigrationRunner->latest(NULL)
#8 D:\XAMPP\htdocs\Task-Management_Prooyek\system\CLI\Commands.php(65): CodeIgniter\Commands\Database\Migrate->run(Array)
#9 D:\XAMPP\htdocs\Task-Management_Prooyek\system\CLI\Console.php(37): CodeIgniter\CLI\Commands->run('migrate', Array)
#10 D:\XAMPP\htdocs\Task-Management_Prooyek\spark(97): CodeIgniter\CLI\Console->run()
#11 {main}
ERROR - 2023-05-15 16:03:51 --> Error connecting to the database: mysqli_sql_exception: Access denied for user ''@'localhost' (using password: NO) in D:\XAMPP\htdocs\Task-Management_Prooyek\system\Database\MySQLi\Connection.php:173
Stack trace:
#0 D:\XAMPP\htdocs\Task-Management_Prooyek\system\Database\MySQLi\Connection.php(173): mysqli->real_connect('localhost', '', Object(SensitiveParameterValue), '', 3306, '', 0)
#1 D:\XAMPP\htdocs\Task-Management_Prooyek\system\Database\BaseConnection.php(391): CodeIgniter\Database\MySQLi\Connection->connect(false)
#2 D:\XAMPP\htdocs\Task-Management_Prooyek\system\Database\BaseConnection.php(574): CodeIgniter\Database\BaseConnection->initialize()
#3 D:\XAMPP\htdocs\Task-Management_Prooyek\system\Database\BaseConnection.php(1409): CodeIgniter\Database\BaseConnection->query('SHOW TABLES FRO...')
#4 D:\XAMPP\htdocs\Task-Management_Prooyek\system\Database\BaseConnection.php(1428): CodeIgniter\Database\BaseConnection->listTables()
#5 D:\XAMPP\htdocs\Task-Management_Prooyek\system\Database\MigrationRunner.php(768): CodeIgniter\Database\BaseConnection->tableExists('migrations')
#6 D:\XAMPP\htdocs\Task-Management_Prooyek\system\Database\MigrationRunner.php(168): CodeIgniter\Database\MigrationRunner->ensureTable()
#7 D:\XAMPP\htdocs\Task-Management_Prooyek\system\Commands\Database\Migrate.php(84): CodeIgniter\Database\MigrationRunner->latest(NULL)
#8 D:\XAMPP\htdocs\Task-Management_Prooyek\system\CLI\Commands.php(65): CodeIgniter\Commands\Database\Migrate->run(Array)
#9 D:\XAMPP\htdocs\Task-Management_Prooyek\system\CLI\Console.php(37): CodeIgniter\CLI\Commands->run('migrate', Array)
#10 D:\XAMPP\htdocs\Task-Management_Prooyek\spark(97): CodeIgniter\CLI\Console->run()
#11 {main}

Next CodeIgniter\Database\Exceptions\DatabaseException: Access denied for user ''@'localhost' (using password: NO) in D:\XAMPP\htdocs\Task-Management_Prooyek\system\Database\MySQLi\Connection.php:218
Stack trace:
#0 D:\XAMPP\htdocs\Task-Management_Prooyek\system\Database\BaseConnection.php(391): CodeIgniter\Database\MySQLi\Connection->connect(false)
#1 D:\XAMPP\htdocs\Task-Management_Prooyek\system\Database\BaseConnection.php(574): CodeIgniter\Database\BaseConnection->initialize()
#2 D:\XAMPP\htdocs\Task-Management_Prooyek\system\Database\BaseConnection.php(1409): CodeIgniter\Database\BaseConnection->query('SHOW TABLES FRO...')
#3 D:\XAMPP\htdocs\Task-Management_Prooyek\system\Database\BaseConnection.php(1428): CodeIgniter\Database\BaseConnection->listTables()
#4 D:\XAMPP\htdocs\Task-Management_Prooyek\system\Database\MigrationRunner.php(768): CodeIgniter\Database\BaseConnection->tableExists('migrations')
#5 D:\XAMPP\htdocs\Task-Management_Prooyek\system\Database\MigrationRunner.php(168): CodeIgniter\Database\MigrationRunner->ensureTable()
#6 D:\XAMPP\htdocs\Task-Management_Prooyek\system\Commands\Database\Migrate.php(84): CodeIgniter\Database\MigrationRunner->latest(NULL)
#7 D:\XAMPP\htdocs\Task-Management_Prooyek\system\CLI\Commands.php(65): CodeIgniter\Commands\Database\Migrate->run(Array)
#8 D:\XAMPP\htdocs\Task-Management_Prooyek\system\CLI\Console.php(37): CodeIgniter\CLI\Commands->run('migrate', Array)
#9 D:\XAMPP\htdocs\Task-Management_Prooyek\spark(97): CodeIgniter\CLI\Console->run()
#10 {main}
ERROR - 2023-05-15 16:06:20 --> Error connecting to the database: mysqli_sql_exception: Access denied for user ''@'localhost' (using password: NO) in D:\XAMPP\htdocs\Task-Management_Prooyek\system\Database\MySQLi\Connection.php:173
Stack trace:
#0 D:\XAMPP\htdocs\Task-Management_Prooyek\system\Database\MySQLi\Connection.php(173): mysqli->real_connect('localhost', '', Object(SensitiveParameterValue), '', 3306, '', 0)
#1 D:\XAMPP\htdocs\Task-Management_Prooyek\system\Database\BaseConnection.php(391): CodeIgniter\Database\MySQLi\Connection->connect(false)
#2 D:\XAMPP\htdocs\Task-Management_Prooyek\system\Database\BaseConnection.php(574): CodeIgniter\Database\BaseConnection->initialize()
#3 D:\XAMPP\htdocs\Task-Management_Prooyek\system\Database\BaseConnection.php(1409): CodeIgniter\Database\BaseConnection->query('SHOW TABLES FRO...')
#4 D:\XAMPP\htdocs\Task-Management_Prooyek\system\Database\BaseConnection.php(1428): CodeIgniter\Database\BaseConnection->listTables()
#5 D:\XAMPP\htdocs\Task-Management_Prooyek\system\Database\MigrationRunner.php(768): CodeIgniter\Database\BaseConnection->tableExists('migrations')
#6 D:\XAMPP\htdocs\Task-Management_Prooyek\system\Database\MigrationRunner.php(168): CodeIgniter\Database\MigrationRunner->ensureTable()
#7 D:\XAMPP\htdocs\Task-Management_Prooyek\system\Commands\Database\Migrate.php(84): CodeIgniter\Database\MigrationRunner->latest(NULL)
#8 D:\XAMPP\htdocs\Task-Management_Prooyek\system\CLI\Commands.php(65): CodeIgniter\Commands\Database\Migrate->run(Array)
#9 D:\XAMPP\htdocs\Task-Management_Prooyek\system\CLI\Console.php(37): CodeIgniter\CLI\Commands->run('migrate', Array)
#10 D:\XAMPP\htdocs\Task-Management_Prooyek\spark(97): CodeIgniter\CLI\Console->run()
#11 {main}

Next CodeIgniter\Database\Exceptions\DatabaseException: Access denied for user ''@'localhost' (using password: NO) in D:\XAMPP\htdocs\Task-Management_Prooyek\system\Database\MySQLi\Connection.php:218
Stack trace:
#0 D:\XAMPP\htdocs\Task-Management_Prooyek\system\Database\BaseConnection.php(391): CodeIgniter\Database\MySQLi\Connection->connect(false)
#1 D:\XAMPP\htdocs\Task-Management_Prooyek\system\Database\BaseConnection.php(574): CodeIgniter\Database\BaseConnection->initialize()
#2 D:\XAMPP\htdocs\Task-Management_Prooyek\system\Database\BaseConnection.php(1409): CodeIgniter\Database\BaseConnection->query('SHOW TABLES FRO...')
#3 D:\XAMPP\htdocs\Task-Management_Prooyek\system\Database\BaseConnection.php(1428): CodeIgniter\Database\BaseConnection->listTables()
#4 D:\XAMPP\htdocs\Task-Management_Prooyek\system\Database\MigrationRunner.php(768): CodeIgniter\Database\BaseConnection->tableExists('migrations')
#5 D:\XAMPP\htdocs\Task-Management_Prooyek\system\Database\MigrationRunner.php(168): CodeIgniter\Database\MigrationRunner->ensureTable()
#6 D:\XAMPP\htdocs\Task-Management_Prooyek\system\Commands\Database\Migrate.php(84): CodeIgniter\Database\MigrationRunner->latest(NULL)
#7 D:\XAMPP\htdocs\Task-Management_Prooyek\system\CLI\Commands.php(65): CodeIgniter\Commands\Database\Migrate->run(Array)
#8 D:\XAMPP\htdocs\Task-Management_Prooyek\system\CLI\Console.php(37): CodeIgniter\CLI\Commands->run('migrate', Array)
#9 D:\XAMPP\htdocs\Task-Management_Prooyek\spark(97): CodeIgniter\CLI\Console->run()
#10 {main}
ERROR - 2023-05-15 16:57:13 --> mysqli_sql_exception: Column 'employeename' cannot be null in D:\XAMPP\htdocs\Task-Management_Prooyek\system\Database\MySQLi\Connection.php:295
Stack trace:
#0 D:\XAMPP\htdocs\Task-Management_Prooyek\system\Database\MySQLi\Connection.php(295): mysqli->query('INSERT INTO `em...', 0)
#1 D:\XAMPP\htdocs\Task-Management_Prooyek\system\Database\BaseConnection.php(692): CodeIgniter\Database\MySQLi\Connection->execute('INSERT INTO `em...')
#2 D:\XAMPP\htdocs\Task-Management_Prooyek\system\Database\BaseConnection.php(606): CodeIgniter\Database\BaseConnection->simpleQuery('INSERT INTO `em...')
#3 D:\XAMPP\htdocs\Task-Management_Prooyek\system\Database\BaseBuilder.php(2309): CodeIgniter\Database\BaseConnection->query('INSERT INTO `em...', Array, false)
#4 D:\XAMPP\htdocs\Task-Management_Prooyek\system\Model.php(330): CodeIgniter\Database\BaseBuilder->insert()
#5 D:\XAMPP\htdocs\Task-Management_Prooyek\system\BaseModel.php(782): CodeIgniter\Model->doInsert(Array)
#6 D:\XAMPP\htdocs\Task-Management_Prooyek\system\Model.php(730): CodeIgniter\BaseModel->insert(Array, true)
#7 D:\XAMPP\htdocs\Task-Management_Prooyek\app\Controllers\Product.php(66): CodeIgniter\Model->insert(Array)
#8 D:\XAMPP\htdocs\Task-Management_Prooyek\system\CodeIgniter.php(934): App\Controllers\Product->create()
#9 D:\XAMPP\htdocs\Task-Management_Prooyek\system\CodeIgniter.php(499): CodeIgniter\CodeIgniter->runController(Object(App\Controllers\Product))
#10 D:\XAMPP\htdocs\Task-Management_Prooyek\system\CodeIgniter.php(368): CodeIgniter\CodeIgniter->handleRequest(NULL, Object(Config\Cache), false)
#11 D:\XAMPP\htdocs\Task-Management_Prooyek\public\index.php(67): CodeIgniter\CodeIgniter->run()
#12 D:\XAMPP\htdocs\Task-Management_Prooyek\system\Commands\Server\rewrite.php(47): require_once('D:\\XAMPP\\htdocs...')
#13 {main}
CRITICAL - 2023-05-15 16:57:13 --> Column 'employeename' cannot be null
in SYSTEMPATH\Database\MySQLi\Connection.php on line 295.
 1 SYSTEMPATH\Database\MySQLi\Connection.php(295): mysqli->query('INSERT INTO `employee` (`employeename`, `employeerole`, `emailaddress`, `password`) VALUES (NULL, NULL, NULL, NULL)', 0)
 2 SYSTEMPATH\Database\BaseConnection.php(692): CodeIgniter\Database\MySQLi\Connection->execute('INSERT INTO `employee` (`employeename`, `employeerole`, `emailaddress`, `password`) VALUES (NULL, NULL, NULL, NULL)')
 3 SYSTEMPATH\Database\BaseConnection.php(606): CodeIgniter\Database\BaseConnection->simpleQuery('INSERT INTO `employee` (`employeename`, `employeerole`, `emailaddress`, `password`) VALUES (NULL, NULL, NULL, NULL)')
 4 SYSTEMPATH\Database\BaseBuilder.php(2309): CodeIgniter\Database\BaseConnection->query('INSERT INTO `employee` (`employeename`, `employeerole`, `emailaddress`, `password`) VALUES (:employeename:, :employeerole:, :emailaddress:, :password:)', [...], false)
 5 SYSTEMPATH\Model.php(330): CodeIgniter\Database\BaseBuilder->insert()
 6 SYSTEMPATH\BaseModel.php(782): CodeIgniter\Model->doInsert([...])
 7 SYSTEMPATH\Model.php(730): CodeIgniter\BaseModel->insert([...], true)
 8 APPPATH\Controllers\Product.php(66): CodeIgniter\Model->insert([...])
 9 SYSTEMPATH\CodeIgniter.php(934): App\Controllers\Product->create()
10 SYSTEMPATH\CodeIgniter.php(499): CodeIgniter\CodeIgniter->runController(Object(App\Controllers\Product))
11 SYSTEMPATH\CodeIgniter.php(368): CodeIgniter\CodeIgniter->handleRequest(null, Object(Config\Cache), false)
12 FCPATH\index.php(67): CodeIgniter\CodeIgniter->run()
13 SYSTEMPATH\Commands\Server\rewrite.php(47): require_once('D:\\XAMPP\\htdocs\\Task-Management_Prooyek\\public\\index.php')
ERROR - 2023-05-15 17:05:36 --> mysqli_sql_exception: Column 'employeename' cannot be null in D:\XAMPP\htdocs\Task-Management_Prooyek\system\Database\MySQLi\Connection.php:295
Stack trace:
#0 D:\XAMPP\htdocs\Task-Management_Prooyek\system\Database\MySQLi\Connection.php(295): mysqli->query('INSERT INTO `em...', 0)
#1 D:\XAMPP\htdocs\Task-Management_Prooyek\system\Database\BaseConnection.php(692): CodeIgniter\Database\MySQLi\Connection->execute('INSERT INTO `em...')
#2 D:\XAMPP\htdocs\Task-Management_Prooyek\system\Database\BaseConnection.php(606): CodeIgniter\Database\BaseConnection->simpleQuery('INSERT INTO `em...')
#3 D:\XAMPP\htdocs\Task-Management_Prooyek\system\Database\BaseBuilder.php(2309): CodeIgniter\Database\BaseConnection->query('INSERT INTO `em...', Array, false)
#4 D:\XAMPP\htdocs\Task-Management_Prooyek\system\Model.php(330): CodeIgniter\Database\BaseBuilder->insert()
#5 D:\XAMPP\htdocs\Task-Management_Prooyek\system\BaseModel.php(782): CodeIgniter\Model->doInsert(Array)
#6 D:\XAMPP\htdocs\Task-Management_Prooyek\system\Model.php(730): CodeIgniter\BaseModel->insert(Array, true)
#7 D:\XAMPP\htdocs\Task-Management_Prooyek\app\Controllers\Product.php(66): CodeIgniter\Model->insert(Array)
#8 D:\XAMPP\htdocs\Task-Management_Prooyek\system\CodeIgniter.php(934): App\Controllers\Product->create()
#9 D:\XAMPP\htdocs\Task-Management_Prooyek\system\CodeIgniter.php(499): CodeIgniter\CodeIgniter->runController(Object(App\Controllers\Product))
#10 D:\XAMPP\htdocs\Task-Management_Prooyek\system\CodeIgniter.php(368): CodeIgniter\CodeIgniter->handleRequest(NULL, Object(Config\Cache), false)
#11 D:\XAMPP\htdocs\Task-Management_Prooyek\public\index.php(67): CodeIgniter\CodeIgniter->run()
#12 D:\XAMPP\htdocs\Task-Management_Prooyek\system\Commands\Server\rewrite.php(47): require_once('D:\\XAMPP\\htdocs...')
#13 {main}
CRITICAL - 2023-05-15 17:05:36 --> Column 'employeename' cannot be null
in SYSTEMPATH\Database\MySQLi\Connection.php on line 295.
 1 SYSTEMPATH\Database\MySQLi\Connection.php(295): mysqli->query('INSERT INTO `employee` (`employeename`, `employeerole`, `emailaddress`, `password`) VALUES (NULL, NULL, NULL, NULL)', 0)
 2 SYSTEMPATH\Database\BaseConnection.php(692): CodeIgniter\Database\MySQLi\Connection->execute('INSERT INTO `employee` (`employeename`, `employeerole`, `emailaddress`, `password`) VALUES (NULL, NULL, NULL, NULL)')
 3 SYSTEMPATH\Database\BaseConnection.php(606): CodeIgniter\Database\BaseConnection->simpleQuery('INSERT INTO `employee` (`employeename`, `employeerole`, `emailaddress`, `password`) VALUES (NULL, NULL, NULL, NULL)')
 4 SYSTEMPATH\Database\BaseBuilder.php(2309): CodeIgniter\Database\BaseConnection->query('INSERT INTO `employee` (`employeename`, `employeerole`, `emailaddress`, `password`) VALUES (:employeename:, :employeerole:, :emailaddress:, :password:)', [...], false)
 5 SYSTEMPATH\Model.php(330): CodeIgniter\Database\BaseBuilder->insert()
 6 SYSTEMPATH\BaseModel.php(782): CodeIgniter\Model->doInsert([...])
 7 SYSTEMPATH\Model.php(730): CodeIgniter\BaseModel->insert([...], true)
 8 APPPATH\Controllers\Product.php(66): CodeIgniter\Model->insert([...])
 9 SYSTEMPATH\CodeIgniter.php(934): App\Controllers\Product->create()
10 SYSTEMPATH\CodeIgniter.php(499): CodeIgniter\CodeIgniter->runController(Object(App\Controllers\Product))
11 SYSTEMPATH\CodeIgniter.php(368): CodeIgniter\CodeIgniter->handleRequest(null, Object(Config\Cache), false)
12 FCPATH\index.php(67): CodeIgniter\CodeIgniter->run()
13 SYSTEMPATH\Commands\Server\rewrite.php(47): require_once('D:\\XAMPP\\htdocs\\Task-Management_Prooyek\\public\\index.php')
ERROR - 2023-05-15 17:06:35 --> mysqli_sql_exception: Column 'employeename' cannot be null in D:\XAMPP\htdocs\Task-Management_Prooyek\system\Database\MySQLi\Connection.php:295
Stack trace:
#0 D:\XAMPP\htdocs\Task-Management_Prooyek\system\Database\MySQLi\Connection.php(295): mysqli->query('INSERT INTO `em...', 0)
#1 D:\XAMPP\htdocs\Task-Management_Prooyek\system\Database\BaseConnection.php(692): CodeIgniter\Database\MySQLi\Connection->execute('INSERT INTO `em...')
#2 D:\XAMPP\htdocs\Task-Management_Prooyek\system\Database\BaseConnection.php(606): CodeIgniter\Database\BaseConnection->simpleQuery('INSERT INTO `em...')
#3 D:\XAMPP\htdocs\Task-Management_Prooyek\system\Database\BaseBuilder.php(2309): CodeIgniter\Database\BaseConnection->query('INSERT INTO `em...', Array, false)
#4 D:\XAMPP\htdocs\Task-Management_Prooyek\system\Model.php(330): CodeIgniter\Database\BaseBuilder->insert()
#5 D:\XAMPP\htdocs\Task-Management_Prooyek\system\BaseModel.php(782): CodeIgniter\Model->doInsert(Array)
#6 D:\XAMPP\htdocs\Task-Management_Prooyek\system\Model.php(730): CodeIgniter\BaseModel->insert(Array, true)
#7 D:\XAMPP\htdocs\Task-Management_Prooyek\app\Controllers\Product.php(66): CodeIgniter\Model->insert(Array)
#8 D:\XAMPP\htdocs\Task-Management_Prooyek\system\CodeIgniter.php(934): App\Controllers\Product->create()
#9 D:\XAMPP\htdocs\Task-Management_Prooyek\system\CodeIgniter.php(499): CodeIgniter\CodeIgniter->runController(Object(App\Controllers\Product))
#10 D:\XAMPP\htdocs\Task-Management_Prooyek\system\CodeIgniter.php(368): CodeIgniter\CodeIgniter->handleRequest(NULL, Object(Config\Cache), false)
#11 D:\XAMPP\htdocs\Task-Management_Prooyek\public\index.php(67): CodeIgniter\CodeIgniter->run()
#12 D:\XAMPP\htdocs\Task-Management_Prooyek\system\Commands\Server\rewrite.php(47): require_once('D:\\XAMPP\\htdocs...')
#13 {main}
CRITICAL - 2023-05-15 17:06:35 --> Column 'employeename' cannot be null
in SYSTEMPATH\Database\MySQLi\Connection.php on line 295.
 1 SYSTEMPATH\Database\MySQLi\Connection.php(295): mysqli->query('INSERT INTO `employee` (`employeename`, `employeerole`, `emailaddress`, `password`) VALUES (NULL, NULL, NULL, NULL)', 0)
 2 SYSTEMPATH\Database\BaseConnection.php(692): CodeIgniter\Database\MySQLi\Connection->execute('INSERT INTO `employee` (`employeename`, `employeerole`, `emailaddress`, `password`) VALUES (NULL, NULL, NULL, NULL)')
 3 SYSTEMPATH\Database\BaseConnection.php(606): CodeIgniter\Database\BaseConnection->simpleQuery('INSERT INTO `employee` (`employeename`, `employeerole`, `emailaddress`, `password`) VALUES (NULL, NULL, NULL, NULL)')
 4 SYSTEMPATH\Database\BaseBuilder.php(2309): CodeIgniter\Database\BaseConnection->query('INSERT INTO `employee` (`employeename`, `employeerole`, `emailaddress`, `password`) VALUES (:employeename:, :employeerole:, :emailaddress:, :password:)', [...], false)
 5 SYSTEMPATH\Model.php(330): CodeIgniter\Database\BaseBuilder->insert()
 6 SYSTEMPATH\BaseModel.php(782): CodeIgniter\Model->doInsert([...])
 7 SYSTEMPATH\Model.php(730): CodeIgniter\BaseModel->insert([...], true)
 8 APPPATH\Controllers\Product.php(66): CodeIgniter\Model->insert([...])
 9 SYSTEMPATH\CodeIgniter.php(934): App\Controllers\Product->create()
10 SYSTEMPATH\CodeIgniter.php(499): CodeIgniter\CodeIgniter->runController(Object(App\Controllers\Product))
11 SYSTEMPATH\CodeIgniter.php(368): CodeIgniter\CodeIgniter->handleRequest(null, Object(Config\Cache), false)
12 FCPATH\index.php(67): CodeIgniter\CodeIgniter->run()
13 SYSTEMPATH\Commands\Server\rewrite.php(47): require_once('D:\\XAMPP\\htdocs\\Task-Management_Prooyek\\public\\index.php')
ERROR - 2023-05-15 17:10:22 --> mysqli_sql_exception: Column 'employeename' cannot be null in D:\XAMPP\htdocs\Task-Management_Prooyek\system\Database\MySQLi\Connection.php:295
Stack trace:
#0 D:\XAMPP\htdocs\Task-Management_Prooyek\system\Database\MySQLi\Connection.php(295): mysqli->query('INSERT INTO `em...', 0)
#1 D:\XAMPP\htdocs\Task-Management_Prooyek\system\Database\BaseConnection.php(692): CodeIgniter\Database\MySQLi\Connection->execute('INSERT INTO `em...')
#2 D:\XAMPP\htdocs\Task-Management_Prooyek\system\Database\BaseConnection.php(606): CodeIgniter\Database\BaseConnection->simpleQuery('INSERT INTO `em...')
#3 D:\XAMPP\htdocs\Task-Management_Prooyek\system\Database\BaseBuilder.php(2309): CodeIgniter\Database\BaseConnection->query('INSERT INTO `em...', Array, false)
#4 D:\XAMPP\htdocs\Task-Management_Prooyek\system\Model.php(330): CodeIgniter\Database\BaseBuilder->insert()
#5 D:\XAMPP\htdocs\Task-Management_Prooyek\system\BaseModel.php(782): CodeIgniter\Model->doInsert(Array)
#6 D:\XAMPP\htdocs\Task-Management_Prooyek\system\Model.php(730): CodeIgniter\BaseModel->insert(Array, true)
#7 D:\XAMPP\htdocs\Task-Management_Prooyek\app\Controllers\Product.php(66): CodeIgniter\Model->insert(Array)
#8 D:\XAMPP\htdocs\Task-Management_Prooyek\system\CodeIgniter.php(934): App\Controllers\Product->create()
#9 D:\XAMPP\htdocs\Task-Management_Prooyek\system\CodeIgniter.php(499): CodeIgniter\CodeIgniter->runController(Object(App\Controllers\Product))
#10 D:\XAMPP\htdocs\Task-Management_Prooyek\system\CodeIgniter.php(368): CodeIgniter\CodeIgniter->handleRequest(NULL, Object(Config\Cache), false)
#11 D:\XAMPP\htdocs\Task-Management_Prooyek\public\index.php(67): CodeIgniter\CodeIgniter->run()
#12 D:\XAMPP\htdocs\Task-Management_Prooyek\system\Commands\Server\rewrite.php(47): require_once('D:\\XAMPP\\htdocs...')
#13 {main}
CRITICAL - 2023-05-15 17:10:22 --> Column 'employeename' cannot be null
in SYSTEMPATH\Database\MySQLi\Connection.php on line 295.
 1 SYSTEMPATH\Database\MySQLi\Connection.php(295): mysqli->query('INSERT INTO `employee` (`employeename`, `employeerole`, `emailaddress`, `password`) VALUES (NULL, NULL, NULL, NULL)', 0)
 2 SYSTEMPATH\Database\BaseConnection.php(692): CodeIgniter\Database\MySQLi\Connection->execute('INSERT INTO `employee` (`employeename`, `employeerole`, `emailaddress`, `password`) VALUES (NULL, NULL, NULL, NULL)')
 3 SYSTEMPATH\Database\BaseConnection.php(606): CodeIgniter\Database\BaseConnection->simpleQuery('INSERT INTO `employee` (`employeename`, `employeerole`, `emailaddress`, `password`) VALUES (NULL, NULL, NULL, NULL)')
 4 SYSTEMPATH\Database\BaseBuilder.php(2309): CodeIgniter\Database\BaseConnection->query('INSERT INTO `employee` (`employeename`, `employeerole`, `emailaddress`, `password`) VALUES (:employeename:, :employeerole:, :emailaddress:, :password:)', [...], false)
 5 SYSTEMPATH\Model.php(330): CodeIgniter\Database\BaseBuilder->insert()
 6 SYSTEMPATH\BaseModel.php(782): CodeIgniter\Model->doInsert([...])
 7 SYSTEMPATH\Model.php(730): CodeIgniter\BaseModel->insert([...], true)
 8 APPPATH\Controllers\Product.php(66): CodeIgniter\Model->insert([...])
 9 SYSTEMPATH\CodeIgniter.php(934): App\Controllers\Product->create()
10 SYSTEMPATH\CodeIgniter.php(499): CodeIgniter\CodeIgniter->runController(Object(App\Controllers\Product))
11 SYSTEMPATH\CodeIgniter.php(368): CodeIgniter\CodeIgniter->handleRequest(null, Object(Config\Cache), false)
12 FCPATH\index.php(67): CodeIgniter\CodeIgniter->run()
13 SYSTEMPATH\Commands\Server\rewrite.php(47): require_once('D:\\XAMPP\\htdocs\\Task-Management_Prooyek\\public\\index.php')
ERROR - 2023-05-15 17:15:06 --> mysqli_sql_exception: Column 'employeename' cannot be null in D:\XAMPP\htdocs\Task-Management_Prooyek\system\Database\MySQLi\Connection.php:295
Stack trace:
#0 D:\XAMPP\htdocs\Task-Management_Prooyek\system\Database\MySQLi\Connection.php(295): mysqli->query('INSERT INTO `em...', 0)
#1 D:\XAMPP\htdocs\Task-Management_Prooyek\system\Database\BaseConnection.php(692): CodeIgniter\Database\MySQLi\Connection->execute('INSERT INTO `em...')
#2 D:\XAMPP\htdocs\Task-Management_Prooyek\system\Database\BaseConnection.php(606): CodeIgniter\Database\BaseConnection->simpleQuery('INSERT INTO `em...')
#3 D:\XAMPP\htdocs\Task-Management_Prooyek\system\Database\BaseBuilder.php(2309): CodeIgniter\Database\BaseConnection->query('INSERT INTO `em...', Array, false)
#4 D:\XAMPP\htdocs\Task-Management_Prooyek\system\Model.php(330): CodeIgniter\Database\BaseBuilder->insert()
#5 D:\XAMPP\htdocs\Task-Management_Prooyek\system\BaseModel.php(782): CodeIgniter\Model->doInsert(Array)
#6 D:\XAMPP\htdocs\Task-Management_Prooyek\system\Model.php(730): CodeIgniter\BaseModel->insert(Array, true)
#7 D:\XAMPP\htdocs\Task-Management_Prooyek\app\Controllers\Product.php(66): CodeIgniter\Model->insert(Array)
#8 D:\XAMPP\htdocs\Task-Management_Prooyek\system\CodeIgniter.php(934): App\Controllers\Product->create()
#9 D:\XAMPP\htdocs\Task-Management_Prooyek\system\CodeIgniter.php(499): CodeIgniter\CodeIgniter->runController(Object(App\Controllers\Product))
#10 D:\XAMPP\htdocs\Task-Management_Prooyek\system\CodeIgniter.php(368): CodeIgniter\CodeIgniter->handleRequest(NULL, Object(Config\Cache), false)
#11 D:\XAMPP\htdocs\Task-Management_Prooyek\public\index.php(67): CodeIgniter\CodeIgniter->run()
#12 D:\XAMPP\htdocs\Task-Management_Prooyek\system\Commands\Server\rewrite.php(47): require_once('D:\\XAMPP\\htdocs...')
#13 {main}
CRITICAL - 2023-05-15 17:15:06 --> Column 'employeename' cannot be null
in SYSTEMPATH\Database\MySQLi\Connection.php on line 295.
 1 SYSTEMPATH\Database\MySQLi\Connection.php(295): mysqli->query('INSERT INTO `employee` (`employeename`, `employeerole`, `emailaddress`, `password`) VALUES (NULL, NULL, NULL, NULL)', 0)
 2 SYSTEMPATH\Database\BaseConnection.php(692): CodeIgniter\Database\MySQLi\Connection->execute('INSERT INTO `employee` (`employeename`, `employeerole`, `emailaddress`, `password`) VALUES (NULL, NULL, NULL, NULL)')
 3 SYSTEMPATH\Database\BaseConnection.php(606): CodeIgniter\Database\BaseConnection->simpleQuery('INSERT INTO `employee` (`employeename`, `employeerole`, `emailaddress`, `password`) VALUES (NULL, NULL, NULL, NULL)')
 4 SYSTEMPATH\Database\BaseBuilder.php(2309): CodeIgniter\Database\BaseConnection->query('INSERT INTO `employee` (`employeename`, `employeerole`, `emailaddress`, `password`) VALUES (:employeename:, :employeerole:, :emailaddress:, :password:)', [...], false)
 5 SYSTEMPATH\Model.php(330): CodeIgniter\Database\BaseBuilder->insert()
 6 SYSTEMPATH\BaseModel.php(782): CodeIgniter\Model->doInsert([...])
 7 SYSTEMPATH\Model.php(730): CodeIgniter\BaseModel->insert([...], true)
 8 APPPATH\Controllers\Product.php(66): CodeIgniter\Model->insert([...])
 9 SYSTEMPATH\CodeIgniter.php(934): App\Controllers\Product->create()
10 SYSTEMPATH\CodeIgniter.php(499): CodeIgniter\CodeIgniter->runController(Object(App\Controllers\Product))
11 SYSTEMPATH\CodeIgniter.php(368): CodeIgniter\CodeIgniter->handleRequest(null, Object(Config\Cache), false)
12 FCPATH\index.php(67): CodeIgniter\CodeIgniter->run()
13 SYSTEMPATH\Commands\Server\rewrite.php(47): require_once('D:\\XAMPP\\htdocs\\Task-Management_Prooyek\\public\\index.php')
ERROR - 2023-05-15 17:15:21 --> mysqli_sql_exception: Column 'employeename' cannot be null in D:\XAMPP\htdocs\Task-Management_Prooyek\system\Database\MySQLi\Connection.php:295
Stack trace:
#0 D:\XAMPP\htdocs\Task-Management_Prooyek\system\Database\MySQLi\Connection.php(295): mysqli->query('INSERT INTO `em...', 0)
#1 D:\XAMPP\htdocs\Task-Management_Prooyek\system\Database\BaseConnection.php(692): CodeIgniter\Database\MySQLi\Connection->execute('INSERT INTO `em...')
#2 D:\XAMPP\htdocs\Task-Management_Prooyek\system\Database\BaseConnection.php(606): CodeIgniter\Database\BaseConnection->simpleQuery('INSERT INTO `em...')
#3 D:\XAMPP\htdocs\Task-Management_Prooyek\system\Database\BaseBuilder.php(2309): CodeIgniter\Database\BaseConnection->query('INSERT INTO `em...', Array, false)
#4 D:\XAMPP\htdocs\Task-Management_Prooyek\system\Model.php(330): CodeIgniter\Database\BaseBuilder->insert()
#5 D:\XAMPP\htdocs\Task-Management_Prooyek\system\BaseModel.php(782): CodeIgniter\Model->doInsert(Array)
#6 D:\XAMPP\htdocs\Task-Management_Prooyek\system\Model.php(730): CodeIgniter\BaseModel->insert(Array, true)
#7 D:\XAMPP\htdocs\Task-Management_Prooyek\app\Controllers\Product.php(66): CodeIgniter\Model->insert(Array)
#8 D:\XAMPP\htdocs\Task-Management_Prooyek\system\CodeIgniter.php(934): App\Controllers\Product->create()
#9 D:\XAMPP\htdocs\Task-Management_Prooyek\system\CodeIgniter.php(499): CodeIgniter\CodeIgniter->runController(Object(App\Controllers\Product))
#10 D:\XAMPP\htdocs\Task-Management_Prooyek\system\CodeIgniter.php(368): CodeIgniter\CodeIgniter->handleRequest(NULL, Object(Config\Cache), false)
#11 D:\XAMPP\htdocs\Task-Management_Prooyek\public\index.php(67): CodeIgniter\CodeIgniter->run()
#12 D:\XAMPP\htdocs\Task-Management_Prooyek\system\Commands\Server\rewrite.php(47): require_once('D:\\XAMPP\\htdocs...')
#13 {main}
CRITICAL - 2023-05-15 17:15:21 --> Column 'employeename' cannot be null
in SYSTEMPATH\Database\MySQLi\Connection.php on line 295.
 1 SYSTEMPATH\Database\MySQLi\Connection.php(295): mysqli->query('INSERT INTO `employee` (`employeename`, `employeerole`, `emailaddress`, `password`) VALUES (NULL, NULL, NULL, NULL)', 0)
 2 SYSTEMPATH\Database\BaseConnection.php(692): CodeIgniter\Database\MySQLi\Connection->execute('INSERT INTO `employee` (`employeename`, `employeerole`, `emailaddress`, `password`) VALUES (NULL, NULL, NULL, NULL)')
 3 SYSTEMPATH\Database\BaseConnection.php(606): CodeIgniter\Database\BaseConnection->simpleQuery('INSERT INTO `employee` (`employeename`, `employeerole`, `emailaddress`, `password`) VALUES (NULL, NULL, NULL, NULL)')
 4 SYSTEMPATH\Database\BaseBuilder.php(2309): CodeIgniter\Database\BaseConnection->query('INSERT INTO `employee` (`employeename`, `employeerole`, `emailaddress`, `password`) VALUES (:employeename:, :employeerole:, :emailaddress:, :password:)', [...], false)
 5 SYSTEMPATH\Model.php(330): CodeIgniter\Database\BaseBuilder->insert()
 6 SYSTEMPATH\BaseModel.php(782): CodeIgniter\Model->doInsert([...])
 7 SYSTEMPATH\Model.php(730): CodeIgniter\BaseModel->insert([...], true)
 8 APPPATH\Controllers\Product.php(66): CodeIgniter\Model->insert([...])
 9 SYSTEMPATH\CodeIgniter.php(934): App\Controllers\Product->create()
10 SYSTEMPATH\CodeIgniter.php(499): CodeIgniter\CodeIgniter->runController(Object(App\Controllers\Product))
11 SYSTEMPATH\CodeIgniter.php(368): CodeIgniter\CodeIgniter->handleRequest(null, Object(Config\Cache), false)
12 FCPATH\index.php(67): CodeIgniter\CodeIgniter->run()
13 SYSTEMPATH\Commands\Server\rewrite.php(47): require_once('D:\\XAMPP\\htdocs\\Task-Management_Prooyek\\public\\index.php')
ERROR - 2023-05-15 17:23:26 --> mysqli_sql_exception: Column 'employeename' cannot be null in D:\XAMPP\htdocs\Task-Management_Prooyek\system\Database\MySQLi\Connection.php:295
Stack trace:
#0 D:\XAMPP\htdocs\Task-Management_Prooyek\system\Database\MySQLi\Connection.php(295): mysqli->query('INSERT INTO `em...', 0)
#1 D:\XAMPP\htdocs\Task-Management_Prooyek\system\Database\BaseConnection.php(692): CodeIgniter\Database\MySQLi\Connection->execute('INSERT INTO `em...')
#2 D:\XAMPP\htdocs\Task-Management_Prooyek\system\Database\BaseConnection.php(606): CodeIgniter\Database\BaseConnection->simpleQuery('INSERT INTO `em...')
#3 D:\XAMPP\htdocs\Task-Management_Prooyek\system\Database\BaseBuilder.php(2309): CodeIgniter\Database\BaseConnection->query('INSERT INTO `em...', Array, false)
#4 D:\XAMPP\htdocs\Task-Management_Prooyek\system\Model.php(330): CodeIgniter\Database\BaseBuilder->insert()
#5 D:\XAMPP\htdocs\Task-Management_Prooyek\system\BaseModel.php(782): CodeIgniter\Model->doInsert(Array)
#6 D:\XAMPP\htdocs\Task-Management_Prooyek\system\Model.php(730): CodeIgniter\BaseModel->insert(Array, true)
#7 D:\XAMPP\htdocs\Task-Management_Prooyek\app\Controllers\Product.php(66): CodeIgniter\Model->insert(Array)
#8 D:\XAMPP\htdocs\Task-Management_Prooyek\system\CodeIgniter.php(934): App\Controllers\Product->create()
#9 D:\XAMPP\htdocs\Task-Management_Prooyek\system\CodeIgniter.php(499): CodeIgniter\CodeIgniter->runController(Object(App\Controllers\Product))
#10 D:\XAMPP\htdocs\Task-Management_Prooyek\system\CodeIgniter.php(368): CodeIgniter\CodeIgniter->handleRequest(NULL, Object(Config\Cache), false)
#11 D:\XAMPP\htdocs\Task-Management_Prooyek\public\index.php(67): CodeIgniter\CodeIgniter->run()
#12 D:\XAMPP\htdocs\Task-Management_Prooyek\system\Commands\Server\rewrite.php(47): require_once('D:\\XAMPP\\htdocs...')
#13 {main}
CRITICAL - 2023-05-15 17:23:26 --> Column 'employeename' cannot be null
in SYSTEMPATH\Database\MySQLi\Connection.php on line 295.
 1 SYSTEMPATH\Database\MySQLi\Connection.php(295): mysqli->query('INSERT INTO `employee` (`employeename`, `employeerole`, `emailaddress`, `password`) VALUES (NULL, NULL, NULL, NULL)', 0)
 2 SYSTEMPATH\Database\BaseConnection.php(692): CodeIgniter\Database\MySQLi\Connection->execute('INSERT INTO `employee` (`employeename`, `employeerole`, `emailaddress`, `password`) VALUES (NULL, NULL, NULL, NULL)')
 3 SYSTEMPATH\Database\BaseConnection.php(606): CodeIgniter\Database\BaseConnection->simpleQuery('INSERT INTO `employee` (`employeename`, `employeerole`, `emailaddress`, `password`) VALUES (NULL, NULL, NULL, NULL)')
 4 SYSTEMPATH\Database\BaseBuilder.php(2309): CodeIgniter\Database\BaseConnection->query('INSERT INTO `employee` (`employeename`, `employeerole`, `emailaddress`, `password`) VALUES (:employeename:, :employeerole:, :emailaddress:, :password:)', [...], false)
 5 SYSTEMPATH\Model.php(330): CodeIgniter\Database\BaseBuilder->insert()
 6 SYSTEMPATH\BaseModel.php(782): CodeIgniter\Model->doInsert([...])
 7 SYSTEMPATH\Model.php(730): CodeIgniter\BaseModel->insert([...], true)
 8 APPPATH\Controllers\Product.php(66): CodeIgniter\Model->insert([...])
 9 SYSTEMPATH\CodeIgniter.php(934): App\Controllers\Product->create()
10 SYSTEMPATH\CodeIgniter.php(499): CodeIgniter\CodeIgniter->runController(Object(App\Controllers\Product))
11 SYSTEMPATH\CodeIgniter.php(368): CodeIgniter\CodeIgniter->handleRequest(null, Object(Config\Cache), false)
12 FCPATH\index.php(67): CodeIgniter\CodeIgniter->run()
13 SYSTEMPATH\Commands\Server\rewrite.php(47): require_once('D:\\XAMPP\\htdocs\\Task-Management_Prooyek\\public\\index.php')
ERROR - 2023-05-15 17:27:34 --> mysqli_sql_exception: Column 'employeename' cannot be null in D:\XAMPP\htdocs\Task-Management_Prooyek\system\Database\MySQLi\Connection.php:295
Stack trace:
#0 D:\XAMPP\htdocs\Task-Management_Prooyek\system\Database\MySQLi\Connection.php(295): mysqli->query('INSERT INTO `em...', 0)
#1 D:\XAMPP\htdocs\Task-Management_Prooyek\system\Database\BaseConnection.php(692): CodeIgniter\Database\MySQLi\Connection->execute('INSERT INTO `em...')
#2 D:\XAMPP\htdocs\Task-Management_Prooyek\system\Database\BaseConnection.php(606): CodeIgniter\Database\BaseConnection->simpleQuery('INSERT INTO `em...')
#3 D:\XAMPP\htdocs\Task-Management_Prooyek\system\Database\BaseBuilder.php(2309): CodeIgniter\Database\BaseConnection->query('INSERT INTO `em...', Array, false)
#4 D:\XAMPP\htdocs\Task-Management_Prooyek\system\Model.php(330): CodeIgniter\Database\BaseBuilder->insert()
#5 D:\XAMPP\htdocs\Task-Management_Prooyek\system\BaseModel.php(782): CodeIgniter\Model->doInsert(Array)
#6 D:\XAMPP\htdocs\Task-Management_Prooyek\system\Model.php(730): CodeIgniter\BaseModel->insert(Array, true)
#7 D:\XAMPP\htdocs\Task-Management_Prooyek\app\Controllers\Product.php(66): CodeIgniter\Model->insert(Array)
#8 D:\XAMPP\htdocs\Task-Management_Prooyek\system\CodeIgniter.php(934): App\Controllers\Product->create()
#9 D:\XAMPP\htdocs\Task-Management_Prooyek\system\CodeIgniter.php(499): CodeIgniter\CodeIgniter->runController(Object(App\Controllers\Product))
#10 D:\XAMPP\htdocs\Task-Management_Prooyek\system\CodeIgniter.php(368): CodeIgniter\CodeIgniter->handleRequest(NULL, Object(Config\Cache), false)
#11 D:\XAMPP\htdocs\Task-Management_Prooyek\public\index.php(67): CodeIgniter\CodeIgniter->run()
#12 D:\XAMPP\htdocs\Task-Management_Prooyek\system\Commands\Server\rewrite.php(47): require_once('D:\\XAMPP\\htdocs...')
#13 {main}
CRITICAL - 2023-05-15 17:27:34 --> Column 'employeename' cannot be null
in SYSTEMPATH\Database\MySQLi\Connection.php on line 295.
 1 SYSTEMPATH\Database\MySQLi\Connection.php(295): mysqli->query('INSERT INTO `employee` (`employeename`, `employeerole`, `emailaddress`, `password`) VALUES (NULL, NULL, NULL, NULL)', 0)
 2 SYSTEMPATH\Database\BaseConnection.php(692): CodeIgniter\Database\MySQLi\Connection->execute('INSERT INTO `employee` (`employeename`, `employeerole`, `emailaddress`, `password`) VALUES (NULL, NULL, NULL, NULL)')
 3 SYSTEMPATH\Database\BaseConnection.php(606): CodeIgniter\Database\BaseConnection->simpleQuery('INSERT INTO `employee` (`employeename`, `employeerole`, `emailaddress`, `password`) VALUES (NULL, NULL, NULL, NULL)')
 4 SYSTEMPATH\Database\BaseBuilder.php(2309): CodeIgniter\Database\BaseConnection->query('INSERT INTO `employee` (`employeename`, `employeerole`, `emailaddress`, `password`) VALUES (:employeename:, :employeerole:, :emailaddress:, :password:)', [...], false)
 5 SYSTEMPATH\Model.php(330): CodeIgniter\Database\BaseBuilder->insert()
 6 SYSTEMPATH\BaseModel.php(782): CodeIgniter\Model->doInsert([...])
 7 SYSTEMPATH\Model.php(730): CodeIgniter\BaseModel->insert([...], true)
 8 APPPATH\Controllers\Product.php(66): CodeIgniter\Model->insert([...])
 9 SYSTEMPATH\CodeIgniter.php(934): App\Controllers\Product->create()
10 SYSTEMPATH\CodeIgniter.php(499): CodeIgniter\CodeIgniter->runController(Object(App\Controllers\Product))
11 SYSTEMPATH\CodeIgniter.php(368): CodeIgniter\CodeIgniter->handleRequest(null, Object(Config\Cache), false)
12 FCPATH\index.php(67): CodeIgniter\CodeIgniter->run()
13 SYSTEMPATH\Commands\Server\rewrite.php(47): require_once('D:\\XAMPP\\htdocs\\Task-Management_Prooyek\\public\\index.php')
ERROR - 2023-05-15 17:29:02 --> mysqli_sql_exception: Column 'employeename' cannot be null in D:\XAMPP\htdocs\Task-Management_Prooyek\system\Database\MySQLi\Connection.php:295
Stack trace:
#0 D:\XAMPP\htdocs\Task-Management_Prooyek\system\Database\MySQLi\Connection.php(295): mysqli->query('INSERT INTO `em...', 0)
#1 D:\XAMPP\htdocs\Task-Management_Prooyek\system\Database\BaseConnection.php(692): CodeIgniter\Database\MySQLi\Connection->execute('INSERT INTO `em...')
#2 D:\XAMPP\htdocs\Task-Management_Prooyek\system\Database\BaseConnection.php(606): CodeIgniter\Database\BaseConnection->simpleQuery('INSERT INTO `em...')
#3 D:\XAMPP\htdocs\Task-Management_Prooyek\system\Database\BaseBuilder.php(2309): CodeIgniter\Database\BaseConnection->query('INSERT INTO `em...', Array, false)
#4 D:\XAMPP\htdocs\Task-Management_Prooyek\system\Model.php(330): CodeIgniter\Database\BaseBuilder->insert()
#5 D:\XAMPP\htdocs\Task-Management_Prooyek\system\BaseModel.php(782): CodeIgniter\Model->doInsert(Array)
#6 D:\XAMPP\htdocs\Task-Management_Prooyek\system\Model.php(730): CodeIgniter\BaseModel->insert(Array, true)
#7 D:\XAMPP\htdocs\Task-Management_Prooyek\app\Controllers\Product.php(66): CodeIgniter\Model->insert(Array)
#8 D:\XAMPP\htdocs\Task-Management_Prooyek\system\CodeIgniter.php(934): App\Controllers\Product->create()
#9 D:\XAMPP\htdocs\Task-Management_Prooyek\system\CodeIgniter.php(499): CodeIgniter\CodeIgniter->runController(Object(App\Controllers\Product))
#10 D:\XAMPP\htdocs\Task-Management_Prooyek\system\CodeIgniter.php(368): CodeIgniter\CodeIgniter->handleRequest(NULL, Object(Config\Cache), false)
#11 D:\XAMPP\htdocs\Task-Management_Prooyek\public\index.php(67): CodeIgniter\CodeIgniter->run()
#12 D:\XAMPP\htdocs\Task-Management_Prooyek\system\Commands\Server\rewrite.php(47): require_once('D:\\XAMPP\\htdocs...')
#13 {main}
CRITICAL - 2023-05-15 17:29:02 --> Column 'employeename' cannot be null
in SYSTEMPATH\Database\MySQLi\Connection.php on line 295.
 1 SYSTEMPATH\Database\MySQLi\Connection.php(295): mysqli->query('INSERT INTO `employee` (`employeename`, `employeerole`, `emailaddress`, `password`) VALUES (NULL, NULL, NULL, NULL)', 0)
 2 SYSTEMPATH\Database\BaseConnection.php(692): CodeIgniter\Database\MySQLi\Connection->execute('INSERT INTO `employee` (`employeename`, `employeerole`, `emailaddress`, `password`) VALUES (NULL, NULL, NULL, NULL)')
 3 SYSTEMPATH\Database\BaseConnection.php(606): CodeIgniter\Database\BaseConnection->simpleQuery('INSERT INTO `employee` (`employeename`, `employeerole`, `emailaddress`, `password`) VALUES (NULL, NULL, NULL, NULL)')
 4 SYSTEMPATH\Database\BaseBuilder.php(2309): CodeIgniter\Database\BaseConnection->query('INSERT INTO `employee` (`employeename`, `employeerole`, `emailaddress`, `password`) VALUES (:employeename:, :employeerole:, :emailaddress:, :password:)', [...], false)
 5 SYSTEMPATH\Model.php(330): CodeIgniter\Database\BaseBuilder->insert()
 6 SYSTEMPATH\BaseModel.php(782): CodeIgniter\Model->doInsert([...])
 7 SYSTEMPATH\Model.php(730): CodeIgniter\BaseModel->insert([...], true)
 8 APPPATH\Controllers\Product.php(66): CodeIgniter\Model->insert([...])
 9 SYSTEMPATH\CodeIgniter.php(934): App\Controllers\Product->create()
10 SYSTEMPATH\CodeIgniter.php(499): CodeIgniter\CodeIgniter->runController(Object(App\Controllers\Product))
11 SYSTEMPATH\CodeIgniter.php(368): CodeIgniter\CodeIgniter->handleRequest(null, Object(Config\Cache), false)
12 FCPATH\index.php(67): CodeIgniter\CodeIgniter->run()
13 SYSTEMPATH\Commands\Server\rewrite.php(47): require_once('D:\\XAMPP\\htdocs\\Task-Management_Prooyek\\public\\index.php')
ERROR - 2023-05-15 17:35:12 --> mysqli_sql_exception: Column 'employeename' cannot be null in D:\XAMPP\htdocs\Task-Management_Prooyek\system\Database\MySQLi\Connection.php:295
Stack trace:
#0 D:\XAMPP\htdocs\Task-Management_Prooyek\system\Database\MySQLi\Connection.php(295): mysqli->query('INSERT INTO `em...', 0)
#1 D:\XAMPP\htdocs\Task-Management_Prooyek\system\Database\BaseConnection.php(692): CodeIgniter\Database\MySQLi\Connection->execute('INSERT INTO `em...')
#2 D:\XAMPP\htdocs\Task-Management_Prooyek\system\Database\BaseConnection.php(606): CodeIgniter\Database\BaseConnection->simpleQuery('INSERT INTO `em...')
#3 D:\XAMPP\htdocs\Task-Management_Prooyek\system\Database\BaseBuilder.php(2309): CodeIgniter\Database\BaseConnection->query('INSERT INTO `em...', Array, false)
#4 D:\XAMPP\htdocs\Task-Management_Prooyek\system\Model.php(330): CodeIgniter\Database\BaseBuilder->insert()
#5 D:\XAMPP\htdocs\Task-Management_Prooyek\system\BaseModel.php(782): CodeIgniter\Model->doInsert(Array)
#6 D:\XAMPP\htdocs\Task-Management_Prooyek\system\Model.php(730): CodeIgniter\BaseModel->insert(Array, true)
#7 D:\XAMPP\htdocs\Task-Management_Prooyek\app\Controllers\Product.php(66): CodeIgniter\Model->insert(Array)
#8 D:\XAMPP\htdocs\Task-Management_Prooyek\system\CodeIgniter.php(934): App\Controllers\Product->create()
#9 D:\XAMPP\htdocs\Task-Management_Prooyek\system\CodeIgniter.php(499): CodeIgniter\CodeIgniter->runController(Object(App\Controllers\Product))
#10 D:\XAMPP\htdocs\Task-Management_Prooyek\system\CodeIgniter.php(368): CodeIgniter\CodeIgniter->handleRequest(NULL, Object(Config\Cache), false)
#11 D:\XAMPP\htdocs\Task-Management_Prooyek\public\index.php(67): CodeIgniter\CodeIgniter->run()
#12 D:\XAMPP\htdocs\Task-Management_Prooyek\system\Commands\Server\rewrite.php(47): require_once('D:\\XAMPP\\htdocs...')
#13 {main}
CRITICAL - 2023-05-15 17:35:12 --> Column 'employeename' cannot be null
in SYSTEMPATH\Database\MySQLi\Connection.php on line 295.
 1 SYSTEMPATH\Database\MySQLi\Connection.php(295): mysqli->query('INSERT INTO `employee` (`employeename`, `employeerole`, `emailaddress`, `password`) VALUES (NULL, NULL, NULL, NULL)', 0)
 2 SYSTEMPATH\Database\BaseConnection.php(692): CodeIgniter\Database\MySQLi\Connection->execute('INSERT INTO `employee` (`employeename`, `employeerole`, `emailaddress`, `password`) VALUES (NULL, NULL, NULL, NULL)')
 3 SYSTEMPATH\Database\BaseConnection.php(606): CodeIgniter\Database\BaseConnection->simpleQuery('INSERT INTO `employee` (`employeename`, `employeerole`, `emailaddress`, `password`) VALUES (NULL, NULL, NULL, NULL)')
 4 SYSTEMPATH\Database\BaseBuilder.php(2309): CodeIgniter\Database\BaseConnection->query('INSERT INTO `employee` (`employeename`, `employeerole`, `emailaddress`, `password`) VALUES (:employeename:, :employeerole:, :emailaddress:, :password:)', [...], false)
 5 SYSTEMPATH\Model.php(330): CodeIgniter\Database\BaseBuilder->insert()
 6 SYSTEMPATH\BaseModel.php(782): CodeIgniter\Model->doInsert([...])
 7 SYSTEMPATH\Model.php(730): CodeIgniter\BaseModel->insert([...], true)
 8 APPPATH\Controllers\Product.php(66): CodeIgniter\Model->insert([...])
 9 SYSTEMPATH\CodeIgniter.php(934): App\Controllers\Product->create()
10 SYSTEMPATH\CodeIgniter.php(499): CodeIgniter\CodeIgniter->runController(Object(App\Controllers\Product))
11 SYSTEMPATH\CodeIgniter.php(368): CodeIgniter\CodeIgniter->handleRequest(null, Object(Config\Cache), false)
12 FCPATH\index.php(67): CodeIgniter\CodeIgniter->run()
13 SYSTEMPATH\Commands\Server\rewrite.php(47): require_once('D:\\XAMPP\\htdocs\\Task-Management_Prooyek\\public\\index.php')
ERROR - 2023-05-15 17:45:38 --> mysqli_sql_exception: Column 'employeename' cannot be null in D:\XAMPP\htdocs\Task-Management_Prooyek\system\Database\MySQLi\Connection.php:295
Stack trace:
#0 D:\XAMPP\htdocs\Task-Management_Prooyek\system\Database\MySQLi\Connection.php(295): mysqli->query('INSERT INTO `em...', 0)
#1 D:\XAMPP\htdocs\Task-Management_Prooyek\system\Database\BaseConnection.php(692): CodeIgniter\Database\MySQLi\Connection->execute('INSERT INTO `em...')
#2 D:\XAMPP\htdocs\Task-Management_Prooyek\system\Database\BaseConnection.php(606): CodeIgniter\Database\BaseConnection->simpleQuery('INSERT INTO `em...')
#3 D:\XAMPP\htdocs\Task-Management_Prooyek\system\Database\BaseBuilder.php(2309): CodeIgniter\Database\BaseConnection->query('INSERT INTO `em...', Array, false)
#4 D:\XAMPP\htdocs\Task-Management_Prooyek\system\Model.php(330): CodeIgniter\Database\BaseBuilder->insert()
#5 D:\XAMPP\htdocs\Task-Management_Prooyek\system\BaseModel.php(782): CodeIgniter\Model->doInsert(Array)
#6 D:\XAMPP\htdocs\Task-Management_Prooyek\system\Model.php(730): CodeIgniter\BaseModel->insert(Array, true)
#7 D:\XAMPP\htdocs\Task-Management_Prooyek\app\Controllers\Product.php(66): CodeIgniter\Model->insert(Array)
#8 D:\XAMPP\htdocs\Task-Management_Prooyek\system\CodeIgniter.php(934): App\Controllers\Product->create()
#9 D:\XAMPP\htdocs\Task-Management_Prooyek\system\CodeIgniter.php(499): CodeIgniter\CodeIgniter->runController(Object(App\Controllers\Product))
#10 D:\XAMPP\htdocs\Task-Management_Prooyek\system\CodeIgniter.php(368): CodeIgniter\CodeIgniter->handleRequest(NULL, Object(Config\Cache), false)
#11 D:\XAMPP\htdocs\Task-Management_Prooyek\public\index.php(67): CodeIgniter\CodeIgniter->run()
#12 D:\XAMPP\htdocs\Task-Management_Prooyek\system\Commands\Server\rewrite.php(47): require_once('D:\\XAMPP\\htdocs...')
#13 {main}
CRITICAL - 2023-05-15 17:45:38 --> Column 'employeename' cannot be null
in SYSTEMPATH\Database\MySQLi\Connection.php on line 295.
 1 SYSTEMPATH\Database\MySQLi\Connection.php(295): mysqli->query('INSERT INTO `employee` (`employeename`, `employeerole`, `emailaddress`, `password`) VALUES (NULL, NULL, NULL, NULL)', 0)
 2 SYSTEMPATH\Database\BaseConnection.php(692): CodeIgniter\Database\MySQLi\Connection->execute('INSERT INTO `employee` (`employeename`, `employeerole`, `emailaddress`, `password`) VALUES (NULL, NULL, NULL, NULL)')
 3 SYSTEMPATH\Database\BaseConnection.php(606): CodeIgniter\Database\BaseConnection->simpleQuery('INSERT INTO `employee` (`employeename`, `employeerole`, `emailaddress`, `password`) VALUES (NULL, NULL, NULL, NULL)')
 4 SYSTEMPATH\Database\BaseBuilder.php(2309): CodeIgniter\Database\BaseConnection->query('INSERT INTO `employee` (`employeename`, `employeerole`, `emailaddress`, `password`) VALUES (:employeename:, :employeerole:, :emailaddress:, :password:)', [...], false)
 5 SYSTEMPATH\Model.php(330): CodeIgniter\Database\BaseBuilder->insert()
 6 SYSTEMPATH\BaseModel.php(782): CodeIgniter\Model->doInsert([...])
 7 SYSTEMPATH\Model.php(730): CodeIgniter\BaseModel->insert([...], true)
 8 APPPATH\Controllers\Product.php(66): CodeIgniter\Model->insert([...])
 9 SYSTEMPATH\CodeIgniter.php(934): App\Controllers\Product->create()
10 SYSTEMPATH\CodeIgniter.php(499): CodeIgniter\CodeIgniter->runController(Object(App\Controllers\Product))
11 SYSTEMPATH\CodeIgniter.php(368): CodeIgniter\CodeIgniter->handleRequest(null, Object(Config\Cache), false)
12 FCPATH\index.php(67): CodeIgniter\CodeIgniter->run()
13 SYSTEMPATH\Commands\Server\rewrite.php(47): require_once('D:\\XAMPP\\htdocs\\Task-Management_Prooyek\\public\\index.php')
ERROR - 2023-05-15 17:49:22 --> mysqli_sql_exception: Column 'employeename' cannot be null in D:\XAMPP\htdocs\Task-Management_Prooyek\system\Database\MySQLi\Connection.php:295
Stack trace:
#0 D:\XAMPP\htdocs\Task-Management_Prooyek\system\Database\MySQLi\Connection.php(295): mysqli->query('INSERT INTO `em...', 0)
#1 D:\XAMPP\htdocs\Task-Management_Prooyek\system\Database\BaseConnection.php(692): CodeIgniter\Database\MySQLi\Connection->execute('INSERT INTO `em...')
#2 D:\XAMPP\htdocs\Task-Management_Prooyek\system\Database\BaseConnection.php(606): CodeIgniter\Database\BaseConnection->simpleQuery('INSERT INTO `em...')
#3 D:\XAMPP\htdocs\Task-Management_Prooyek\system\Database\BaseBuilder.php(2309): CodeIgniter\Database\BaseConnection->query('INSERT INTO `em...', Array, false)
#4 D:\XAMPP\htdocs\Task-Management_Prooyek\system\Model.php(330): CodeIgniter\Database\BaseBuilder->insert()
#5 D:\XAMPP\htdocs\Task-Management_Prooyek\system\BaseModel.php(782): CodeIgniter\Model->doInsert(Array)
#6 D:\XAMPP\htdocs\Task-Management_Prooyek\system\Model.php(730): CodeIgniter\BaseModel->insert(Array, true)
#7 D:\XAMPP\htdocs\Task-Management_Prooyek\app\Controllers\Product.php(66): CodeIgniter\Model->insert(Array)
#8 D:\XAMPP\htdocs\Task-Management_Prooyek\system\CodeIgniter.php(934): App\Controllers\Product->create()
#9 D:\XAMPP\htdocs\Task-Management_Prooyek\system\CodeIgniter.php(499): CodeIgniter\CodeIgniter->runController(Object(App\Controllers\Product))
#10 D:\XAMPP\htdocs\Task-Management_Prooyek\system\CodeIgniter.php(368): CodeIgniter\CodeIgniter->handleRequest(NULL, Object(Config\Cache), false)
#11 D:\XAMPP\htdocs\Task-Management_Prooyek\public\index.php(67): CodeIgniter\CodeIgniter->run()
#12 D:\XAMPP\htdocs\Task-Management_Prooyek\system\Commands\Server\rewrite.php(47): require_once('D:\\XAMPP\\htdocs...')
#13 {main}
CRITICAL - 2023-05-15 17:49:22 --> Column 'employeename' cannot be null
in SYSTEMPATH\Database\MySQLi\Connection.php on line 295.
 1 SYSTEMPATH\Database\MySQLi\Connection.php(295): mysqli->query('INSERT INTO `employee` (`employeename`, `employeerole`, `emailaddress`, `password`) VALUES (NULL, NULL, NULL, NULL)', 0)
 2 SYSTEMPATH\Database\BaseConnection.php(692): CodeIgniter\Database\MySQLi\Connection->execute('INSERT INTO `employee` (`employeename`, `employeerole`, `emailaddress`, `password`) VALUES (NULL, NULL, NULL, NULL)')
 3 SYSTEMPATH\Database\BaseConnection.php(606): CodeIgniter\Database\BaseConnection->simpleQuery('INSERT INTO `employee` (`employeename`, `employeerole`, `emailaddress`, `password`) VALUES (NULL, NULL, NULL, NULL)')
 4 SYSTEMPATH\Database\BaseBuilder.php(2309): CodeIgniter\Database\BaseConnection->query('INSERT INTO `employee` (`employeename`, `employeerole`, `emailaddress`, `password`) VALUES (:employeename:, :employeerole:, :emailaddress:, :password:)', [...], false)
 5 SYSTEMPATH\Model.php(330): CodeIgniter\Database\BaseBuilder->insert()
 6 SYSTEMPATH\BaseModel.php(782): CodeIgniter\Model->doInsert([...])
 7 SYSTEMPATH\Model.php(730): CodeIgniter\BaseModel->insert([...], true)
 8 APPPATH\Controllers\Product.php(66): CodeIgniter\Model->insert([...])
 9 SYSTEMPATH\CodeIgniter.php(934): App\Controllers\Product->create()
10 SYSTEMPATH\CodeIgniter.php(499): CodeIgniter\CodeIgniter->runController(Object(App\Controllers\Product))
11 SYSTEMPATH\CodeIgniter.php(368): CodeIgniter\CodeIgniter->handleRequest(null, Object(Config\Cache), false)
12 FCPATH\index.php(67): CodeIgniter\CodeIgniter->run()
13 SYSTEMPATH\Commands\Server\rewrite.php(47): require_once('D:\\XAMPP\\htdocs\\Task-Management_Prooyek\\public\\index.php')
CRITICAL - 2023-05-15 17:51:40 --> Undefined variable $assigned
in APPPATH\Views\layouts\admin\todotask\viewemployeetasks\index.php on line 22.
 1 APPPATH\Views\layouts\admin\todotask\viewemployeetasks\index.php(22): CodeIgniter\Debug\Exceptions->errorHandler(2, 'Undefined variable $assigned', 'D:\\XAMPP\\htdocs\\Task-Management_Prooyek\\app\\Views\\layouts\\admin\\todotask\\viewemployeetasks\\index.php', 22)
 2 SYSTEMPATH\View\View.php(213): include('D:\\XAMPP\\htdocs\\Task-Management_Prooyek\\app\\Views\\layouts\\admin\\todotask\\viewemployeetasks\\index.php')
 3 SYSTEMPATH\View\View.php(216): CodeIgniter\View\View->CodeIgniter\View\{closure}()
 4 SYSTEMPATH\Common.php(1184): CodeIgniter\View\View->render('layouts/admin/todotask/viewemployeetasks/index', [], true)
 5 APPPATH\Controllers\ViewEmployeeTasks.php(16): view('layouts/admin/todotask/viewemployeetasks/index')
 6 SYSTEMPATH\CodeIgniter.php(934): App\Controllers\ViewEmployeeTasks->index()
 7 SYSTEMPATH\CodeIgniter.php(499): CodeIgniter\CodeIgniter->runController(Object(App\Controllers\ViewEmployeeTasks))
 8 SYSTEMPATH\CodeIgniter.php(368): CodeIgniter\CodeIgniter->handleRequest(null, Object(Config\Cache), false)
 9 FCPATH\index.php(67): CodeIgniter\CodeIgniter->run()
10 SYSTEMPATH\Commands\Server\rewrite.php(47): require_once('D:\\XAMPP\\htdocs\\Task-Management_Prooyek\\public\\index.php')
CRITICAL - 2023-05-15 17:52:08 --> Undefined variable $assign
in APPPATH\Views\layouts\admin\todotask\viewemployeetasks\index.php on line 22.
 1 APPPATH\Views\layouts\admin\todotask\viewemployeetasks\index.php(22): CodeIgniter\Debug\Exceptions->errorHandler(2, 'Undefined variable $assign', 'D:\\XAMPP\\htdocs\\Task-Management_Prooyek\\app\\Views\\layouts\\admin\\todotask\\viewemployeetasks\\index.php', 22)
 2 SYSTEMPATH\View\View.php(213): include('D:\\XAMPP\\htdocs\\Task-Management_Prooyek\\app\\Views\\layouts\\admin\\todotask\\viewemployeetasks\\index.php')
 3 SYSTEMPATH\View\View.php(216): CodeIgniter\View\View->CodeIgniter\View\{closure}()
 4 SYSTEMPATH\Common.php(1184): CodeIgniter\View\View->render('layouts/admin/todotask/viewemployeetasks/index', [], true)
 5 APPPATH\Controllers\ViewEmployeeTasks.php(16): view('layouts/admin/todotask/viewemployeetasks/index')
 6 SYSTEMPATH\CodeIgniter.php(934): App\Controllers\ViewEmployeeTasks->index()
 7 SYSTEMPATH\CodeIgniter.php(499): CodeIgniter\CodeIgniter->runController(Object(App\Controllers\ViewEmployeeTasks))
 8 SYSTEMPATH\CodeIgniter.php(368): CodeIgniter\CodeIgniter->handleRequest(null, Object(Config\Cache), false)
 9 FCPATH\index.php(67): CodeIgniter\CodeIgniter->run()
10 SYSTEMPATH\Commands\Server\rewrite.php(47): require_once('D:\\XAMPP\\htdocs\\Task-Management_Prooyek\\public\\index.php')
CRITICAL - 2023-05-15 17:53:34 --> Undefined variable $assign
in APPPATH\Views\layouts\admin\todotask\viewemployeetasks\index.php on line 22.
 1 APPPATH\Views\layouts\admin\todotask\viewemployeetasks\index.php(22): CodeIgniter\Debug\Exceptions->errorHandler(2, 'Undefined variable $assign', 'D:\\XAMPP\\htdocs\\Task-Management_Prooyek\\app\\Views\\layouts\\admin\\todotask\\viewemployeetasks\\index.php', 22)
 2 SYSTEMPATH\View\View.php(213): include('D:\\XAMPP\\htdocs\\Task-Management_Prooyek\\app\\Views\\layouts\\admin\\todotask\\viewemployeetasks\\index.php')
 3 SYSTEMPATH\View\View.php(216): CodeIgniter\View\View->CodeIgniter\View\{closure}()
 4 SYSTEMPATH\Common.php(1184): CodeIgniter\View\View->render('layouts/admin/todotask/viewemployeetasks/index', [], true)
 5 APPPATH\Controllers\ViewEmployeeTasks.php(26): view('layouts/admin/todotask/viewemployeetasks/index')
 6 SYSTEMPATH\CodeIgniter.php(934): App\Controllers\ViewEmployeeTasks->index()
 7 SYSTEMPATH\CodeIgniter.php(499): CodeIgniter\CodeIgniter->runController(Object(App\Controllers\ViewEmployeeTasks))
 8 SYSTEMPATH\CodeIgniter.php(368): CodeIgniter\CodeIgniter->handleRequest(null, Object(Config\Cache), false)
 9 FCPATH\index.php(67): CodeIgniter\CodeIgniter->run()
10 SYSTEMPATH\Commands\Server\rewrite.php(47): require_once('D:\\XAMPP\\htdocs\\Task-Management_Prooyek\\public\\index.php')
CRITICAL - 2023-05-15 17:55:54 --> Undefined variable $assign
in APPPATH\Views\layouts\admin\todotask\viewemployeetasks\index.php on line 21.
 1 APPPATH\Views\layouts\admin\todotask\viewemployeetasks\index.php(21): CodeIgniter\Debug\Exceptions->errorHandler(2, 'Undefined variable $assign', 'D:\\XAMPP\\htdocs\\Task-Management_Prooyek\\app\\Views\\layouts\\admin\\todotask\\viewemployeetasks\\index.php', 21)
 2 SYSTEMPATH\View\View.php(213): include('D:\\XAMPP\\htdocs\\Task-Management_Prooyek\\app\\Views\\layouts\\admin\\todotask\\viewemployeetasks\\index.php')
 3 SYSTEMPATH\View\View.php(216): CodeIgniter\View\View->CodeIgniter\View\{closure}()
 4 SYSTEMPATH\Common.php(1184): CodeIgniter\View\View->render('layouts/admin/todotask/viewemployeetasks/index', [], true)
 5 APPPATH\Controllers\ViewEmployeeTasks.php(26): view('layouts/admin/todotask/viewemployeetasks/index')
 6 SYSTEMPATH\CodeIgniter.php(934): App\Controllers\ViewEmployeeTasks->index()
 7 SYSTEMPATH\CodeIgniter.php(499): CodeIgniter\CodeIgniter->runController(Object(App\Controllers\ViewEmployeeTasks))
 8 SYSTEMPATH\CodeIgniter.php(368): CodeIgniter\CodeIgniter->handleRequest(null, Object(Config\Cache), false)
 9 FCPATH\index.php(67): CodeIgniter\CodeIgniter->run()
10 SYSTEMPATH\Commands\Server\rewrite.php(47): require_once('D:\\XAMPP\\htdocs\\Task-Management_Prooyek\\public\\index.php')
CRITICAL - 2023-05-15 17:58:42 --> Undefined array key "comments"
in APPPATH\Views\layouts\admin\todotask\viewemployeetasks\index.php on line 28.
 1 APPPATH\Views\layouts\admin\todotask\viewemployeetasks\index.php(28): CodeIgniter\Debug\Exceptions->errorHandler(2, 'Undefined array key "comments"', 'D:\\XAMPP\\htdocs\\Task-Management_Prooyek\\app\\Views\\layouts\\admin\\todotask\\viewemployeetasks\\index.php', 28)
 2 SYSTEMPATH\View\View.php(213): include('D:\\XAMPP\\htdocs\\Task-Management_Prooyek\\app\\Views\\layouts\\admin\\todotask\\viewemployeetasks\\index.php')
 3 SYSTEMPATH\View\View.php(216): CodeIgniter\View\View->CodeIgniter\View\{closure}()
 4 SYSTEMPATH\Common.php(1184): CodeIgniter\View\View->render('layouts/admin/todotask/viewemployeetasks/index', [], true)
 5 APPPATH\Controllers\ViewEmployeeTasks.php(26): view('layouts/admin/todotask/viewemployeetasks/index', [...])
 6 SYSTEMPATH\CodeIgniter.php(934): App\Controllers\ViewEmployeeTasks->index()
 7 SYSTEMPATH\CodeIgniter.php(499): CodeIgniter\CodeIgniter->runController(Object(App\Controllers\ViewEmployeeTasks))
 8 SYSTEMPATH\CodeIgniter.php(368): CodeIgniter\CodeIgniter->handleRequest(null, Object(Config\Cache), false)
 9 FCPATH\index.php(67): CodeIgniter\CodeIgniter->run()
10 SYSTEMPATH\Commands\Server\rewrite.php(47): require_once('D:\\XAMPP\\htdocs\\Task-Management_Prooyek\\public\\index.php')
CRITICAL - 2023-05-15 18:04:23 --> Undefined property: App\Controllers\Product::$employeeModel
in APPPATH\Controllers\Product.php on line 60.
 1 APPPATH\Controllers\Product.php(60): CodeIgniter\Debug\Exceptions->errorHandler(2, 'Undefined property: App\\Controllers\\Product::$employeeModel', 'D:\\XAMPP\\htdocs\\Task-Management_Prooyek\\app\\Controllers\\Product.php', 60)
 2 SYSTEMPATH\CodeIgniter.php(934): App\Controllers\Product->create()
 3 SYSTEMPATH\CodeIgniter.php(499): CodeIgniter\CodeIgniter->runController(Object(App\Controllers\Product))
 4 SYSTEMPATH\CodeIgniter.php(368): CodeIgniter\CodeIgniter->handleRequest(null, Object(Config\Cache), false)
 5 FCPATH\index.php(67): CodeIgniter\CodeIgniter->run()
 6 SYSTEMPATH\Commands\Server\rewrite.php(47): require_once('D:\\XAMPP\\htdocs\\Task-Management_Prooyek\\public\\index.php')
CRITICAL - 2023-05-15 18:05:14 --> Undefined variable $employees
in APPPATH\Controllers\Product.php on line 16.
 1 APPPATH\Controllers\Product.php(16): CodeIgniter\Debug\Exceptions->errorHandler(2, 'Undefined variable $employees', 'D:\\XAMPP\\htdocs\\Task-Management_Prooyek\\app\\Controllers\\Product.php', 16)
 2 SYSTEMPATH\CodeIgniter.php(934): App\Controllers\Product->index()
 3 SYSTEMPATH\CodeIgniter.php(499): CodeIgniter\CodeIgniter->runController(Object(App\Controllers\Product))
 4 SYSTEMPATH\CodeIgniter.php(368): CodeIgniter\CodeIgniter->handleRequest(null, Object(Config\Cache), false)
 5 FCPATH\index.php(67): CodeIgniter\CodeIgniter->run()
 6 SYSTEMPATH\Commands\Server\rewrite.php(47): require_once('D:\\XAMPP\\htdocs\\Task-Management_Prooyek\\public\\index.php')
ERROR - 2023-05-15 18:12:22 --> mysqli_sql_exception: Column 'employeename' cannot be null in D:\XAMPP\htdocs\Task-Management_Prooyek\system\Database\MySQLi\Connection.php:295
Stack trace:
#0 D:\XAMPP\htdocs\Task-Management_Prooyek\system\Database\MySQLi\Connection.php(295): mysqli->query('INSERT INTO `em...', 0)
#1 D:\XAMPP\htdocs\Task-Management_Prooyek\system\Database\BaseConnection.php(692): CodeIgniter\Database\MySQLi\Connection->execute('INSERT INTO `em...')
#2 D:\XAMPP\htdocs\Task-Management_Prooyek\system\Database\BaseConnection.php(606): CodeIgniter\Database\BaseConnection->simpleQuery('INSERT INTO `em...')
#3 D:\XAMPP\htdocs\Task-Management_Prooyek\system\Database\BaseBuilder.php(2309): CodeIgniter\Database\BaseConnection->query('INSERT INTO `em...', Array, false)
#4 D:\XAMPP\htdocs\Task-Management_Prooyek\system\Model.php(330): CodeIgniter\Database\BaseBuilder->insert()
#5 D:\XAMPP\htdocs\Task-Management_Prooyek\system\BaseModel.php(782): CodeIgniter\Model->doInsert(Array)
#6 D:\XAMPP\htdocs\Task-Management_Prooyek\system\Model.php(730): CodeIgniter\BaseModel->insert(Array, true)
#7 D:\XAMPP\htdocs\Task-Management_Prooyek\app\Controllers\Product.php(64): CodeIgniter\Model->insert(Array)
#8 D:\XAMPP\htdocs\Task-Management_Prooyek\system\CodeIgniter.php(934): App\Controllers\Product->create()
#9 D:\XAMPP\htdocs\Task-Management_Prooyek\system\CodeIgniter.php(499): CodeIgniter\CodeIgniter->runController(Object(App\Controllers\Product))
#10 D:\XAMPP\htdocs\Task-Management_Prooyek\system\CodeIgniter.php(368): CodeIgniter\CodeIgniter->handleRequest(NULL, Object(Config\Cache), false)
#11 D:\XAMPP\htdocs\Task-Management_Prooyek\public\index.php(67): CodeIgniter\CodeIgniter->run()
#12 D:\XAMPP\htdocs\Task-Management_Prooyek\system\Commands\Server\rewrite.php(47): require_once('D:\\XAMPP\\htdocs...')
#13 {main}
CRITICAL - 2023-05-15 18:12:22 --> Column 'employeename' cannot be null
in SYSTEMPATH\Database\MySQLi\Connection.php on line 295.
 1 SYSTEMPATH\Database\MySQLi\Connection.php(295): mysqli->query('INSERT INTO `employee` (`employeename`, `employeerole`, `emailaddress`, `password`) VALUES (NULL, NULL, NULL, NULL)', 0)
 2 SYSTEMPATH\Database\BaseConnection.php(692): CodeIgniter\Database\MySQLi\Connection->execute('INSERT INTO `employee` (`employeename`, `employeerole`, `emailaddress`, `password`) VALUES (NULL, NULL, NULL, NULL)')
 3 SYSTEMPATH\Database\BaseConnection.php(606): CodeIgniter\Database\BaseConnection->simpleQuery('INSERT INTO `employee` (`employeename`, `employeerole`, `emailaddress`, `password`) VALUES (NULL, NULL, NULL, NULL)')
 4 SYSTEMPATH\Database\BaseBuilder.php(2309): CodeIgniter\Database\BaseConnection->query('INSERT INTO `employee` (`employeename`, `employeerole`, `emailaddress`, `password`) VALUES (:employeename:, :employeerole:, :emailaddress:, :password:)', [...], false)
 5 SYSTEMPATH\Model.php(330): CodeIgniter\Database\BaseBuilder->insert()
 6 SYSTEMPATH\BaseModel.php(782): CodeIgniter\Model->doInsert([...])
 7 SYSTEMPATH\Model.php(730): CodeIgniter\BaseModel->insert([...], true)
 8 APPPATH\Controllers\Product.php(64): CodeIgniter\Model->insert([...])
 9 SYSTEMPATH\CodeIgniter.php(934): App\Controllers\Product->create()
10 SYSTEMPATH\CodeIgniter.php(499): CodeIgniter\CodeIgniter->runController(Object(App\Controllers\Product))
11 SYSTEMPATH\CodeIgniter.php(368): CodeIgniter\CodeIgniter->handleRequest(null, Object(Config\Cache), false)
12 FCPATH\index.php(67): CodeIgniter\CodeIgniter->run()
13 SYSTEMPATH\Commands\Server\rewrite.php(47): require_once('D:\\XAMPP\\htdocs\\Task-Management_Prooyek\\public\\index.php')
CRITICAL - 2023-05-15 18:13:14 --> Invalid file: "layouts/users/dashboard/head.php"
in SYSTEMPATH\Exceptions\FrameworkException.php on line 33.
 1 SYSTEMPATH\View\View.php(201): CodeIgniter\Exceptions\FrameworkException::forInvalidFile('layouts/users/dashboard/head.php')
 2 SYSTEMPATH\View\View.php(431): CodeIgniter\View\View->render('layouts/users/dashboard/head', null, true)
 3 APPPATH\Views\layouts\users\dashboardU\base.php(5): CodeIgniter\View\View->include('layouts/users/dashboard/head')
 4 SYSTEMPATH\View\View.php(213): include('D:\\XAMPP\\htdocs\\Task-Management_Prooyek\\app\\Views\\layouts\\users\\dashboardU\\base.php')
 5 SYSTEMPATH\View\View.php(216): CodeIgniter\View\View->CodeIgniter\View\{closure}()
 6 SYSTEMPATH\View\View.php(229): CodeIgniter\View\View->render('layouts/users/dashboardU/base', [], true)
 7 SYSTEMPATH\Common.php(1184): CodeIgniter\View\View->render('layouts/users/dashboardU/dashboardU/index', [], true)
 8 APPPATH\Controllers\Dashboard.php(17): view('layouts/users/dashboardU/dashboardU/index')
 9 SYSTEMPATH\CodeIgniter.php(934): App\Controllers\Dashboard->index()
10 SYSTEMPATH\CodeIgniter.php(499): CodeIgniter\CodeIgniter->runController(Object(App\Controllers\Dashboard))
11 SYSTEMPATH\CodeIgniter.php(368): CodeIgniter\CodeIgniter->handleRequest(null, Object(Config\Cache), false)
12 FCPATH\index.php(67): CodeIgniter\CodeIgniter->run()
13 SYSTEMPATH\Commands\Server\rewrite.php(47): require_once('D:\\XAMPP\\htdocs\\Task-Management_Prooyek\\public\\index.php')
CRITICAL - 2023-05-15 18:24:33 --> Invalid file: "layouts/users/view/index.php"
in SYSTEMPATH\Exceptions\FrameworkException.php on line 33.
 1 SYSTEMPATH\View\View.php(201): CodeIgniter\Exceptions\FrameworkException::forInvalidFile('layouts/users/view/index.php')
 2 SYSTEMPATH\Common.php(1184): CodeIgniter\View\View->render('layouts/users/view/index', [], true)
 3 APPPATH\Controllers\View.php(16): view('layouts/users/view/index')
 4 SYSTEMPATH\CodeIgniter.php(934): App\Controllers\View->index()
 5 SYSTEMPATH\CodeIgniter.php(499): CodeIgniter\CodeIgniter->runController(Object(App\Controllers\View))
 6 SYSTEMPATH\CodeIgniter.php(368): CodeIgniter\CodeIgniter->handleRequest(null, Object(Config\Cache), false)
 7 FCPATH\index.php(67): CodeIgniter\CodeIgniter->run()
 8 SYSTEMPATH\Commands\Server\rewrite.php(47): require_once('D:\\XAMPP\\htdocs\\Task-Management_Prooyek\\public\\index.php')
