CRITICAL - 2023-05-12 07:35:28 --> Undefined property: App\Controllers\Product::$session
in APPPATH\Controllers\Product.php on line 59.
 1 APPPATH\Controllers\Product.php(59): CodeIgniter\Debug\Exceptions->errorHandler(2, 'Undefined property: App\\Controllers\\Product::$session', 'D:\\XAMPP\\htdocs\\Task-Management_Prooyek\\app\\Controllers\\Product.php', 59)
 2 SYSTEMPATH\CodeIgniter.php(934): App\Controllers\Product->create()
 3 SYSTEMPATH\CodeIgniter.php(499): CodeIgniter\CodeIgniter->runController(Object(App\Controllers\Product))
 4 SYSTEMPATH\CodeIgniter.php(368): CodeIgniter\CodeIgniter->handleRequest(null, Object(Config\Cache), false)
 5 FCPATH\index.php(67): CodeIgniter\CodeIgniter->run()
 6 SYSTEMPATH\Commands\Server\rewrite.php(47): require_once('D:\\XAMPP\\htdocs\\Task-Management_Prooyek\\public\\index.php')
CRITICAL - 2023-05-12 07:39:05 --> Undefined variable $payload
in APPPATH\Controllers\Product.php on line 28.
 1 APPPATH\Controllers\Product.php(28): CodeIgniter\Debug\Exceptions->errorHandler(2, 'Undefined variable $payload', 'D:\\XAMPP\\htdocs\\Task-Management_Prooyek\\app\\Controllers\\Product.php', 28)
 2 SYSTEMPATH\CodeIgniter.php(934): App\Controllers\Product->index()
 3 SYSTEMPATH\CodeIgniter.php(499): CodeIgniter\CodeIgniter->runController(Object(App\Controllers\Product))
 4 SYSTEMPATH\CodeIgniter.php(368): CodeIgniter\CodeIgniter->handleRequest(null, Object(Config\Cache), false)
 5 FCPATH\index.php(67): CodeIgniter\CodeIgniter->run()
 6 SYSTEMPATH\Commands\Server\rewrite.php(47): require_once('D:\\XAMPP\\htdocs\\Task-Management_Prooyek\\public\\index.php')
CRITICAL - 2023-05-12 08:45:27 --> Undefined variable $no
in APPPATH\Views\layouts\admin\employeesection\viewallemployee\viewallemployee\index.php on line 22.
 1 APPPATH\Views\layouts\admin\employeesection\viewallemployee\viewallemployee\index.php(22): CodeIgniter\Debug\Exceptions->errorHandler(2, 'Undefined variable $no', 'D:\\XAMPP\\htdocs\\Task-Management_Prooyek\\app\\Views\\layouts\\admin\\employeesection\\viewallemployee\\viewallemployee\\index.php', 22)
 2 SYSTEMPATH\View\View.php(213): include('D:\\XAMPP\\htdocs\\Task-Management_Prooyek\\app\\Views\\layouts\\admin\\employeesection\\viewallemployee\\viewallemployee\\index.php')
 3 SYSTEMPATH\View\View.php(216): CodeIgniter\View\View->CodeIgniter\View\{closure}()
 4 SYSTEMPATH\Common.php(1184): CodeIgniter\View\View->render('layouts/admin/employeesection/viewallemployee/viewallemployee/index', [], true)
 5 APPPATH\Controllers\ViewAllEmployee.php(26): view('layouts/admin/employeesection/viewallemployee/viewallemployee/index', [...])
 6 SYSTEMPATH\CodeIgniter.php(934): App\Controllers\ViewAllEmployee->index()
 7 SYSTEMPATH\CodeIgniter.php(499): CodeIgniter\CodeIgniter->runController(Object(App\Controllers\ViewAllEmployee))
 8 SYSTEMPATH\CodeIgniter.php(368): CodeIgniter\CodeIgniter->handleRequest(null, Object(Config\Cache), false)
 9 FCPATH\index.php(67): CodeIgniter\CodeIgniter->run()
10 SYSTEMPATH\Commands\Server\rewrite.php(47): require_once('D:\\XAMPP\\htdocs\\Task-Management_Prooyek\\public\\index.php')
CRITICAL - 2023-05-12 08:48:14 --> Undefined variable $No
in APPPATH\Views\layouts\admin\employeesection\viewallemployee\viewallemployee\index.php on line 22.
 1 APPPATH\Views\layouts\admin\employeesection\viewallemployee\viewallemployee\index.php(22): CodeIgniter\Debug\Exceptions->errorHandler(2, 'Undefined variable $No', 'D:\\XAMPP\\htdocs\\Task-Management_Prooyek\\app\\Views\\layouts\\admin\\employeesection\\viewallemployee\\viewallemployee\\index.php', 22)
 2 SYSTEMPATH\View\View.php(213): include('D:\\XAMPP\\htdocs\\Task-Management_Prooyek\\app\\Views\\layouts\\admin\\employeesection\\viewallemployee\\viewallemployee\\index.php')
 3 SYSTEMPATH\View\View.php(216): CodeIgniter\View\View->CodeIgniter\View\{closure}()
 4 SYSTEMPATH\Common.php(1184): CodeIgniter\View\View->render('layouts/admin/employeesection/viewallemployee/viewallemployee/index', [], true)
 5 APPPATH\Controllers\ViewAllEmployee.php(26): view('layouts/admin/employeesection/viewallemployee/viewallemployee/index', [...])
 6 SYSTEMPATH\CodeIgniter.php(934): App\Controllers\ViewAllEmployee->index()
 7 SYSTEMPATH\CodeIgniter.php(499): CodeIgniter\CodeIgniter->runController(Object(App\Controllers\ViewAllEmployee))
 8 SYSTEMPATH\CodeIgniter.php(368): CodeIgniter\CodeIgniter->handleRequest(null, Object(Config\Cache), false)
 9 FCPATH\index.php(67): CodeIgniter\CodeIgniter->run()
10 SYSTEMPATH\Commands\Server\rewrite.php(47): require_once('D:\\XAMPP\\htdocs\\Task-Management_Prooyek\\public\\index.php')
CRITICAL - 2023-05-12 13:17:31 --> Invalid file: "layouts/admin/employeesection/base.php"
in SYSTEMPATH\Exceptions\FrameworkException.php on line 33.
 1 SYSTEMPATH\View\View.php(201): CodeIgniter\Exceptions\FrameworkException::forInvalidFile('layouts/admin/employeesection/base.php')
 2 SYSTEMPATH\View\View.php(229): CodeIgniter\View\View->render('layouts/admin/employeesection/base', [], true)
 3 SYSTEMPATH\Common.php(1184): CodeIgniter\View\View->render('layouts/admin/employeesection/addemployee/index', [], true)
 4 APPPATH\Controllers\AddEmployee.php(26): view('layouts/admin/employeesection/addemployee/index', [...])
 5 SYSTEMPATH\CodeIgniter.php(934): App\Controllers\AddEmployee->index()
 6 SYSTEMPATH\CodeIgniter.php(499): CodeIgniter\CodeIgniter->runController(Object(App\Controllers\AddEmployee))
 7 SYSTEMPATH\CodeIgniter.php(368): CodeIgniter\CodeIgniter->handleRequest(null, Object(Config\Cache), false)
 8 FCPATH\index.php(67): CodeIgniter\CodeIgniter->run()
 9 SYSTEMPATH\Commands\Server\rewrite.php(47): require_once('D:\\XAMPP\\htdocs\\Task-Management_Prooyek\\public\\index.php')
CRITICAL - 2023-05-12 13:22:36 --> Invalid file: "layouts/admin/employeesection/viewallemployee/viewallemployee/index.php"
in SYSTEMPATH\Exceptions\FrameworkException.php on line 33.
 1 SYSTEMPATH\View\View.php(201): CodeIgniter\Exceptions\FrameworkException::forInvalidFile('layouts/admin/employeesection/viewallemployee/viewallemployee/index.php')
 2 SYSTEMPATH\Common.php(1184): CodeIgniter\View\View->render('layouts/admin/employeesection/viewallemployee/viewallemployee/index', [], true)
 3 APPPATH\Controllers\ViewAllEmployee.php(26): view('layouts/admin/employeesection/viewallemployee/viewallemployee/index', [...])
 4 SYSTEMPATH\CodeIgniter.php(934): App\Controllers\ViewAllEmployee->index()
 5 SYSTEMPATH\CodeIgniter.php(499): CodeIgniter\CodeIgniter->runController(Object(App\Controllers\ViewAllEmployee))
 6 SYSTEMPATH\CodeIgniter.php(368): CodeIgniter\CodeIgniter->handleRequest(null, Object(Config\Cache), false)
 7 FCPATH\index.php(67): CodeIgniter\CodeIgniter->run()
 8 SYSTEMPATH\Commands\Server\rewrite.php(47): require_once('D:\\XAMPP\\htdocs\\Task-Management_Prooyek\\public\\index.php')
CRITICAL - 2023-05-12 13:22:44 --> Invalid file: "layouts/admin/dasboard/dashboard/base.php"
in SYSTEMPATH\Exceptions\FrameworkException.php on line 33.
 1 SYSTEMPATH\View\View.php(201): CodeIgniter\Exceptions\FrameworkException::forInvalidFile('layouts/admin/dasboard/dashboard/base.php')
 2 SYSTEMPATH\View\View.php(229): CodeIgniter\View\View->render('layouts/admin/dasboard/dashboard/base', [], true)
 3 SYSTEMPATH\Common.php(1184): CodeIgniter\View\View->render('layouts/admin/employeesection/addemployee/index', [], true)
 4 APPPATH\Controllers\AddEmployee.php(26): view('layouts/admin/employeesection/addemployee/index', [...])
 5 SYSTEMPATH\CodeIgniter.php(934): App\Controllers\AddEmployee->index()
 6 SYSTEMPATH\CodeIgniter.php(499): CodeIgniter\CodeIgniter->runController(Object(App\Controllers\AddEmployee))
 7 SYSTEMPATH\CodeIgniter.php(368): CodeIgniter\CodeIgniter->handleRequest(null, Object(Config\Cache), false)
 8 FCPATH\index.php(67): CodeIgniter\CodeIgniter->run()
 9 SYSTEMPATH\Commands\Server\rewrite.php(47): require_once('D:\\XAMPP\\htdocs\\Task-Management_Prooyek\\public\\index.php')
CRITICAL - 2023-05-12 13:22:56 --> Invalid file: "layouts/admin/dasboard/base.php"
in SYSTEMPATH\Exceptions\FrameworkException.php on line 33.
 1 SYSTEMPATH\View\View.php(201): CodeIgniter\Exceptions\FrameworkException::forInvalidFile('layouts/admin/dasboard/base.php')
 2 SYSTEMPATH\View\View.php(229): CodeIgniter\View\View->render('layouts/admin/dasboard/base', [], true)
 3 SYSTEMPATH\Common.php(1184): CodeIgniter\View\View->render('layouts/admin/employeesection/addemployee/index', [], true)
 4 APPPATH\Controllers\AddEmployee.php(26): view('layouts/admin/employeesection/addemployee/index', [...])
 5 SYSTEMPATH\CodeIgniter.php(934): App\Controllers\AddEmployee->index()
 6 SYSTEMPATH\CodeIgniter.php(499): CodeIgniter\CodeIgniter->runController(Object(App\Controllers\AddEmployee))
 7 SYSTEMPATH\CodeIgniter.php(368): CodeIgniter\CodeIgniter->handleRequest(null, Object(Config\Cache), false)
 8 FCPATH\index.php(67): CodeIgniter\CodeIgniter->run()
 9 SYSTEMPATH\Commands\Server\rewrite.php(47): require_once('D:\\XAMPP\\htdocs\\Task-Management_Prooyek\\public\\index.php')
CRITICAL - 2023-05-12 13:24:06 --> Invalid file: "layouts/admin/dasboard/base.php"
in SYSTEMPATH\Exceptions\FrameworkException.php on line 33.
 1 SYSTEMPATH\View\View.php(201): CodeIgniter\Exceptions\FrameworkException::forInvalidFile('layouts/admin/dasboard/base.php')
 2 SYSTEMPATH\View\View.php(229): CodeIgniter\View\View->render('layouts/admin/dasboard/base', [], true)
 3 SYSTEMPATH\Common.php(1184): CodeIgniter\View\View->render('layouts/admin/employeesection/addemployee/index', [], true)
 4 APPPATH\Controllers\AddEmployee.php(26): view('layouts/admin/employeesection/addemployee/index', [...])
 5 SYSTEMPATH\CodeIgniter.php(934): App\Controllers\AddEmployee->index()
 6 SYSTEMPATH\CodeIgniter.php(499): CodeIgniter\CodeIgniter->runController(Object(App\Controllers\AddEmployee))
 7 SYSTEMPATH\CodeIgniter.php(368): CodeIgniter\CodeIgniter->handleRequest(null, Object(Config\Cache), false)
 8 FCPATH\index.php(67): CodeIgniter\CodeIgniter->run()
 9 SYSTEMPATH\Commands\Server\rewrite.php(47): require_once('D:\\XAMPP\\htdocs\\Task-Management_Prooyek\\public\\index.php')
CRITICAL - 2023-05-12 13:25:21 --> Invalid file: "layouts/admin/employeesection/viewallemployee/viewallemployee/index.php"
in SYSTEMPATH\Exceptions\FrameworkException.php on line 33.
 1 SYSTEMPATH\View\View.php(201): CodeIgniter\Exceptions\FrameworkException::forInvalidFile('layouts/admin/employeesection/viewallemployee/viewallemployee/index.php')
 2 SYSTEMPATH\Common.php(1184): CodeIgniter\View\View->render('layouts/admin/employeesection/viewallemployee/viewallemployee/index', [], true)
 3 APPPATH\Controllers\ViewAllEmployee.php(26): view('layouts/admin/employeesection/viewallemployee/viewallemployee/index', [...])
 4 SYSTEMPATH\CodeIgniter.php(934): App\Controllers\ViewAllEmployee->index()
 5 SYSTEMPATH\CodeIgniter.php(499): CodeIgniter\CodeIgniter->runController(Object(App\Controllers\ViewAllEmployee))
 6 SYSTEMPATH\CodeIgniter.php(368): CodeIgniter\CodeIgniter->handleRequest(null, Object(Config\Cache), false)
 7 FCPATH\index.php(67): CodeIgniter\CodeIgniter->run()
 8 SYSTEMPATH\Commands\Server\rewrite.php(47): require_once('D:\\XAMPP\\htdocs\\Task-Management_Prooyek\\public\\index.php')
CRITICAL - 2023-05-12 13:26:07 --> Invalid file: "layouts/admin/employeesection/viewallemployee/viewallemployee/index.php"
in SYSTEMPATH\Exceptions\FrameworkException.php on line 33.
 1 SYSTEMPATH\View\View.php(201): CodeIgniter\Exceptions\FrameworkException::forInvalidFile('layouts/admin/employeesection/viewallemployee/viewallemployee/index.php')
 2 SYSTEMPATH\Common.php(1184): CodeIgniter\View\View->render('layouts/admin/employeesection/viewallemployee/viewallemployee/index', [], true)
 3 APPPATH\Controllers\ViewAllEmployee.php(26): view('layouts/admin/employeesection/viewallemployee/viewallemployee/index', [...])
 4 SYSTEMPATH\CodeIgniter.php(934): App\Controllers\ViewAllEmployee->index()
 5 SYSTEMPATH\CodeIgniter.php(499): CodeIgniter\CodeIgniter->runController(Object(App\Controllers\ViewAllEmployee))
 6 SYSTEMPATH\CodeIgniter.php(368): CodeIgniter\CodeIgniter->handleRequest(null, Object(Config\Cache), false)
 7 FCPATH\index.php(67): CodeIgniter\CodeIgniter->run()
 8 SYSTEMPATH\Commands\Server\rewrite.php(47): require_once('D:\\XAMPP\\htdocs\\Task-Management_Prooyek\\public\\index.php')
CRITICAL - 2023-05-12 13:52:44 --> Undefined variable $employees
in APPPATH\Controllers\AddEmployee.php on line 21.
 1 APPPATH\Controllers\AddEmployee.php(21): CodeIgniter\Debug\Exceptions->errorHandler(2, 'Undefined variable $employees', 'D:\\XAMPP\\htdocs\\Task-Management_Prooyek\\app\\Controllers\\AddEmployee.php', 21)
 2 SYSTEMPATH\CodeIgniter.php(934): App\Controllers\AddEmployee->index()
 3 SYSTEMPATH\CodeIgniter.php(499): CodeIgniter\CodeIgniter->runController(Object(App\Controllers\AddEmployee))
 4 SYSTEMPATH\CodeIgniter.php(368): CodeIgniter\CodeIgniter->handleRequest(null, Object(Config\Cache), false)
 5 FCPATH\index.php(67): CodeIgniter\CodeIgniter->run()
 6 SYSTEMPATH\Commands\Server\rewrite.php(47): require_once('D:\\XAMPP\\htdocs\\Task-Management_Prooyek\\public\\index.php')
ERROR - 2023-05-12 14:12:11 --> mysqli_sql_exception: Column 'employeename' cannot be null in D:\XAMPP\htdocs\Task-Management_Prooyek\system\Database\MySQLi\Connection.php:295
Stack trace:
#0 D:\XAMPP\htdocs\Task-Management_Prooyek\system\Database\MySQLi\Connection.php(295): mysqli->query('INSERT INTO `em...', 0)
#1 D:\XAMPP\htdocs\Task-Management_Prooyek\system\Database\BaseConnection.php(692): CodeIgniter\Database\MySQLi\Connection->execute('INSERT INTO `em...')
#2 D:\XAMPP\htdocs\Task-Management_Prooyek\system\Database\BaseConnection.php(606): CodeIgniter\Database\BaseConnection->simpleQuery('INSERT INTO `em...')
#3 D:\XAMPP\htdocs\Task-Management_Prooyek\system\Database\BaseBuilder.php(2309): CodeIgniter\Database\BaseConnection->query('INSERT INTO `em...', Array, false)
#4 D:\XAMPP\htdocs\Task-Management_Prooyek\system\Model.php(330): CodeIgniter\Database\BaseBuilder->insert()
#5 D:\XAMPP\htdocs\Task-Management_Prooyek\system\BaseModel.php(782): CodeIgniter\Model->doInsert(Array)
#6 D:\XAMPP\htdocs\Task-Management_Prooyek\system\Model.php(730): CodeIgniter\BaseModel->insert(Array, true)
#7 D:\XAMPP\htdocs\Task-Management_Prooyek\app\Controllers\Product.php(66): CodeIgniter\Model->insert(Array)
#8 D:\XAMPP\htdocs\Task-Management_Prooyek\system\CodeIgniter.php(934): App\Controllers\Product->create()
#9 D:\XAMPP\htdocs\Task-Management_Prooyek\system\CodeIgniter.php(499): CodeIgniter\CodeIgniter->runController(Object(App\Controllers\Product))
#10 D:\XAMPP\htdocs\Task-Management_Prooyek\system\CodeIgniter.php(368): CodeIgniter\CodeIgniter->handleRequest(NULL, Object(Config\Cache), false)
#11 D:\XAMPP\htdocs\Task-Management_Prooyek\public\index.php(67): CodeIgniter\CodeIgniter->run()
#12 D:\XAMPP\htdocs\Task-Management_Prooyek\system\Commands\Server\rewrite.php(47): require_once('D:\\XAMPP\\htdocs...')
#13 {main}
CRITICAL - 2023-05-12 14:12:11 --> Column 'employeename' cannot be null
in SYSTEMPATH\Database\MySQLi\Connection.php on line 295.
 1 SYSTEMPATH\Database\MySQLi\Connection.php(295): mysqli->query('INSERT INTO `employee` (`employeename`, `employeerole`, `emailaddress`, `password`) VALUES (NULL, NULL, NULL, NULL)', 0)
 2 SYSTEMPATH\Database\BaseConnection.php(692): CodeIgniter\Database\MySQLi\Connection->execute('INSERT INTO `employee` (`employeename`, `employeerole`, `emailaddress`, `password`) VALUES (NULL, NULL, NULL, NULL)')
 3 SYSTEMPATH\Database\BaseConnection.php(606): CodeIgniter\Database\BaseConnection->simpleQuery('INSERT INTO `employee` (`employeename`, `employeerole`, `emailaddress`, `password`) VALUES (NULL, NULL, NULL, NULL)')
 4 SYSTEMPATH\Database\BaseBuilder.php(2309): CodeIgniter\Database\BaseConnection->query('INSERT INTO `employee` (`employeename`, `employeerole`, `emailaddress`, `password`) VALUES (:employeename:, :employeerole:, :emailaddress:, :password:)', [...], false)
 5 SYSTEMPATH\Model.php(330): CodeIgniter\Database\BaseBuilder->insert()
 6 SYSTEMPATH\BaseModel.php(782): CodeIgniter\Model->doInsert([...])
 7 SYSTEMPATH\Model.php(730): CodeIgniter\BaseModel->insert([...], true)
 8 APPPATH\Controllers\Product.php(66): CodeIgniter\Model->insert([...])
 9 SYSTEMPATH\CodeIgniter.php(934): App\Controllers\Product->create()
10 SYSTEMPATH\CodeIgniter.php(499): CodeIgniter\CodeIgniter->runController(Object(App\Controllers\Product))
11 SYSTEMPATH\CodeIgniter.php(368): CodeIgniter\CodeIgniter->handleRequest(null, Object(Config\Cache), false)
12 FCPATH\index.php(67): CodeIgniter\CodeIgniter->run()
13 SYSTEMPATH\Commands\Server\rewrite.php(47): require_once('D:\\XAMPP\\htdocs\\Task-Management_Prooyek\\public\\index.php')
ERROR - 2023-05-12 14:15:47 --> mysqli_sql_exception: Column 'employeename' cannot be null in D:\XAMPP\htdocs\Task-Management_Prooyek\system\Database\MySQLi\Connection.php:295
Stack trace:
#0 D:\XAMPP\htdocs\Task-Management_Prooyek\system\Database\MySQLi\Connection.php(295): mysqli->query('INSERT INTO `em...', 0)
#1 D:\XAMPP\htdocs\Task-Management_Prooyek\system\Database\BaseConnection.php(692): CodeIgniter\Database\MySQLi\Connection->execute('INSERT INTO `em...')
#2 D:\XAMPP\htdocs\Task-Management_Prooyek\system\Database\BaseConnection.php(606): CodeIgniter\Database\BaseConnection->simpleQuery('INSERT INTO `em...')
#3 D:\XAMPP\htdocs\Task-Management_Prooyek\system\Database\BaseBuilder.php(2309): CodeIgniter\Database\BaseConnection->query('INSERT INTO `em...', Array, false)
#4 D:\XAMPP\htdocs\Task-Management_Prooyek\system\Model.php(330): CodeIgniter\Database\BaseBuilder->insert()
#5 D:\XAMPP\htdocs\Task-Management_Prooyek\system\BaseModel.php(782): CodeIgniter\Model->doInsert(Array)
#6 D:\XAMPP\htdocs\Task-Management_Prooyek\system\Model.php(730): CodeIgniter\BaseModel->insert(Array, true)
#7 D:\XAMPP\htdocs\Task-Management_Prooyek\app\Controllers\Product.php(66): CodeIgniter\Model->insert(Array)
#8 D:\XAMPP\htdocs\Task-Management_Prooyek\system\CodeIgniter.php(934): App\Controllers\Product->create()
#9 D:\XAMPP\htdocs\Task-Management_Prooyek\system\CodeIgniter.php(499): CodeIgniter\CodeIgniter->runController(Object(App\Controllers\Product))
#10 D:\XAMPP\htdocs\Task-Management_Prooyek\system\CodeIgniter.php(368): CodeIgniter\CodeIgniter->handleRequest(NULL, Object(Config\Cache), false)
#11 D:\XAMPP\htdocs\Task-Management_Prooyek\public\index.php(67): CodeIgniter\CodeIgniter->run()
#12 D:\XAMPP\htdocs\Task-Management_Prooyek\system\Commands\Server\rewrite.php(47): require_once('D:\\XAMPP\\htdocs...')
#13 {main}
CRITICAL - 2023-05-12 14:15:47 --> Column 'employeename' cannot be null
in SYSTEMPATH\Database\MySQLi\Connection.php on line 295.
 1 SYSTEMPATH\Database\MySQLi\Connection.php(295): mysqli->query('INSERT INTO `employee` (`employeename`, `employeerole`, `emailaddress`, `password`) VALUES (NULL, NULL, NULL, NULL)', 0)
 2 SYSTEMPATH\Database\BaseConnection.php(692): CodeIgniter\Database\MySQLi\Connection->execute('INSERT INTO `employee` (`employeename`, `employeerole`, `emailaddress`, `password`) VALUES (NULL, NULL, NULL, NULL)')
 3 SYSTEMPATH\Database\BaseConnection.php(606): CodeIgniter\Database\BaseConnection->simpleQuery('INSERT INTO `employee` (`employeename`, `employeerole`, `emailaddress`, `password`) VALUES (NULL, NULL, NULL, NULL)')
 4 SYSTEMPATH\Database\BaseBuilder.php(2309): CodeIgniter\Database\BaseConnection->query('INSERT INTO `employee` (`employeename`, `employeerole`, `emailaddress`, `password`) VALUES (:employeename:, :employeerole:, :emailaddress:, :password:)', [...], false)
 5 SYSTEMPATH\Model.php(330): CodeIgniter\Database\BaseBuilder->insert()
 6 SYSTEMPATH\BaseModel.php(782): CodeIgniter\Model->doInsert([...])
 7 SYSTEMPATH\Model.php(730): CodeIgniter\BaseModel->insert([...], true)
 8 APPPATH\Controllers\Product.php(66): CodeIgniter\Model->insert([...])
 9 SYSTEMPATH\CodeIgniter.php(934): App\Controllers\Product->create()
10 SYSTEMPATH\CodeIgniter.php(499): CodeIgniter\CodeIgniter->runController(Object(App\Controllers\Product))
11 SYSTEMPATH\CodeIgniter.php(368): CodeIgniter\CodeIgniter->handleRequest(null, Object(Config\Cache), false)
12 FCPATH\index.php(67): CodeIgniter\CodeIgniter->run()
13 SYSTEMPATH\Commands\Server\rewrite.php(47): require_once('D:\\XAMPP\\htdocs\\Task-Management_Prooyek\\public\\index.php')
ERROR - 2023-05-12 14:17:51 --> mysqli_sql_exception: Column 'employeename' cannot be null in D:\XAMPP\htdocs\Task-Management_Prooyek\system\Database\MySQLi\Connection.php:295
Stack trace:
#0 D:\XAMPP\htdocs\Task-Management_Prooyek\system\Database\MySQLi\Connection.php(295): mysqli->query('INSERT INTO `em...', 0)
#1 D:\XAMPP\htdocs\Task-Management_Prooyek\system\Database\BaseConnection.php(692): CodeIgniter\Database\MySQLi\Connection->execute('INSERT INTO `em...')
#2 D:\XAMPP\htdocs\Task-Management_Prooyek\system\Database\BaseConnection.php(606): CodeIgniter\Database\BaseConnection->simpleQuery('INSERT INTO `em...')
#3 D:\XAMPP\htdocs\Task-Management_Prooyek\system\Database\BaseBuilder.php(2309): CodeIgniter\Database\BaseConnection->query('INSERT INTO `em...', Array, false)
#4 D:\XAMPP\htdocs\Task-Management_Prooyek\system\Model.php(330): CodeIgniter\Database\BaseBuilder->insert()
#5 D:\XAMPP\htdocs\Task-Management_Prooyek\system\BaseModel.php(782): CodeIgniter\Model->doInsert(Array)
#6 D:\XAMPP\htdocs\Task-Management_Prooyek\system\Model.php(730): CodeIgniter\BaseModel->insert(Array, true)
#7 D:\XAMPP\htdocs\Task-Management_Prooyek\app\Controllers\Product.php(66): CodeIgniter\Model->insert(Array)
#8 D:\XAMPP\htdocs\Task-Management_Prooyek\system\CodeIgniter.php(934): App\Controllers\Product->create()
#9 D:\XAMPP\htdocs\Task-Management_Prooyek\system\CodeIgniter.php(499): CodeIgniter\CodeIgniter->runController(Object(App\Controllers\Product))
#10 D:\XAMPP\htdocs\Task-Management_Prooyek\system\CodeIgniter.php(368): CodeIgniter\CodeIgniter->handleRequest(NULL, Object(Config\Cache), false)
#11 D:\XAMPP\htdocs\Task-Management_Prooyek\public\index.php(67): CodeIgniter\CodeIgniter->run()
#12 D:\XAMPP\htdocs\Task-Management_Prooyek\system\Commands\Server\rewrite.php(47): require_once('D:\\XAMPP\\htdocs...')
#13 {main}
CRITICAL - 2023-05-12 14:17:51 --> Column 'employeename' cannot be null
in SYSTEMPATH\Database\MySQLi\Connection.php on line 295.
 1 SYSTEMPATH\Database\MySQLi\Connection.php(295): mysqli->query('INSERT INTO `employee` (`employeename`, `employeerole`, `emailaddress`, `password`) VALUES (NULL, NULL, NULL, NULL)', 0)
 2 SYSTEMPATH\Database\BaseConnection.php(692): CodeIgniter\Database\MySQLi\Connection->execute('INSERT INTO `employee` (`employeename`, `employeerole`, `emailaddress`, `password`) VALUES (NULL, NULL, NULL, NULL)')
 3 SYSTEMPATH\Database\BaseConnection.php(606): CodeIgniter\Database\BaseConnection->simpleQuery('INSERT INTO `employee` (`employeename`, `employeerole`, `emailaddress`, `password`) VALUES (NULL, NULL, NULL, NULL)')
 4 SYSTEMPATH\Database\BaseBuilder.php(2309): CodeIgniter\Database\BaseConnection->query('INSERT INTO `employee` (`employeename`, `employeerole`, `emailaddress`, `password`) VALUES (:employeename:, :employeerole:, :emailaddress:, :password:)', [...], false)
 5 SYSTEMPATH\Model.php(330): CodeIgniter\Database\BaseBuilder->insert()
 6 SYSTEMPATH\BaseModel.php(782): CodeIgniter\Model->doInsert([...])
 7 SYSTEMPATH\Model.php(730): CodeIgniter\BaseModel->insert([...], true)
 8 APPPATH\Controllers\Product.php(66): CodeIgniter\Model->insert([...])
 9 SYSTEMPATH\CodeIgniter.php(934): App\Controllers\Product->create()
10 SYSTEMPATH\CodeIgniter.php(499): CodeIgniter\CodeIgniter->runController(Object(App\Controllers\Product))
11 SYSTEMPATH\CodeIgniter.php(368): CodeIgniter\CodeIgniter->handleRequest(null, Object(Config\Cache), false)
12 FCPATH\index.php(67): CodeIgniter\CodeIgniter->run()
13 SYSTEMPATH\Commands\Server\rewrite.php(47): require_once('D:\\XAMPP\\htdocs\\Task-Management_Prooyek\\public\\index.php')
ERROR - 2023-05-12 14:18:57 --> mysqli_sql_exception: Column 'employeename' cannot be null in D:\XAMPP\htdocs\Task-Management_Prooyek\system\Database\MySQLi\Connection.php:295
Stack trace:
#0 D:\XAMPP\htdocs\Task-Management_Prooyek\system\Database\MySQLi\Connection.php(295): mysqli->query('INSERT INTO `em...', 0)
#1 D:\XAMPP\htdocs\Task-Management_Prooyek\system\Database\BaseConnection.php(692): CodeIgniter\Database\MySQLi\Connection->execute('INSERT INTO `em...')
#2 D:\XAMPP\htdocs\Task-Management_Prooyek\system\Database\BaseConnection.php(606): CodeIgniter\Database\BaseConnection->simpleQuery('INSERT INTO `em...')
#3 D:\XAMPP\htdocs\Task-Management_Prooyek\system\Database\BaseBuilder.php(2309): CodeIgniter\Database\BaseConnection->query('INSERT INTO `em...', Array, false)
#4 D:\XAMPP\htdocs\Task-Management_Prooyek\system\Model.php(330): CodeIgniter\Database\BaseBuilder->insert()
#5 D:\XAMPP\htdocs\Task-Management_Prooyek\system\BaseModel.php(782): CodeIgniter\Model->doInsert(Array)
#6 D:\XAMPP\htdocs\Task-Management_Prooyek\system\Model.php(730): CodeIgniter\BaseModel->insert(Array, true)
#7 D:\XAMPP\htdocs\Task-Management_Prooyek\app\Controllers\Product.php(66): CodeIgniter\Model->insert(Array)
#8 D:\XAMPP\htdocs\Task-Management_Prooyek\system\CodeIgniter.php(934): App\Controllers\Product->create()
#9 D:\XAMPP\htdocs\Task-Management_Prooyek\system\CodeIgniter.php(499): CodeIgniter\CodeIgniter->runController(Object(App\Controllers\Product))
#10 D:\XAMPP\htdocs\Task-Management_Prooyek\system\CodeIgniter.php(368): CodeIgniter\CodeIgniter->handleRequest(NULL, Object(Config\Cache), false)
#11 D:\XAMPP\htdocs\Task-Management_Prooyek\public\index.php(67): CodeIgniter\CodeIgniter->run()
#12 D:\XAMPP\htdocs\Task-Management_Prooyek\system\Commands\Server\rewrite.php(47): require_once('D:\\XAMPP\\htdocs...')
#13 {main}
CRITICAL - 2023-05-12 14:18:57 --> Column 'employeename' cannot be null
in SYSTEMPATH\Database\MySQLi\Connection.php on line 295.
 1 SYSTEMPATH\Database\MySQLi\Connection.php(295): mysqli->query('INSERT INTO `employee` (`employeename`, `employeerole`, `emailaddress`, `password`) VALUES (NULL, NULL, NULL, NULL)', 0)
 2 SYSTEMPATH\Database\BaseConnection.php(692): CodeIgniter\Database\MySQLi\Connection->execute('INSERT INTO `employee` (`employeename`, `employeerole`, `emailaddress`, `password`) VALUES (NULL, NULL, NULL, NULL)')
 3 SYSTEMPATH\Database\BaseConnection.php(606): CodeIgniter\Database\BaseConnection->simpleQuery('INSERT INTO `employee` (`employeename`, `employeerole`, `emailaddress`, `password`) VALUES (NULL, NULL, NULL, NULL)')
 4 SYSTEMPATH\Database\BaseBuilder.php(2309): CodeIgniter\Database\BaseConnection->query('INSERT INTO `employee` (`employeename`, `employeerole`, `emailaddress`, `password`) VALUES (:employeename:, :employeerole:, :emailaddress:, :password:)', [...], false)
 5 SYSTEMPATH\Model.php(330): CodeIgniter\Database\BaseBuilder->insert()
 6 SYSTEMPATH\BaseModel.php(782): CodeIgniter\Model->doInsert([...])
 7 SYSTEMPATH\Model.php(730): CodeIgniter\BaseModel->insert([...], true)
 8 APPPATH\Controllers\Product.php(66): CodeIgniter\Model->insert([...])
 9 SYSTEMPATH\CodeIgniter.php(934): App\Controllers\Product->create()
10 SYSTEMPATH\CodeIgniter.php(499): CodeIgniter\CodeIgniter->runController(Object(App\Controllers\Product))
11 SYSTEMPATH\CodeIgniter.php(368): CodeIgniter\CodeIgniter->handleRequest(null, Object(Config\Cache), false)
12 FCPATH\index.php(67): CodeIgniter\CodeIgniter->run()
13 SYSTEMPATH\Commands\Server\rewrite.php(47): require_once('D:\\XAMPP\\htdocs\\Task-Management_Prooyek\\public\\index.php')
ERROR - 2023-05-12 14:21:20 --> mysqli_sql_exception: Column 'employeename' cannot be null in D:\XAMPP\htdocs\Task-Management_Prooyek\system\Database\MySQLi\Connection.php:295
Stack trace:
#0 D:\XAMPP\htdocs\Task-Management_Prooyek\system\Database\MySQLi\Connection.php(295): mysqli->query('INSERT INTO `em...', 0)
#1 D:\XAMPP\htdocs\Task-Management_Prooyek\system\Database\BaseConnection.php(692): CodeIgniter\Database\MySQLi\Connection->execute('INSERT INTO `em...')
#2 D:\XAMPP\htdocs\Task-Management_Prooyek\system\Database\BaseConnection.php(606): CodeIgniter\Database\BaseConnection->simpleQuery('INSERT INTO `em...')
#3 D:\XAMPP\htdocs\Task-Management_Prooyek\system\Database\BaseBuilder.php(2309): CodeIgniter\Database\BaseConnection->query('INSERT INTO `em...', Array, false)
#4 D:\XAMPP\htdocs\Task-Management_Prooyek\system\Model.php(330): CodeIgniter\Database\BaseBuilder->insert()
#5 D:\XAMPP\htdocs\Task-Management_Prooyek\system\BaseModel.php(782): CodeIgniter\Model->doInsert(Array)
#6 D:\XAMPP\htdocs\Task-Management_Prooyek\system\Model.php(730): CodeIgniter\BaseModel->insert(Array, true)
#7 D:\XAMPP\htdocs\Task-Management_Prooyek\app\Controllers\Product.php(66): CodeIgniter\Model->insert(Array)
#8 D:\XAMPP\htdocs\Task-Management_Prooyek\system\CodeIgniter.php(934): App\Controllers\Product->create()
#9 D:\XAMPP\htdocs\Task-Management_Prooyek\system\CodeIgniter.php(499): CodeIgniter\CodeIgniter->runController(Object(App\Controllers\Product))
#10 D:\XAMPP\htdocs\Task-Management_Prooyek\system\CodeIgniter.php(368): CodeIgniter\CodeIgniter->handleRequest(NULL, Object(Config\Cache), false)
#11 D:\XAMPP\htdocs\Task-Management_Prooyek\public\index.php(67): CodeIgniter\CodeIgniter->run()
#12 D:\XAMPP\htdocs\Task-Management_Prooyek\system\Commands\Server\rewrite.php(47): require_once('D:\\XAMPP\\htdocs...')
#13 {main}
CRITICAL - 2023-05-12 14:21:20 --> Column 'employeename' cannot be null
in SYSTEMPATH\Database\MySQLi\Connection.php on line 295.
 1 SYSTEMPATH\Database\MySQLi\Connection.php(295): mysqli->query('INSERT INTO `employee` (`employeename`, `employeerole`, `emailaddress`, `password`) VALUES (NULL, NULL, NULL, NULL)', 0)
 2 SYSTEMPATH\Database\BaseConnection.php(692): CodeIgniter\Database\MySQLi\Connection->execute('INSERT INTO `employee` (`employeename`, `employeerole`, `emailaddress`, `password`) VALUES (NULL, NULL, NULL, NULL)')
 3 SYSTEMPATH\Database\BaseConnection.php(606): CodeIgniter\Database\BaseConnection->simpleQuery('INSERT INTO `employee` (`employeename`, `employeerole`, `emailaddress`, `password`) VALUES (NULL, NULL, NULL, NULL)')
 4 SYSTEMPATH\Database\BaseBuilder.php(2309): CodeIgniter\Database\BaseConnection->query('INSERT INTO `employee` (`employeename`, `employeerole`, `emailaddress`, `password`) VALUES (:employeename:, :employeerole:, :emailaddress:, :password:)', [...], false)
 5 SYSTEMPATH\Model.php(330): CodeIgniter\Database\BaseBuilder->insert()
 6 SYSTEMPATH\BaseModel.php(782): CodeIgniter\Model->doInsert([...])
 7 SYSTEMPATH\Model.php(730): CodeIgniter\BaseModel->insert([...], true)
 8 APPPATH\Controllers\Product.php(66): CodeIgniter\Model->insert([...])
 9 SYSTEMPATH\CodeIgniter.php(934): App\Controllers\Product->create()
10 SYSTEMPATH\CodeIgniter.php(499): CodeIgniter\CodeIgniter->runController(Object(App\Controllers\Product))
11 SYSTEMPATH\CodeIgniter.php(368): CodeIgniter\CodeIgniter->handleRequest(null, Object(Config\Cache), false)
12 FCPATH\index.php(67): CodeIgniter\CodeIgniter->run()
13 SYSTEMPATH\Commands\Server\rewrite.php(47): require_once('D:\\XAMPP\\htdocs\\Task-Management_Prooyek\\public\\index.php')
ERROR - 2023-05-12 14:24:50 --> mysqli_sql_exception: Column 'employeename' cannot be null in D:\XAMPP\htdocs\Task-Management_Prooyek\system\Database\MySQLi\Connection.php:295
Stack trace:
#0 D:\XAMPP\htdocs\Task-Management_Prooyek\system\Database\MySQLi\Connection.php(295): mysqli->query('INSERT INTO `em...', 0)
#1 D:\XAMPP\htdocs\Task-Management_Prooyek\system\Database\BaseConnection.php(692): CodeIgniter\Database\MySQLi\Connection->execute('INSERT INTO `em...')
#2 D:\XAMPP\htdocs\Task-Management_Prooyek\system\Database\BaseConnection.php(606): CodeIgniter\Database\BaseConnection->simpleQuery('INSERT INTO `em...')
#3 D:\XAMPP\htdocs\Task-Management_Prooyek\system\Database\BaseBuilder.php(2309): CodeIgniter\Database\BaseConnection->query('INSERT INTO `em...', Array, false)
#4 D:\XAMPP\htdocs\Task-Management_Prooyek\system\Model.php(330): CodeIgniter\Database\BaseBuilder->insert()
#5 D:\XAMPP\htdocs\Task-Management_Prooyek\system\BaseModel.php(782): CodeIgniter\Model->doInsert(Array)
#6 D:\XAMPP\htdocs\Task-Management_Prooyek\system\Model.php(730): CodeIgniter\BaseModel->insert(Array, true)
#7 D:\XAMPP\htdocs\Task-Management_Prooyek\app\Controllers\Product.php(66): CodeIgniter\Model->insert(Array)
#8 D:\XAMPP\htdocs\Task-Management_Prooyek\system\CodeIgniter.php(934): App\Controllers\Product->create()
#9 D:\XAMPP\htdocs\Task-Management_Prooyek\system\CodeIgniter.php(499): CodeIgniter\CodeIgniter->runController(Object(App\Controllers\Product))
#10 D:\XAMPP\htdocs\Task-Management_Prooyek\system\CodeIgniter.php(368): CodeIgniter\CodeIgniter->handleRequest(NULL, Object(Config\Cache), false)
#11 D:\XAMPP\htdocs\Task-Management_Prooyek\public\index.php(67): CodeIgniter\CodeIgniter->run()
#12 D:\XAMPP\htdocs\Task-Management_Prooyek\system\Commands\Server\rewrite.php(47): require_once('D:\\XAMPP\\htdocs...')
#13 {main}
CRITICAL - 2023-05-12 14:24:50 --> Column 'employeename' cannot be null
in SYSTEMPATH\Database\MySQLi\Connection.php on line 295.
 1 SYSTEMPATH\Database\MySQLi\Connection.php(295): mysqli->query('INSERT INTO `employee` (`employeename`, `employeerole`, `emailaddress`, `password`) VALUES (NULL, NULL, NULL, NULL)', 0)
 2 SYSTEMPATH\Database\BaseConnection.php(692): CodeIgniter\Database\MySQLi\Connection->execute('INSERT INTO `employee` (`employeename`, `employeerole`, `emailaddress`, `password`) VALUES (NULL, NULL, NULL, NULL)')
 3 SYSTEMPATH\Database\BaseConnection.php(606): CodeIgniter\Database\BaseConnection->simpleQuery('INSERT INTO `employee` (`employeename`, `employeerole`, `emailaddress`, `password`) VALUES (NULL, NULL, NULL, NULL)')
 4 SYSTEMPATH\Database\BaseBuilder.php(2309): CodeIgniter\Database\BaseConnection->query('INSERT INTO `employee` (`employeename`, `employeerole`, `emailaddress`, `password`) VALUES (:employeename:, :employeerole:, :emailaddress:, :password:)', [...], false)
 5 SYSTEMPATH\Model.php(330): CodeIgniter\Database\BaseBuilder->insert()
 6 SYSTEMPATH\BaseModel.php(782): CodeIgniter\Model->doInsert([...])
 7 SYSTEMPATH\Model.php(730): CodeIgniter\BaseModel->insert([...], true)
 8 APPPATH\Controllers\Product.php(66): CodeIgniter\Model->insert([...])
 9 SYSTEMPATH\CodeIgniter.php(934): App\Controllers\Product->create()
10 SYSTEMPATH\CodeIgniter.php(499): CodeIgniter\CodeIgniter->runController(Object(App\Controllers\Product))
11 SYSTEMPATH\CodeIgniter.php(368): CodeIgniter\CodeIgniter->handleRequest(null, Object(Config\Cache), false)
12 FCPATH\index.php(67): CodeIgniter\CodeIgniter->run()
13 SYSTEMPATH\Commands\Server\rewrite.php(47): require_once('D:\\XAMPP\\htdocs\\Task-Management_Prooyek\\public\\index.php')
ERROR - 2023-05-12 14:28:44 --> mysqli_sql_exception: Column 'employeename' cannot be null in D:\XAMPP\htdocs\Task-Management_Prooyek\system\Database\MySQLi\Connection.php:295
Stack trace:
#0 D:\XAMPP\htdocs\Task-Management_Prooyek\system\Database\MySQLi\Connection.php(295): mysqli->query('INSERT INTO `em...', 0)
#1 D:\XAMPP\htdocs\Task-Management_Prooyek\system\Database\BaseConnection.php(692): CodeIgniter\Database\MySQLi\Connection->execute('INSERT INTO `em...')
#2 D:\XAMPP\htdocs\Task-Management_Prooyek\system\Database\BaseConnection.php(606): CodeIgniter\Database\BaseConnection->simpleQuery('INSERT INTO `em...')
#3 D:\XAMPP\htdocs\Task-Management_Prooyek\system\Database\BaseBuilder.php(2309): CodeIgniter\Database\BaseConnection->query('INSERT INTO `em...', Array, false)
#4 D:\XAMPP\htdocs\Task-Management_Prooyek\system\Model.php(330): CodeIgniter\Database\BaseBuilder->insert()
#5 D:\XAMPP\htdocs\Task-Management_Prooyek\system\BaseModel.php(782): CodeIgniter\Model->doInsert(Array)
#6 D:\XAMPP\htdocs\Task-Management_Prooyek\system\Model.php(730): CodeIgniter\BaseModel->insert(Array, true)
#7 D:\XAMPP\htdocs\Task-Management_Prooyek\app\Controllers\Product.php(66): CodeIgniter\Model->insert(Array)
#8 D:\XAMPP\htdocs\Task-Management_Prooyek\system\CodeIgniter.php(934): App\Controllers\Product->create()
#9 D:\XAMPP\htdocs\Task-Management_Prooyek\system\CodeIgniter.php(499): CodeIgniter\CodeIgniter->runController(Object(App\Controllers\Product))
#10 D:\XAMPP\htdocs\Task-Management_Prooyek\system\CodeIgniter.php(368): CodeIgniter\CodeIgniter->handleRequest(NULL, Object(Config\Cache), false)
#11 D:\XAMPP\htdocs\Task-Management_Prooyek\public\index.php(67): CodeIgniter\CodeIgniter->run()
#12 D:\XAMPP\htdocs\Task-Management_Prooyek\system\Commands\Server\rewrite.php(47): require_once('D:\\XAMPP\\htdocs...')
#13 {main}
CRITICAL - 2023-05-12 14:28:44 --> Column 'employeename' cannot be null
in SYSTEMPATH\Database\MySQLi\Connection.php on line 295.
 1 SYSTEMPATH\Database\MySQLi\Connection.php(295): mysqli->query('INSERT INTO `employee` (`employeename`, `employeerole`, `emailaddress`, `password`) VALUES (NULL, NULL, NULL, NULL)', 0)
 2 SYSTEMPATH\Database\BaseConnection.php(692): CodeIgniter\Database\MySQLi\Connection->execute('INSERT INTO `employee` (`employeename`, `employeerole`, `emailaddress`, `password`) VALUES (NULL, NULL, NULL, NULL)')
 3 SYSTEMPATH\Database\BaseConnection.php(606): CodeIgniter\Database\BaseConnection->simpleQuery('INSERT INTO `employee` (`employeename`, `employeerole`, `emailaddress`, `password`) VALUES (NULL, NULL, NULL, NULL)')
 4 SYSTEMPATH\Database\BaseBuilder.php(2309): CodeIgniter\Database\BaseConnection->query('INSERT INTO `employee` (`employeename`, `employeerole`, `emailaddress`, `password`) VALUES (:employeename:, :employeerole:, :emailaddress:, :password:)', [...], false)
 5 SYSTEMPATH\Model.php(330): CodeIgniter\Database\BaseBuilder->insert()
 6 SYSTEMPATH\BaseModel.php(782): CodeIgniter\Model->doInsert([...])
 7 SYSTEMPATH\Model.php(730): CodeIgniter\BaseModel->insert([...], true)
 8 APPPATH\Controllers\Product.php(66): CodeIgniter\Model->insert([...])
 9 SYSTEMPATH\CodeIgniter.php(934): App\Controllers\Product->create()
10 SYSTEMPATH\CodeIgniter.php(499): CodeIgniter\CodeIgniter->runController(Object(App\Controllers\Product))
11 SYSTEMPATH\CodeIgniter.php(368): CodeIgniter\CodeIgniter->handleRequest(null, Object(Config\Cache), false)
12 FCPATH\index.php(67): CodeIgniter\CodeIgniter->run()
13 SYSTEMPATH\Commands\Server\rewrite.php(47): require_once('D:\\XAMPP\\htdocs\\Task-Management_Prooyek\\public\\index.php')
ERROR - 2023-05-12 14:30:10 --> mysqli_sql_exception: Column 'employeename' cannot be null in D:\XAMPP\htdocs\Task-Management_Prooyek\system\Database\MySQLi\Connection.php:295
Stack trace:
#0 D:\XAMPP\htdocs\Task-Management_Prooyek\system\Database\MySQLi\Connection.php(295): mysqli->query('INSERT INTO `em...', 0)
#1 D:\XAMPP\htdocs\Task-Management_Prooyek\system\Database\BaseConnection.php(692): CodeIgniter\Database\MySQLi\Connection->execute('INSERT INTO `em...')
#2 D:\XAMPP\htdocs\Task-Management_Prooyek\system\Database\BaseConnection.php(606): CodeIgniter\Database\BaseConnection->simpleQuery('INSERT INTO `em...')
#3 D:\XAMPP\htdocs\Task-Management_Prooyek\system\Database\BaseBuilder.php(2309): CodeIgniter\Database\BaseConnection->query('INSERT INTO `em...', Array, false)
#4 D:\XAMPP\htdocs\Task-Management_Prooyek\system\Model.php(330): CodeIgniter\Database\BaseBuilder->insert()
#5 D:\XAMPP\htdocs\Task-Management_Prooyek\system\BaseModel.php(782): CodeIgniter\Model->doInsert(Array)
#6 D:\XAMPP\htdocs\Task-Management_Prooyek\system\Model.php(730): CodeIgniter\BaseModel->insert(Array, true)
#7 D:\XAMPP\htdocs\Task-Management_Prooyek\app\Controllers\Product.php(66): CodeIgniter\Model->insert(Array)
#8 D:\XAMPP\htdocs\Task-Management_Prooyek\system\CodeIgniter.php(934): App\Controllers\Product->create()
#9 D:\XAMPP\htdocs\Task-Management_Prooyek\system\CodeIgniter.php(499): CodeIgniter\CodeIgniter->runController(Object(App\Controllers\Product))
#10 D:\XAMPP\htdocs\Task-Management_Prooyek\system\CodeIgniter.php(368): CodeIgniter\CodeIgniter->handleRequest(NULL, Object(Config\Cache), false)
#11 D:\XAMPP\htdocs\Task-Management_Prooyek\public\index.php(67): CodeIgniter\CodeIgniter->run()
#12 D:\XAMPP\htdocs\Task-Management_Prooyek\system\Commands\Server\rewrite.php(47): require_once('D:\\XAMPP\\htdocs...')
#13 {main}
CRITICAL - 2023-05-12 14:30:10 --> Column 'employeename' cannot be null
in SYSTEMPATH\Database\MySQLi\Connection.php on line 295.
 1 SYSTEMPATH\Database\MySQLi\Connection.php(295): mysqli->query('INSERT INTO `employee` (`employeename`, `employeerole`, `emailaddress`, `password`) VALUES (NULL, NULL, NULL, NULL)', 0)
 2 SYSTEMPATH\Database\BaseConnection.php(692): CodeIgniter\Database\MySQLi\Connection->execute('INSERT INTO `employee` (`employeename`, `employeerole`, `emailaddress`, `password`) VALUES (NULL, NULL, NULL, NULL)')
 3 SYSTEMPATH\Database\BaseConnection.php(606): CodeIgniter\Database\BaseConnection->simpleQuery('INSERT INTO `employee` (`employeename`, `employeerole`, `emailaddress`, `password`) VALUES (NULL, NULL, NULL, NULL)')
 4 SYSTEMPATH\Database\BaseBuilder.php(2309): CodeIgniter\Database\BaseConnection->query('INSERT INTO `employee` (`employeename`, `employeerole`, `emailaddress`, `password`) VALUES (:employeename:, :employeerole:, :emailaddress:, :password:)', [...], false)
 5 SYSTEMPATH\Model.php(330): CodeIgniter\Database\BaseBuilder->insert()
 6 SYSTEMPATH\BaseModel.php(782): CodeIgniter\Model->doInsert([...])
 7 SYSTEMPATH\Model.php(730): CodeIgniter\BaseModel->insert([...], true)
 8 APPPATH\Controllers\Product.php(66): CodeIgniter\Model->insert([...])
 9 SYSTEMPATH\CodeIgniter.php(934): App\Controllers\Product->create()
10 SYSTEMPATH\CodeIgniter.php(499): CodeIgniter\CodeIgniter->runController(Object(App\Controllers\Product))
11 SYSTEMPATH\CodeIgniter.php(368): CodeIgniter\CodeIgniter->handleRequest(null, Object(Config\Cache), false)
12 FCPATH\index.php(67): CodeIgniter\CodeIgniter->run()
13 SYSTEMPATH\Commands\Server\rewrite.php(47): require_once('D:\\XAMPP\\htdocs\\Task-Management_Prooyek\\public\\index.php')
CRITICAL - 2023-05-12 14:30:21 --> Undefined property: App\Controllers\CreateToDoTasks::$session
in APPPATH\Controllers\CreateToDoTasks.php on line 48.
 1 APPPATH\Controllers\CreateToDoTasks.php(48): CodeIgniter\Debug\Exceptions->errorHandler(2, 'Undefined property: App\\Controllers\\CreateToDoTasks::$session', 'D:\\XAMPP\\htdocs\\Task-Management_Prooyek\\app\\Controllers\\CreateToDoTasks.php', 48)
 2 SYSTEMPATH\CodeIgniter.php(934): App\Controllers\CreateToDoTasks->create()
 3 SYSTEMPATH\CodeIgniter.php(499): CodeIgniter\CodeIgniter->runController(Object(App\Controllers\CreateToDoTasks))
 4 SYSTEMPATH\CodeIgniter.php(368): CodeIgniter\CodeIgniter->handleRequest(null, Object(Config\Cache), false)
 5 FCPATH\index.php(67): CodeIgniter\CodeIgniter->run()
 6 SYSTEMPATH\Commands\Server\rewrite.php(47): require_once('D:\\XAMPP\\htdocs\\Task-Management_Prooyek\\public\\index.php')
CRITICAL - 2023-05-12 14:31:20 --> Undefined property: App\Controllers\CreateToDoTasks::$session
in APPPATH\Controllers\CreateToDoTasks.php on line 48.
 1 APPPATH\Controllers\CreateToDoTasks.php(48): CodeIgniter\Debug\Exceptions->errorHandler(2, 'Undefined property: App\\Controllers\\CreateToDoTasks::$session', 'D:\\XAMPP\\htdocs\\Task-Management_Prooyek\\app\\Controllers\\CreateToDoTasks.php', 48)
 2 SYSTEMPATH\CodeIgniter.php(934): App\Controllers\CreateToDoTasks->create()
 3 SYSTEMPATH\CodeIgniter.php(499): CodeIgniter\CodeIgniter->runController(Object(App\Controllers\CreateToDoTasks))
 4 SYSTEMPATH\CodeIgniter.php(368): CodeIgniter\CodeIgniter->handleRequest(null, Object(Config\Cache), false)
 5 FCPATH\index.php(67): CodeIgniter\CodeIgniter->run()
 6 SYSTEMPATH\Commands\Server\rewrite.php(47): require_once('D:\\XAMPP\\htdocs\\Task-Management_Prooyek\\public\\index.php')
CRITICAL - 2023-05-12 14:31:32 --> Undefined property: App\Controllers\CreateToDoTasks::$session
in APPPATH\Controllers\CreateToDoTasks.php on line 48.
 1 APPPATH\Controllers\CreateToDoTasks.php(48): CodeIgniter\Debug\Exceptions->errorHandler(2, 'Undefined property: App\\Controllers\\CreateToDoTasks::$session', 'D:\\XAMPP\\htdocs\\Task-Management_Prooyek\\app\\Controllers\\CreateToDoTasks.php', 48)
 2 SYSTEMPATH\CodeIgniter.php(934): App\Controllers\CreateToDoTasks->create()
 3 SYSTEMPATH\CodeIgniter.php(499): CodeIgniter\CodeIgniter->runController(Object(App\Controllers\CreateToDoTasks))
 4 SYSTEMPATH\CodeIgniter.php(368): CodeIgniter\CodeIgniter->handleRequest(null, Object(Config\Cache), false)
 5 FCPATH\index.php(67): CodeIgniter\CodeIgniter->run()
 6 SYSTEMPATH\Commands\Server\rewrite.php(47): require_once('D:\\XAMPP\\htdocs\\Task-Management_Prooyek\\public\\index.php')
CRITICAL - 2023-05-12 14:32:41 --> array_push(): Argument #1 ($array) must be of type array, null given
in APPPATH\Controllers\CreateToDoTasks.php on line 55.
 1 APPPATH\Controllers\CreateToDoTasks.php(55): array_push(null, [...])
 2 SYSTEMPATH\CodeIgniter.php(934): App\Controllers\CreateToDoTasks->create()
 3 SYSTEMPATH\CodeIgniter.php(499): CodeIgniter\CodeIgniter->runController(Object(App\Controllers\CreateToDoTasks))
 4 SYSTEMPATH\CodeIgniter.php(368): CodeIgniter\CodeIgniter->handleRequest(null, Object(Config\Cache), false)
 5 FCPATH\index.php(67): CodeIgniter\CodeIgniter->run()
 6 SYSTEMPATH\Commands\Server\rewrite.php(47): require_once('D:\\XAMPP\\htdocs\\Task-Management_Prooyek\\public\\index.php')
CRITICAL - 2023-05-12 14:32:52 --> array_push(): Argument #1 ($array) must be of type array, null given
in APPPATH\Controllers\CreateToDoTasks.php on line 55.
 1 APPPATH\Controllers\CreateToDoTasks.php(55): array_push(null, [...])
 2 SYSTEMPATH\CodeIgniter.php(934): App\Controllers\CreateToDoTasks->create()
 3 SYSTEMPATH\CodeIgniter.php(499): CodeIgniter\CodeIgniter->runController(Object(App\Controllers\CreateToDoTasks))
 4 SYSTEMPATH\CodeIgniter.php(368): CodeIgniter\CodeIgniter->handleRequest(null, Object(Config\Cache), false)
 5 FCPATH\index.php(67): CodeIgniter\CodeIgniter->run()
 6 SYSTEMPATH\Commands\Server\rewrite.php(47): require_once('D:\\XAMPP\\htdocs\\Task-Management_Prooyek\\public\\index.php')
CRITICAL - 2023-05-12 14:34:28 --> Undefined property: App\Controllers\CreateToDoTasks::$session
in APPPATH\Controllers\CreateToDoTasks.php on line 51.
 1 APPPATH\Controllers\CreateToDoTasks.php(51): CodeIgniter\Debug\Exceptions->errorHandler(2, 'Undefined property: App\\Controllers\\CreateToDoTasks::$session', 'D:\\XAMPP\\htdocs\\Task-Management_Prooyek\\app\\Controllers\\CreateToDoTasks.php', 51)
 2 SYSTEMPATH\CodeIgniter.php(934): App\Controllers\CreateToDoTasks->create()
 3 SYSTEMPATH\CodeIgniter.php(499): CodeIgniter\CodeIgniter->runController(Object(App\Controllers\CreateToDoTasks))
 4 SYSTEMPATH\CodeIgniter.php(368): CodeIgniter\CodeIgniter->handleRequest(null, Object(Config\Cache), false)
 5 FCPATH\index.php(67): CodeIgniter\CodeIgniter->run()
 6 SYSTEMPATH\Commands\Server\rewrite.php(47): require_once('D:\\XAMPP\\htdocs\\Task-Management_Prooyek\\public\\index.php')
CRITICAL - 2023-05-12 14:35:50 --> Undefined property: App\Controllers\CreateToDoTasks::$session
in APPPATH\Controllers\CreateToDoTasks.php on line 57.
 1 APPPATH\Controllers\CreateToDoTasks.php(57): CodeIgniter\Debug\Exceptions->errorHandler(2, 'Undefined property: App\\Controllers\\CreateToDoTasks::$session', 'D:\\XAMPP\\htdocs\\Task-Management_Prooyek\\app\\Controllers\\CreateToDoTasks.php', 57)
 2 SYSTEMPATH\CodeIgniter.php(934): App\Controllers\CreateToDoTasks->create()
 3 SYSTEMPATH\CodeIgniter.php(499): CodeIgniter\CodeIgniter->runController(Object(App\Controllers\CreateToDoTasks))
 4 SYSTEMPATH\CodeIgniter.php(368): CodeIgniter\CodeIgniter->handleRequest(null, Object(Config\Cache), false)
 5 FCPATH\index.php(67): CodeIgniter\CodeIgniter->run()
 6 SYSTEMPATH\Commands\Server\rewrite.php(47): require_once('D:\\XAMPP\\htdocs\\Task-Management_Prooyek\\public\\index.php')
ERROR - 2023-05-12 14:35:55 --> mysqli_sql_exception: Table 'taskmanagement.todos' doesn't exist in D:\XAMPP\htdocs\Task-Management_Prooyek\system\Database\MySQLi\Connection.php:295
Stack trace:
#0 D:\XAMPP\htdocs\Task-Management_Prooyek\system\Database\MySQLi\Connection.php(295): mysqli->query('SELECT *\nFROM `...', 0)
#1 D:\XAMPP\htdocs\Task-Management_Prooyek\system\Database\BaseConnection.php(692): CodeIgniter\Database\MySQLi\Connection->execute('SELECT *\nFROM `...')
#2 D:\XAMPP\htdocs\Task-Management_Prooyek\system\Database\BaseConnection.php(606): CodeIgniter\Database\BaseConnection->simpleQuery('SELECT *\nFROM `...')
#3 D:\XAMPP\htdocs\Task-Management_Prooyek\system\Database\BaseBuilder.php(1616): CodeIgniter\Database\BaseConnection->query('SELECT *\nFROM `...', Array, false)
#4 D:\XAMPP\htdocs\Task-Management_Prooyek\system\Model.php(241): CodeIgniter\Database\BaseBuilder->get()
#5 D:\XAMPP\htdocs\Task-Management_Prooyek\system\BaseModel.php(618): CodeIgniter\Model->doFindAll(0, 0)
#6 D:\XAMPP\htdocs\Task-Management_Prooyek\app\Controllers\CreateToDoTasks.php(22): CodeIgniter\BaseModel->findAll()
#7 D:\XAMPP\htdocs\Task-Management_Prooyek\system\CodeIgniter.php(934): App\Controllers\CreateToDoTasks->index()
#8 D:\XAMPP\htdocs\Task-Management_Prooyek\system\CodeIgniter.php(499): CodeIgniter\CodeIgniter->runController(Object(App\Controllers\CreateToDoTasks))
#9 D:\XAMPP\htdocs\Task-Management_Prooyek\system\CodeIgniter.php(368): CodeIgniter\CodeIgniter->handleRequest(NULL, Object(Config\Cache), false)
#10 D:\XAMPP\htdocs\Task-Management_Prooyek\public\index.php(67): CodeIgniter\CodeIgniter->run()
#11 D:\XAMPP\htdocs\Task-Management_Prooyek\system\Commands\Server\rewrite.php(47): require_once('D:\\XAMPP\\htdocs...')
#12 {main}
CRITICAL - 2023-05-12 14:35:55 --> Table 'taskmanagement.todos' doesn't exist
in SYSTEMPATH\Database\MySQLi\Connection.php on line 295.
 1 SYSTEMPATH\Database\MySQLi\Connection.php(295): mysqli->query('SELECT *
FROM `todos`', 0)
 2 SYSTEMPATH\Database\BaseConnection.php(692): CodeIgniter\Database\MySQLi\Connection->execute('SELECT *
FROM `todos`')
 3 SYSTEMPATH\Database\BaseConnection.php(606): CodeIgniter\Database\BaseConnection->simpleQuery('SELECT *
FROM `todos`')
 4 SYSTEMPATH\Database\BaseBuilder.php(1616): CodeIgniter\Database\BaseConnection->query('SELECT *
FROM `todos`', [], false)
 5 SYSTEMPATH\Model.php(241): CodeIgniter\Database\BaseBuilder->get()
 6 SYSTEMPATH\BaseModel.php(618): CodeIgniter\Model->doFindAll(0, 0)
 7 APPPATH\Controllers\CreateToDoTasks.php(22): CodeIgniter\BaseModel->findAll()
 8 SYSTEMPATH\CodeIgniter.php(934): App\Controllers\CreateToDoTasks->index()
 9 SYSTEMPATH\CodeIgniter.php(499): CodeIgniter\CodeIgniter->runController(Object(App\Controllers\CreateToDoTasks))
10 SYSTEMPATH\CodeIgniter.php(368): CodeIgniter\CodeIgniter->handleRequest(null, Object(Config\Cache), false)
11 FCPATH\index.php(67): CodeIgniter\CodeIgniter->run()
12 SYSTEMPATH\Commands\Server\rewrite.php(47): require_once('D:\\XAMPP\\htdocs\\Task-Management_Prooyek\\public\\index.php')
CRITICAL - 2023-05-12 14:36:54 --> Undefined property: App\Controllers\CreateToDoTasks::$session
in APPPATH\Controllers\CreateToDoTasks.php on line 57.
 1 APPPATH\Controllers\CreateToDoTasks.php(57): CodeIgniter\Debug\Exceptions->errorHandler(2, 'Undefined property: App\\Controllers\\CreateToDoTasks::$session', 'D:\\XAMPP\\htdocs\\Task-Management_Prooyek\\app\\Controllers\\CreateToDoTasks.php', 57)
 2 SYSTEMPATH\CodeIgniter.php(934): App\Controllers\CreateToDoTasks->create()
 3 SYSTEMPATH\CodeIgniter.php(499): CodeIgniter\CodeIgniter->runController(Object(App\Controllers\CreateToDoTasks))
 4 SYSTEMPATH\CodeIgniter.php(368): CodeIgniter\CodeIgniter->handleRequest(null, Object(Config\Cache), false)
 5 FCPATH\index.php(67): CodeIgniter\CodeIgniter->run()
 6 SYSTEMPATH\Commands\Server\rewrite.php(47): require_once('D:\\XAMPP\\htdocs\\Task-Management_Prooyek\\public\\index.php')
CRITICAL - 2023-05-12 23:54:01 --> Undefined variable $employee
in APPPATH\Views\layouts\admin\todotask\viewmytodo\index.php on line 23.
 1 APPPATH\Views\layouts\admin\todotask\viewmytodo\index.php(23): CodeIgniter\Debug\Exceptions->errorHandler(2, 'Undefined variable $employee', 'D:\\XAMPP\\htdocs\\Task-Management_Prooyek\\app\\Views\\layouts\\admin\\todotask\\viewmytodo\\index.php', 23)
 2 SYSTEMPATH\View\View.php(213): include('D:\\XAMPP\\htdocs\\Task-Management_Prooyek\\app\\Views\\layouts\\admin\\todotask\\viewmytodo\\index.php')
 3 SYSTEMPATH\View\View.php(216): CodeIgniter\View\View->CodeIgniter\View\{closure}()
 4 SYSTEMPATH\Common.php(1184): CodeIgniter\View\View->render('layouts/admin/todotask/viewmytodo/index', [], true)
 5 APPPATH\Controllers\ViewMyTodo.php(25): view('layouts/admin/todotask/viewmytodo/index')
 6 SYSTEMPATH\CodeIgniter.php(934): App\Controllers\ViewMyTodo->index()
 7 SYSTEMPATH\CodeIgniter.php(499): CodeIgniter\CodeIgniter->runController(Object(App\Controllers\ViewMyTodo))
 8 SYSTEMPATH\CodeIgniter.php(368): CodeIgniter\CodeIgniter->handleRequest(null, Object(Config\Cache), false)
 9 FCPATH\index.php(67): CodeIgniter\CodeIgniter->run()
10 SYSTEMPATH\Commands\Server\rewrite.php(47): require_once('D:\\XAMPP\\htdocs\\Task-Management_Prooyek\\public\\index.php')
