CRITICAL - 2023-05-17 03:59:13 --> Undefined array key "id"
in APPPATH\Views\layouts\admin\employeesection\viewallemployee\index.php on line 33.
 1 APPPATH\Views\layouts\admin\employeesection\viewallemployee\index.php(33): CodeIgniter\Debug\Exceptions->errorHandler(2, 'Undefined array key "id"', 'D:\\XAMPP\\htdocs\\Task-Management_Prooyek\\app\\Views\\layouts\\admin\\employeesection\\viewallemployee\\index.php', 33)
 2 SYSTEMPATH\View\View.php(213): include('D:\\XAMPP\\htdocs\\Task-Management_Prooyek\\app\\Views\\layouts\\admin\\employeesection\\viewallemployee\\index.php')
 3 SYSTEMPATH\View\View.php(216): CodeIgniter\View\View->CodeIgniter\View\{closure}()
 4 SYSTEMPATH\Common.php(1184): CodeIgniter\View\View->render('layouts/admin/employeesection/viewallemployee/index', [], true)
 5 APPPATH\Controllers\ViewAllEmployee.php(26): view('layouts/admin/employeesection/viewallemployee/index', [...])
 6 SYSTEMPATH\CodeIgniter.php(934): App\Controllers\ViewAllEmployee->index()
 7 SYSTEMPATH\CodeIgniter.php(499): CodeIgniter\CodeIgniter->runController(Object(App\Controllers\ViewAllEmployee))
 8 SYSTEMPATH\CodeIgniter.php(368): CodeIgniter\CodeIgniter->handleRequest(null, Object(Config\Cache), false)
 9 FCPATH\index.php(67): CodeIgniter\CodeIgniter->run()
10 SYSTEMPATH\Commands\Server\rewrite.php(47): require_once('D:\\XAMPP\\htdocs\\Task-Management_Prooyek\\public\\index.php')
CRITICAL - 2023-05-17 04:03:20 --> Undefined array key "id__employee"
in APPPATH\Views\layouts\admin\employeesection\viewallemployee\edit.php on line 4.
 1 APPPATH\Views\layouts\admin\employeesection\viewallemployee\edit.php(4): CodeIgniter\Debug\Exceptions->errorHandler(2, 'Undefined array key "id__employee"', 'D:\\XAMPP\\htdocs\\Task-Management_Prooyek\\app\\Views\\layouts\\admin\\employeesection\\viewallemployee\\edit.php', 4)
 2 SYSTEMPATH\View\View.php(213): include('D:\\XAMPP\\htdocs\\Task-Management_Prooyek\\app\\Views\\layouts\\admin\\employeesection\\viewallemployee\\edit.php')
 3 SYSTEMPATH\View\View.php(216): CodeIgniter\View\View->CodeIgniter\View\{closure}()
 4 SYSTEMPATH\Common.php(1184): CodeIgniter\View\View->render('layouts/admin/employeesection/viewallemployee/edit', [], true)
 5 APPPATH\Controllers\AddEmployee.php(82): view('layouts/admin/employeesection/viewallemployee/edit', [...])
 6 SYSTEMPATH\CodeIgniter.php(934): App\Controllers\AddEmployee->edit('7')
 7 SYSTEMPATH\CodeIgniter.php(499): CodeIgniter\CodeIgniter->runController(Object(App\Controllers\AddEmployee))
 8 SYSTEMPATH\CodeIgniter.php(368): CodeIgniter\CodeIgniter->handleRequest(null, Object(Config\Cache), false)
 9 FCPATH\index.php(67): CodeIgniter\CodeIgniter->run()
10 SYSTEMPATH\Commands\Server\rewrite.php(47): require_once('D:\\XAMPP\\htdocs\\Task-Management_Prooyek\\public\\index.php')
CRITICAL - 2023-05-17 04:09:42 --> Undefined array key "id__employee"
in APPPATH\Views\layouts\admin\employeesection\viewallemployee\edit.php on line 4.
 1 APPPATH\Views\layouts\admin\employeesection\viewallemployee\edit.php(4): CodeIgniter\Debug\Exceptions->errorHandler(2, 'Undefined array key "id__employee"', 'D:\\XAMPP\\htdocs\\Task-Management_Prooyek\\app\\Views\\layouts\\admin\\employeesection\\viewallemployee\\edit.php', 4)
 2 SYSTEMPATH\View\View.php(213): include('D:\\XAMPP\\htdocs\\Task-Management_Prooyek\\app\\Views\\layouts\\admin\\employeesection\\viewallemployee\\edit.php')
 3 SYSTEMPATH\View\View.php(216): CodeIgniter\View\View->CodeIgniter\View\{closure}()
 4 SYSTEMPATH\Common.php(1184): CodeIgniter\View\View->render('layouts/admin/employeesection/viewallemployee/edit', [], true)
 5 APPPATH\Controllers\AddEmployee.php(82): view('layouts/admin/employeesection/viewallemployee/edit', [...])
 6 SYSTEMPATH\CodeIgniter.php(934): App\Controllers\AddEmployee->edit('1')
 7 SYSTEMPATH\CodeIgniter.php(499): CodeIgniter\CodeIgniter->runController(Object(App\Controllers\AddEmployee))
 8 SYSTEMPATH\CodeIgniter.php(368): CodeIgniter\CodeIgniter->handleRequest(null, Object(Config\Cache), false)
 9 FCPATH\index.php(67): CodeIgniter\CodeIgniter->run()
10 SYSTEMPATH\Commands\Server\rewrite.php(47): require_once('D:\\XAMPP\\htdocs\\Task-Management_Prooyek\\public\\index.php')
CRITICAL - 2023-05-17 04:10:24 --> Undefined array key "id"
in APPPATH\Views\layouts\admin\employeesection\viewallemployee\edit.php on line 4.
 1 APPPATH\Views\layouts\admin\employeesection\viewallemployee\edit.php(4): CodeIgniter\Debug\Exceptions->errorHandler(2, 'Undefined array key "id"', 'D:\\XAMPP\\htdocs\\Task-Management_Prooyek\\app\\Views\\layouts\\admin\\employeesection\\viewallemployee\\edit.php', 4)
 2 SYSTEMPATH\View\View.php(213): include('D:\\XAMPP\\htdocs\\Task-Management_Prooyek\\app\\Views\\layouts\\admin\\employeesection\\viewallemployee\\edit.php')
 3 SYSTEMPATH\View\View.php(216): CodeIgniter\View\View->CodeIgniter\View\{closure}()
 4 SYSTEMPATH\Common.php(1184): CodeIgniter\View\View->render('layouts/admin/employeesection/viewallemployee/edit', [], true)
 5 APPPATH\Controllers\AddEmployee.php(82): view('layouts/admin/employeesection/viewallemployee/edit', [...])
 6 SYSTEMPATH\CodeIgniter.php(934): App\Controllers\AddEmployee->edit('1')
 7 SYSTEMPATH\CodeIgniter.php(499): CodeIgniter\CodeIgniter->runController(Object(App\Controllers\AddEmployee))
 8 SYSTEMPATH\CodeIgniter.php(368): CodeIgniter\CodeIgniter->handleRequest(null, Object(Config\Cache), false)
 9 FCPATH\index.php(67): CodeIgniter\CodeIgniter->run()
10 SYSTEMPATH\Commands\Server\rewrite.php(47): require_once('D:\\XAMPP\\htdocs\\Task-Management_Prooyek\\public\\index.php')
CRITICAL - 2023-05-17 04:12:51 --> Undefined array key "id"
in APPPATH\Views\layouts\admin\employeesection\viewallemployee\edit.php on line 4.
 1 APPPATH\Views\layouts\admin\employeesection\viewallemployee\edit.php(4): CodeIgniter\Debug\Exceptions->errorHandler(2, 'Undefined array key "id"', 'D:\\XAMPP\\htdocs\\Task-Management_Prooyek\\app\\Views\\layouts\\admin\\employeesection\\viewallemployee\\edit.php', 4)
 2 SYSTEMPATH\View\View.php(213): include('D:\\XAMPP\\htdocs\\Task-Management_Prooyek\\app\\Views\\layouts\\admin\\employeesection\\viewallemployee\\edit.php')
 3 SYSTEMPATH\View\View.php(216): CodeIgniter\View\View->CodeIgniter\View\{closure}()
 4 SYSTEMPATH\Common.php(1184): CodeIgniter\View\View->render('layouts/admin/employeesection/viewallemployee/edit', [], true)
 5 APPPATH\Controllers\AddEmployee.php(82): view('layouts/admin/employeesection/viewallemployee/edit', [...])
 6 SYSTEMPATH\CodeIgniter.php(934): App\Controllers\AddEmployee->edit('1')
 7 SYSTEMPATH\CodeIgniter.php(499): CodeIgniter\CodeIgniter->runController(Object(App\Controllers\AddEmployee))
 8 SYSTEMPATH\CodeIgniter.php(368): CodeIgniter\CodeIgniter->handleRequest(null, Object(Config\Cache), false)
 9 FCPATH\index.php(67): CodeIgniter\CodeIgniter->run()
10 SYSTEMPATH\Commands\Server\rewrite.php(47): require_once('D:\\XAMPP\\htdocs\\Task-Management_Prooyek\\public\\index.php')
CRITICAL - 2023-05-17 04:12:53 --> Undefined array key "id"
in APPPATH\Views\layouts\admin\employeesection\viewallemployee\index.php on line 31.
 1 APPPATH\Views\layouts\admin\employeesection\viewallemployee\index.php(31): CodeIgniter\Debug\Exceptions->errorHandler(2, 'Undefined array key "id"', 'D:\\XAMPP\\htdocs\\Task-Management_Prooyek\\app\\Views\\layouts\\admin\\employeesection\\viewallemployee\\index.php', 31)
 2 SYSTEMPATH\View\View.php(213): include('D:\\XAMPP\\htdocs\\Task-Management_Prooyek\\app\\Views\\layouts\\admin\\employeesection\\viewallemployee\\index.php')
 3 SYSTEMPATH\View\View.php(216): CodeIgniter\View\View->CodeIgniter\View\{closure}()
 4 SYSTEMPATH\Common.php(1184): CodeIgniter\View\View->render('layouts/admin/employeesection/viewallemployee/index', [], true)
 5 APPPATH\Controllers\ViewAllEmployee.php(26): view('layouts/admin/employeesection/viewallemployee/index', [...])
 6 SYSTEMPATH\CodeIgniter.php(934): App\Controllers\ViewAllEmployee->index()
 7 SYSTEMPATH\CodeIgniter.php(499): CodeIgniter\CodeIgniter->runController(Object(App\Controllers\ViewAllEmployee))
 8 SYSTEMPATH\CodeIgniter.php(368): CodeIgniter\CodeIgniter->handleRequest(null, Object(Config\Cache), false)
 9 FCPATH\index.php(67): CodeIgniter\CodeIgniter->run()
10 SYSTEMPATH\Commands\Server\rewrite.php(47): require_once('D:\\XAMPP\\htdocs\\Task-Management_Prooyek\\public\\index.php')
CRITICAL - 2023-05-17 04:12:58 --> Undefined array key "id"
in APPPATH\Views\layouts\admin\employeesection\viewallemployee\index.php on line 31.
 1 APPPATH\Views\layouts\admin\employeesection\viewallemployee\index.php(31): CodeIgniter\Debug\Exceptions->errorHandler(2, 'Undefined array key "id"', 'D:\\XAMPP\\htdocs\\Task-Management_Prooyek\\app\\Views\\layouts\\admin\\employeesection\\viewallemployee\\index.php', 31)
 2 SYSTEMPATH\View\View.php(213): include('D:\\XAMPP\\htdocs\\Task-Management_Prooyek\\app\\Views\\layouts\\admin\\employeesection\\viewallemployee\\index.php')
 3 SYSTEMPATH\View\View.php(216): CodeIgniter\View\View->CodeIgniter\View\{closure}()
 4 SYSTEMPATH\Common.php(1184): CodeIgniter\View\View->render('layouts/admin/employeesection/viewallemployee/index', [], true)
 5 APPPATH\Controllers\ViewAllEmployee.php(26): view('layouts/admin/employeesection/viewallemployee/index', [...])
 6 SYSTEMPATH\CodeIgniter.php(934): App\Controllers\ViewAllEmployee->index()
 7 SYSTEMPATH\CodeIgniter.php(499): CodeIgniter\CodeIgniter->runController(Object(App\Controllers\ViewAllEmployee))
 8 SYSTEMPATH\CodeIgniter.php(368): CodeIgniter\CodeIgniter->handleRequest(null, Object(Config\Cache), false)
 9 FCPATH\index.php(67): CodeIgniter\CodeIgniter->run()
10 SYSTEMPATH\Commands\Server\rewrite.php(47): require_once('D:\\XAMPP\\htdocs\\Task-Management_Prooyek\\public\\index.php')
CRITICAL - 2023-05-17 04:13:02 --> Undefined array key "id"
in APPPATH\Views\layouts\admin\employeesection\viewallemployee\index.php on line 31.
 1 APPPATH\Views\layouts\admin\employeesection\viewallemployee\index.php(31): CodeIgniter\Debug\Exceptions->errorHandler(2, 'Undefined array key "id"', 'D:\\XAMPP\\htdocs\\Task-Management_Prooyek\\app\\Views\\layouts\\admin\\employeesection\\viewallemployee\\index.php', 31)
 2 SYSTEMPATH\View\View.php(213): include('D:\\XAMPP\\htdocs\\Task-Management_Prooyek\\app\\Views\\layouts\\admin\\employeesection\\viewallemployee\\index.php')
 3 SYSTEMPATH\View\View.php(216): CodeIgniter\View\View->CodeIgniter\View\{closure}()
 4 SYSTEMPATH\Common.php(1184): CodeIgniter\View\View->render('layouts/admin/employeesection/viewallemployee/index', [], true)
 5 APPPATH\Controllers\ViewAllEmployee.php(26): view('layouts/admin/employeesection/viewallemployee/index', [...])
 6 SYSTEMPATH\CodeIgniter.php(934): App\Controllers\ViewAllEmployee->index()
 7 SYSTEMPATH\CodeIgniter.php(499): CodeIgniter\CodeIgniter->runController(Object(App\Controllers\ViewAllEmployee))
 8 SYSTEMPATH\CodeIgniter.php(368): CodeIgniter\CodeIgniter->handleRequest(null, Object(Config\Cache), false)
 9 FCPATH\index.php(67): CodeIgniter\CodeIgniter->run()
10 SYSTEMPATH\Commands\Server\rewrite.php(47): require_once('D:\\XAMPP\\htdocs\\Task-Management_Prooyek\\public\\index.php')
CRITICAL - 2023-05-17 04:13:32 --> Undefined array key "id"
in APPPATH\Views\layouts\admin\employeesection\viewallemployee\edit.php on line 4.
 1 APPPATH\Views\layouts\admin\employeesection\viewallemployee\edit.php(4): CodeIgniter\Debug\Exceptions->errorHandler(2, 'Undefined array key "id"', 'D:\\XAMPP\\htdocs\\Task-Management_Prooyek\\app\\Views\\layouts\\admin\\employeesection\\viewallemployee\\edit.php', 4)
 2 SYSTEMPATH\View\View.php(213): include('D:\\XAMPP\\htdocs\\Task-Management_Prooyek\\app\\Views\\layouts\\admin\\employeesection\\viewallemployee\\edit.php')
 3 SYSTEMPATH\View\View.php(216): CodeIgniter\View\View->CodeIgniter\View\{closure}()
 4 SYSTEMPATH\Common.php(1184): CodeIgniter\View\View->render('layouts/admin/employeesection/viewallemployee/edit', [], true)
 5 APPPATH\Controllers\AddEmployee.php(82): view('layouts/admin/employeesection/viewallemployee/edit', [...])
 6 SYSTEMPATH\CodeIgniter.php(934): App\Controllers\AddEmployee->edit('1')
 7 SYSTEMPATH\CodeIgniter.php(499): CodeIgniter\CodeIgniter->runController(Object(App\Controllers\AddEmployee))
 8 SYSTEMPATH\CodeIgniter.php(368): CodeIgniter\CodeIgniter->handleRequest(null, Object(Config\Cache), false)
 9 FCPATH\index.php(67): CodeIgniter\CodeIgniter->run()
10 SYSTEMPATH\Commands\Server\rewrite.php(47): require_once('D:\\XAMPP\\htdocs\\Task-Management_Prooyek\\public\\index.php')
CRITICAL - 2023-05-17 04:15:49 --> Undefined variable $id_employee
in APPPATH\Controllers\AddEmployee.php on line 76.
 1 APPPATH\Controllers\AddEmployee.php(76): CodeIgniter\Debug\Exceptions->errorHandler(2, 'Undefined variable $id_employee', 'D:\\XAMPP\\htdocs\\Task-Management_Prooyek\\app\\Controllers\\AddEmployee.php', 76)
 2 SYSTEMPATH\CodeIgniter.php(934): App\Controllers\AddEmployee->edit('1')
 3 SYSTEMPATH\CodeIgniter.php(499): CodeIgniter\CodeIgniter->runController(Object(App\Controllers\AddEmployee))
 4 SYSTEMPATH\CodeIgniter.php(368): CodeIgniter\CodeIgniter->handleRequest(null, Object(Config\Cache), false)
 5 FCPATH\index.php(67): CodeIgniter\CodeIgniter->run()
 6 SYSTEMPATH\Commands\Server\rewrite.php(47): require_once('D:\\XAMPP\\htdocs\\Task-Management_Prooyek\\public\\index.php')
CRITICAL - 2023-05-17 04:59:09 --> Undefined variable $row
in APPPATH\Views\layouts\admin\employeesection\viewallemployee\edit.php on line 12.
 1 APPPATH\Views\layouts\admin\employeesection\viewallemployee\edit.php(12): CodeIgniter\Debug\Exceptions->errorHandler(2, 'Undefined variable $row', 'D:\\XAMPP\\htdocs\\Task-Management_Prooyek\\app\\Views\\layouts\\admin\\employeesection\\viewallemployee\\edit.php', 12)
 2 SYSTEMPATH\View\View.php(213): include('D:\\XAMPP\\htdocs\\Task-Management_Prooyek\\app\\Views\\layouts\\admin\\employeesection\\viewallemployee\\edit.php')
 3 SYSTEMPATH\View\View.php(216): CodeIgniter\View\View->CodeIgniter\View\{closure}()
 4 SYSTEMPATH\Common.php(1184): CodeIgniter\View\View->render('layouts/admin/employeesection/viewallemployee/edit', [], true)
 5 APPPATH\Controllers\AddEmployee.php(82): view('layouts/admin/employeesection/viewallemployee/edit', [...])
 6 SYSTEMPATH\CodeIgniter.php(934): App\Controllers\AddEmployee->edit('1')
 7 SYSTEMPATH\CodeIgniter.php(499): CodeIgniter\CodeIgniter->runController(Object(App\Controllers\AddEmployee))
 8 SYSTEMPATH\CodeIgniter.php(368): CodeIgniter\CodeIgniter->handleRequest(null, Object(Config\Cache), false)
 9 FCPATH\index.php(67): CodeIgniter\CodeIgniter->run()
10 SYSTEMPATH\Commands\Server\rewrite.php(47): require_once('D:\\XAMPP\\htdocs\\Task-Management_Prooyek\\public\\index.php')
WARNING - 2023-05-17 06:49:32 --> [DEPRECATED] Creation of dynamic property App\Controllers\AddEmployee::$employeeModel is deprecated in APPPATH\Controllers\AddEmployee.php on line 11.
 1 SYSTEMPATH\CodeIgniter.php(906): App\Controllers\AddEmployee->__construct()
 2 SYSTEMPATH\CodeIgniter.php(490): CodeIgniter\CodeIgniter->createController()
 3 SYSTEMPATH\CodeIgniter.php(368): CodeIgniter\CodeIgniter->handleRequest(null, Object(Config\Cache), false)
 4 FCPATH\index.php(67): CodeIgniter\CodeIgniter->run()
 5 SYSTEMPATH\Commands\Server\rewrite.php(47): require_once('D:\\XAMPP\\htdocs\\Task-Management_Prooyek\\public\\index.php')
WARNING - 2023-05-17 06:49:37 --> [DEPRECATED] Creation of dynamic property App\Controllers\ViewAllEmployee::$employeeModel is deprecated in APPPATH\Controllers\ViewAllEmployee.php on line 11.
 1 SYSTEMPATH\CodeIgniter.php(906): App\Controllers\ViewAllEmployee->__construct()
 2 SYSTEMPATH\CodeIgniter.php(490): CodeIgniter\CodeIgniter->createController()
 3 SYSTEMPATH\CodeIgniter.php(368): CodeIgniter\CodeIgniter->handleRequest(null, Object(Config\Cache), false)
 4 FCPATH\index.php(67): CodeIgniter\CodeIgniter->run()
 5 SYSTEMPATH\Commands\Server\rewrite.php(47): require_once('D:\\XAMPP\\htdocs\\Task-Management_Prooyek\\public\\index.php')
WARNING - 2023-05-17 06:49:40 --> [DEPRECATED] Creation of dynamic property App\Controllers\AddEmployee::$employeeModel is deprecated in APPPATH\Controllers\AddEmployee.php on line 11.
 1 SYSTEMPATH\CodeIgniter.php(906): App\Controllers\AddEmployee->__construct()
 2 SYSTEMPATH\CodeIgniter.php(490): CodeIgniter\CodeIgniter->createController()
 3 SYSTEMPATH\CodeIgniter.php(368): CodeIgniter\CodeIgniter->handleRequest(null, Object(Config\Cache), false)
 4 FCPATH\index.php(67): CodeIgniter\CodeIgniter->run()
 5 SYSTEMPATH\Commands\Server\rewrite.php(47): require_once('D:\\XAMPP\\htdocs\\Task-Management_Prooyek\\public\\index.php')
WARNING - 2023-05-17 06:49:40 --> [DEPRECATED] Creation of dynamic property App\Controllers\AddEmployee::$employeeModel is deprecated in APPPATH\Controllers\AddEmployee.php on line 11.
 1 SYSTEMPATH\CodeIgniter.php(906): App\Controllers\AddEmployee->__construct()
 2 SYSTEMPATH\CodeIgniter.php(490): CodeIgniter\CodeIgniter->createController()
 3 SYSTEMPATH\CodeIgniter.php(368): CodeIgniter\CodeIgniter->handleRequest(null, Object(Config\Cache), false)
 4 FCPATH\index.php(67): CodeIgniter\CodeIgniter->run()
 5 SYSTEMPATH\Commands\Server\rewrite.php(47): require_once('D:\\XAMPP\\htdocs\\Task-Management_Prooyek\\public\\index.php')
WARNING - 2023-05-17 07:24:39 --> [DEPRECATED] Creation of dynamic property App\Controllers\AddEmployee::$employeeModel is deprecated in APPPATH\Controllers\AddEmployee.php on line 11.
 1 SYSTEMPATH\CodeIgniter.php(906): App\Controllers\AddEmployee->__construct()
 2 SYSTEMPATH\CodeIgniter.php(490): CodeIgniter\CodeIgniter->createController()
 3 SYSTEMPATH\CodeIgniter.php(368): CodeIgniter\CodeIgniter->handleRequest(null, Object(Config\Cache), false)
 4 FCPATH\index.php(67): CodeIgniter\CodeIgniter->run()
 5 SYSTEMPATH\Commands\Server\rewrite.php(47): require_once('D:\\XAMPP\\htdocs\\Task-Management_Prooyek\\public\\index.php')
WARNING - 2023-05-17 07:24:42 --> [DEPRECATED] Creation of dynamic property App\Controllers\ViewAllEmployee::$employeeModel is deprecated in APPPATH\Controllers\ViewAllEmployee.php on line 11.
 1 SYSTEMPATH\CodeIgniter.php(906): App\Controllers\ViewAllEmployee->__construct()
 2 SYSTEMPATH\CodeIgniter.php(490): CodeIgniter\CodeIgniter->createController()
 3 SYSTEMPATH\CodeIgniter.php(368): CodeIgniter\CodeIgniter->handleRequest(null, Object(Config\Cache), false)
 4 FCPATH\index.php(67): CodeIgniter\CodeIgniter->run()
 5 SYSTEMPATH\Commands\Server\rewrite.php(47): require_once('D:\\XAMPP\\htdocs\\Task-Management_Prooyek\\public\\index.php')
WARNING - 2023-05-17 07:24:44 --> [DEPRECATED] Creation of dynamic property App\Controllers\AddEmployee::$employeeModel is deprecated in APPPATH\Controllers\AddEmployee.php on line 11.
 1 SYSTEMPATH\CodeIgniter.php(906): App\Controllers\AddEmployee->__construct()
 2 SYSTEMPATH\CodeIgniter.php(490): CodeIgniter\CodeIgniter->createController()
 3 SYSTEMPATH\CodeIgniter.php(368): CodeIgniter\CodeIgniter->handleRequest(null, Object(Config\Cache), false)
 4 FCPATH\index.php(67): CodeIgniter\CodeIgniter->run()
 5 SYSTEMPATH\Commands\Server\rewrite.php(47): require_once('D:\\XAMPP\\htdocs\\Task-Management_Prooyek\\public\\index.php')
WARNING - 2023-05-17 07:24:44 --> [DEPRECATED] Creation of dynamic property App\Controllers\AddEmployee::$employeeModel is deprecated in APPPATH\Controllers\AddEmployee.php on line 11.
 1 SYSTEMPATH\CodeIgniter.php(906): App\Controllers\AddEmployee->__construct()
 2 SYSTEMPATH\CodeIgniter.php(490): CodeIgniter\CodeIgniter->createController()
 3 SYSTEMPATH\CodeIgniter.php(368): CodeIgniter\CodeIgniter->handleRequest(null, Object(Config\Cache), false)
 4 FCPATH\index.php(67): CodeIgniter\CodeIgniter->run()
 5 SYSTEMPATH\Commands\Server\rewrite.php(47): require_once('D:\\XAMPP\\htdocs\\Task-Management_Prooyek\\public\\index.php')
WARNING - 2023-05-17 07:24:51 --> [DEPRECATED] Creation of dynamic property App\Controllers\AddEmployee::$employeeModel is deprecated in APPPATH\Controllers\AddEmployee.php on line 11.
 1 SYSTEMPATH\CodeIgniter.php(906): App\Controllers\AddEmployee->__construct()
 2 SYSTEMPATH\CodeIgniter.php(490): CodeIgniter\CodeIgniter->createController()
 3 SYSTEMPATH\CodeIgniter.php(368): CodeIgniter\CodeIgniter->handleRequest(null, Object(Config\Cache), false)
 4 FCPATH\index.php(67): CodeIgniter\CodeIgniter->run()
 5 SYSTEMPATH\Commands\Server\rewrite.php(47): require_once('D:\\XAMPP\\htdocs\\Task-Management_Prooyek\\public\\index.php')
WARNING - 2023-05-17 07:24:51 --> [DEPRECATED] Creation of dynamic property App\Controllers\ViewAllEmployee::$employeeModel is deprecated in APPPATH\Controllers\ViewAllEmployee.php on line 11.
 1 SYSTEMPATH\CodeIgniter.php(906): App\Controllers\ViewAllEmployee->__construct()
 2 SYSTEMPATH\CodeIgniter.php(490): CodeIgniter\CodeIgniter->createController()
 3 SYSTEMPATH\CodeIgniter.php(368): CodeIgniter\CodeIgniter->handleRequest(null, Object(Config\Cache), false)
 4 FCPATH\index.php(67): CodeIgniter\CodeIgniter->run()
 5 SYSTEMPATH\Commands\Server\rewrite.php(47): require_once('D:\\XAMPP\\htdocs\\Task-Management_Prooyek\\public\\index.php')
WARNING - 2023-05-17 07:25:51 --> [DEPRECATED] Creation of dynamic property App\Controllers\AddEmployee::$employeeModel is deprecated in APPPATH\Controllers\AddEmployee.php on line 11.
 1 SYSTEMPATH\CodeIgniter.php(906): App\Controllers\AddEmployee->__construct()
 2 SYSTEMPATH\CodeIgniter.php(490): CodeIgniter\CodeIgniter->createController()
 3 SYSTEMPATH\CodeIgniter.php(368): CodeIgniter\CodeIgniter->handleRequest(null, Object(Config\Cache), false)
 4 FCPATH\index.php(67): CodeIgniter\CodeIgniter->run()
 5 SYSTEMPATH\Commands\Server\rewrite.php(47): require_once('D:\\XAMPP\\htdocs\\Task-Management_Prooyek\\public\\index.php')
WARNING - 2023-05-17 07:25:51 --> [DEPRECATED] Creation of dynamic property App\Controllers\ViewAllEmployee::$employeeModel is deprecated in APPPATH\Controllers\ViewAllEmployee.php on line 11.
 1 SYSTEMPATH\CodeIgniter.php(906): App\Controllers\ViewAllEmployee->__construct()
 2 SYSTEMPATH\CodeIgniter.php(490): CodeIgniter\CodeIgniter->createController()
 3 SYSTEMPATH\CodeIgniter.php(368): CodeIgniter\CodeIgniter->handleRequest(null, Object(Config\Cache), false)
 4 FCPATH\index.php(67): CodeIgniter\CodeIgniter->run()
 5 SYSTEMPATH\Commands\Server\rewrite.php(47): require_once('D:\\XAMPP\\htdocs\\Task-Management_Prooyek\\public\\index.php')
WARNING - 2023-05-17 07:25:55 --> [DEPRECATED] Creation of dynamic property App\Controllers\AddEmployee::$employeeModel is deprecated in APPPATH\Controllers\AddEmployee.php on line 11.
 1 SYSTEMPATH\CodeIgniter.php(906): App\Controllers\AddEmployee->__construct()
 2 SYSTEMPATH\CodeIgniter.php(490): CodeIgniter\CodeIgniter->createController()
 3 SYSTEMPATH\CodeIgniter.php(368): CodeIgniter\CodeIgniter->handleRequest(null, Object(Config\Cache), false)
 4 FCPATH\index.php(67): CodeIgniter\CodeIgniter->run()
 5 SYSTEMPATH\Commands\Server\rewrite.php(47): require_once('D:\\XAMPP\\htdocs\\Task-Management_Prooyek\\public\\index.php')
WARNING - 2023-05-17 07:25:56 --> [DEPRECATED] Creation of dynamic property App\Controllers\AddEmployee::$employeeModel is deprecated in APPPATH\Controllers\AddEmployee.php on line 11.
 1 SYSTEMPATH\CodeIgniter.php(906): App\Controllers\AddEmployee->__construct()
 2 SYSTEMPATH\CodeIgniter.php(490): CodeIgniter\CodeIgniter->createController()
 3 SYSTEMPATH\CodeIgniter.php(368): CodeIgniter\CodeIgniter->handleRequest(null, Object(Config\Cache), false)
 4 FCPATH\index.php(67): CodeIgniter\CodeIgniter->run()
 5 SYSTEMPATH\Commands\Server\rewrite.php(47): require_once('D:\\XAMPP\\htdocs\\Task-Management_Prooyek\\public\\index.php')
WARNING - 2023-05-17 07:26:02 --> [DEPRECATED] Creation of dynamic property App\Controllers\AddEmployee::$employeeModel is deprecated in APPPATH\Controllers\AddEmployee.php on line 11.
 1 SYSTEMPATH\CodeIgniter.php(906): App\Controllers\AddEmployee->__construct()
 2 SYSTEMPATH\CodeIgniter.php(490): CodeIgniter\CodeIgniter->createController()
 3 SYSTEMPATH\CodeIgniter.php(368): CodeIgniter\CodeIgniter->handleRequest(null, Object(Config\Cache), false)
 4 FCPATH\index.php(67): CodeIgniter\CodeIgniter->run()
 5 SYSTEMPATH\Commands\Server\rewrite.php(47): require_once('D:\\XAMPP\\htdocs\\Task-Management_Prooyek\\public\\index.php')
WARNING - 2023-05-17 07:26:02 --> [DEPRECATED] Creation of dynamic property App\Controllers\ViewAllEmployee::$employeeModel is deprecated in APPPATH\Controllers\ViewAllEmployee.php on line 11.
 1 SYSTEMPATH\CodeIgniter.php(906): App\Controllers\ViewAllEmployee->__construct()
 2 SYSTEMPATH\CodeIgniter.php(490): CodeIgniter\CodeIgniter->createController()
 3 SYSTEMPATH\CodeIgniter.php(368): CodeIgniter\CodeIgniter->handleRequest(null, Object(Config\Cache), false)
 4 FCPATH\index.php(67): CodeIgniter\CodeIgniter->run()
 5 SYSTEMPATH\Commands\Server\rewrite.php(47): require_once('D:\\XAMPP\\htdocs\\Task-Management_Prooyek\\public\\index.php')
WARNING - 2023-05-17 07:27:36 --> [DEPRECATED] Creation of dynamic property App\Controllers\ViewAllEmployee::$employeeModel is deprecated in APPPATH\Controllers\ViewAllEmployee.php on line 11.
 1 SYSTEMPATH\CodeIgniter.php(906): App\Controllers\ViewAllEmployee->__construct()
 2 SYSTEMPATH\CodeIgniter.php(490): CodeIgniter\CodeIgniter->createController()
 3 SYSTEMPATH\CodeIgniter.php(368): CodeIgniter\CodeIgniter->handleRequest(null, Object(Config\Cache), false)
 4 FCPATH\index.php(67): CodeIgniter\CodeIgniter->run()
 5 SYSTEMPATH\Commands\Server\rewrite.php(47): require_once('D:\\XAMPP\\htdocs\\Task-Management_Prooyek\\public\\index.php')
WARNING - 2023-05-17 07:27:49 --> [DEPRECATED] Creation of dynamic property App\Controllers\ViewAllEmployee::$employeeModel is deprecated in APPPATH\Controllers\ViewAllEmployee.php on line 11.
 1 SYSTEMPATH\CodeIgniter.php(906): App\Controllers\ViewAllEmployee->__construct()
 2 SYSTEMPATH\CodeIgniter.php(490): CodeIgniter\CodeIgniter->createController()
 3 SYSTEMPATH\CodeIgniter.php(368): CodeIgniter\CodeIgniter->handleRequest(null, Object(Config\Cache), false)
 4 FCPATH\index.php(67): CodeIgniter\CodeIgniter->run()
 5 SYSTEMPATH\Commands\Server\rewrite.php(47): require_once('D:\\XAMPP\\htdocs\\Task-Management_Prooyek\\public\\index.php')
WARNING - 2023-05-17 07:28:35 --> [DEPRECATED] Creation of dynamic property App\Controllers\AddEmployee::$employeeModel is deprecated in APPPATH\Controllers\AddEmployee.php on line 11.
 1 SYSTEMPATH\CodeIgniter.php(906): App\Controllers\AddEmployee->__construct()
 2 SYSTEMPATH\CodeIgniter.php(490): CodeIgniter\CodeIgniter->createController()
 3 SYSTEMPATH\CodeIgniter.php(368): CodeIgniter\CodeIgniter->handleRequest(null, Object(Config\Cache), false)
 4 FCPATH\index.php(67): CodeIgniter\CodeIgniter->run()
 5 SYSTEMPATH\Commands\Server\rewrite.php(47): require_once('D:\\XAMPP\\htdocs\\Task-Management_Prooyek\\public\\index.php')
WARNING - 2023-05-17 07:28:35 --> [DEPRECATED] Creation of dynamic property App\Controllers\AddEmployee::$employeeModel is deprecated in APPPATH\Controllers\AddEmployee.php on line 11.
 1 SYSTEMPATH\CodeIgniter.php(906): App\Controllers\AddEmployee->__construct()
 2 SYSTEMPATH\CodeIgniter.php(490): CodeIgniter\CodeIgniter->createController()
 3 SYSTEMPATH\CodeIgniter.php(368): CodeIgniter\CodeIgniter->handleRequest(null, Object(Config\Cache), false)
 4 FCPATH\index.php(67): CodeIgniter\CodeIgniter->run()
 5 SYSTEMPATH\Commands\Server\rewrite.php(47): require_once('D:\\XAMPP\\htdocs\\Task-Management_Prooyek\\public\\index.php')
WARNING - 2023-05-17 07:28:50 --> [DEPRECATED] Creation of dynamic property App\Controllers\AddEmployee::$employeeModel is deprecated in APPPATH\Controllers\AddEmployee.php on line 11.
 1 SYSTEMPATH\CodeIgniter.php(906): App\Controllers\AddEmployee->__construct()
 2 SYSTEMPATH\CodeIgniter.php(490): CodeIgniter\CodeIgniter->createController()
 3 SYSTEMPATH\CodeIgniter.php(368): CodeIgniter\CodeIgniter->handleRequest(null, Object(Config\Cache), false)
 4 FCPATH\index.php(67): CodeIgniter\CodeIgniter->run()
 5 SYSTEMPATH\Commands\Server\rewrite.php(47): require_once('D:\\XAMPP\\htdocs\\Task-Management_Prooyek\\public\\index.php')
WARNING - 2023-05-17 07:28:50 --> [DEPRECATED] Creation of dynamic property App\Controllers\ViewAllEmployee::$employeeModel is deprecated in APPPATH\Controllers\ViewAllEmployee.php on line 11.
 1 SYSTEMPATH\CodeIgniter.php(906): App\Controllers\ViewAllEmployee->__construct()
 2 SYSTEMPATH\CodeIgniter.php(490): CodeIgniter\CodeIgniter->createController()
 3 SYSTEMPATH\CodeIgniter.php(368): CodeIgniter\CodeIgniter->handleRequest(null, Object(Config\Cache), false)
 4 FCPATH\index.php(67): CodeIgniter\CodeIgniter->run()
 5 SYSTEMPATH\Commands\Server\rewrite.php(47): require_once('D:\\XAMPP\\htdocs\\Task-Management_Prooyek\\public\\index.php')
WARNING - 2023-05-17 07:30:12 --> [DEPRECATED] Creation of dynamic property App\Controllers\ViewAllEmployee::$employeeModel is deprecated in APPPATH\Controllers\ViewAllEmployee.php on line 11.
 1 SYSTEMPATH\CodeIgniter.php(906): App\Controllers\ViewAllEmployee->__construct()
 2 SYSTEMPATH\CodeIgniter.php(490): CodeIgniter\CodeIgniter->createController()
 3 SYSTEMPATH\CodeIgniter.php(368): CodeIgniter\CodeIgniter->handleRequest(null, Object(Config\Cache), false)
 4 FCPATH\index.php(67): CodeIgniter\CodeIgniter->run()
 5 SYSTEMPATH\Commands\Server\rewrite.php(47): require_once('D:\\XAMPP\\htdocs\\Task-Management_Prooyek\\public\\index.php')
WARNING - 2023-05-17 07:31:22 --> [DEPRECATED] Creation of dynamic property App\Controllers\ViewAllEmployee::$employeeModel is deprecated in APPPATH\Controllers\ViewAllEmployee.php on line 11.
 1 SYSTEMPATH\CodeIgniter.php(906): App\Controllers\ViewAllEmployee->__construct()
 2 SYSTEMPATH\CodeIgniter.php(490): CodeIgniter\CodeIgniter->createController()
 3 SYSTEMPATH\CodeIgniter.php(368): CodeIgniter\CodeIgniter->handleRequest(null, Object(Config\Cache), false)
 4 FCPATH\index.php(67): CodeIgniter\CodeIgniter->run()
 5 SYSTEMPATH\Commands\Server\rewrite.php(47): require_once('D:\\XAMPP\\htdocs\\Task-Management_Prooyek\\public\\index.php')
WARNING - 2023-05-17 07:31:52 --> [DEPRECATED] Creation of dynamic property App\Controllers\ViewAllEmployee::$employeeModel is deprecated in APPPATH\Controllers\ViewAllEmployee.php on line 11.
 1 SYSTEMPATH\CodeIgniter.php(906): App\Controllers\ViewAllEmployee->__construct()
 2 SYSTEMPATH\CodeIgniter.php(490): CodeIgniter\CodeIgniter->createController()
 3 SYSTEMPATH\CodeIgniter.php(368): CodeIgniter\CodeIgniter->handleRequest(null, Object(Config\Cache), false)
 4 FCPATH\index.php(67): CodeIgniter\CodeIgniter->run()
 5 SYSTEMPATH\Commands\Server\rewrite.php(47): require_once('D:\\XAMPP\\htdocs\\Task-Management_Prooyek\\public\\index.php')
WARNING - 2023-05-17 07:31:56 --> [DEPRECATED] Creation of dynamic property App\Controllers\ViewAllEmployee::$employeeModel is deprecated in APPPATH\Controllers\ViewAllEmployee.php on line 11.
 1 SYSTEMPATH\CodeIgniter.php(906): App\Controllers\ViewAllEmployee->__construct()
 2 SYSTEMPATH\CodeIgniter.php(490): CodeIgniter\CodeIgniter->createController()
 3 SYSTEMPATH\CodeIgniter.php(368): CodeIgniter\CodeIgniter->handleRequest(null, Object(Config\Cache), false)
 4 FCPATH\index.php(67): CodeIgniter\CodeIgniter->run()
 5 SYSTEMPATH\Commands\Server\rewrite.php(47): require_once('D:\\XAMPP\\htdocs\\Task-Management_Prooyek\\public\\index.php')
WARNING - 2023-05-17 07:34:18 --> [DEPRECATED] Creation of dynamic property App\Controllers\ViewAllEmployee::$employeeModel is deprecated in APPPATH\Controllers\ViewAllEmployee.php on line 11.
 1 SYSTEMPATH\CodeIgniter.php(906): App\Controllers\ViewAllEmployee->__construct()
 2 SYSTEMPATH\CodeIgniter.php(490): CodeIgniter\CodeIgniter->createController()
 3 SYSTEMPATH\CodeIgniter.php(368): CodeIgniter\CodeIgniter->handleRequest(null, Object(Config\Cache), false)
 4 FCPATH\index.php(67): CodeIgniter\CodeIgniter->run()
 5 SYSTEMPATH\Commands\Server\rewrite.php(47): require_once('D:\\XAMPP\\htdocs\\Task-Management_Prooyek\\public\\index.php')
WARNING - 2023-05-17 07:34:23 --> [DEPRECATED] Creation of dynamic property App\Controllers\ViewAllEmployee::$employeeModel is deprecated in APPPATH\Controllers\ViewAllEmployee.php on line 11.
 1 SYSTEMPATH\CodeIgniter.php(906): App\Controllers\ViewAllEmployee->__construct()
 2 SYSTEMPATH\CodeIgniter.php(490): CodeIgniter\CodeIgniter->createController()
 3 SYSTEMPATH\CodeIgniter.php(368): CodeIgniter\CodeIgniter->handleRequest(null, Object(Config\Cache), false)
 4 FCPATH\index.php(67): CodeIgniter\CodeIgniter->run()
 5 SYSTEMPATH\Commands\Server\rewrite.php(47): require_once('D:\\XAMPP\\htdocs\\Task-Management_Prooyek\\public\\index.php')
WARNING - 2023-05-17 07:34:52 --> [DEPRECATED] Creation of dynamic property App\Controllers\ViewAllEmployee::$employeeModel is deprecated in APPPATH\Controllers\ViewAllEmployee.php on line 11.
 1 SYSTEMPATH\CodeIgniter.php(906): App\Controllers\ViewAllEmployee->__construct()
 2 SYSTEMPATH\CodeIgniter.php(490): CodeIgniter\CodeIgniter->createController()
 3 SYSTEMPATH\CodeIgniter.php(368): CodeIgniter\CodeIgniter->handleRequest(null, Object(Config\Cache), false)
 4 FCPATH\index.php(67): CodeIgniter\CodeIgniter->run()
 5 SYSTEMPATH\Commands\Server\rewrite.php(47): require_once('D:\\XAMPP\\htdocs\\Task-Management_Prooyek\\public\\index.php')
WARNING - 2023-05-17 07:38:10 --> [DEPRECATED] Creation of dynamic property App\Controllers\ViewAllEmployee::$employeeModel is deprecated in APPPATH\Controllers\ViewAllEmployee.php on line 11.
 1 SYSTEMPATH\CodeIgniter.php(906): App\Controllers\ViewAllEmployee->__construct()
 2 SYSTEMPATH\CodeIgniter.php(490): CodeIgniter\CodeIgniter->createController()
 3 SYSTEMPATH\CodeIgniter.php(368): CodeIgniter\CodeIgniter->handleRequest(null, Object(Config\Cache), false)
 4 FCPATH\index.php(67): CodeIgniter\CodeIgniter->run()
 5 SYSTEMPATH\Commands\Server\rewrite.php(47): require_once('D:\\XAMPP\\htdocs\\Task-Management_Prooyek\\public\\index.php')
WARNING - 2023-05-17 07:39:01 --> [DEPRECATED] Creation of dynamic property App\Controllers\ViewAllEmployee::$employeeModel is deprecated in APPPATH\Controllers\ViewAllEmployee.php on line 11.
 1 SYSTEMPATH\CodeIgniter.php(906): App\Controllers\ViewAllEmployee->__construct()
 2 SYSTEMPATH\CodeIgniter.php(490): CodeIgniter\CodeIgniter->createController()
 3 SYSTEMPATH\CodeIgniter.php(368): CodeIgniter\CodeIgniter->handleRequest(null, Object(Config\Cache), false)
 4 FCPATH\index.php(67): CodeIgniter\CodeIgniter->run()
 5 SYSTEMPATH\Commands\Server\rewrite.php(47): require_once('D:\\XAMPP\\htdocs\\Task-Management_Prooyek\\public\\index.php')
WARNING - 2023-05-17 07:39:23 --> [DEPRECATED] Creation of dynamic property App\Controllers\ViewAllEmployee::$employeeModel is deprecated in APPPATH\Controllers\ViewAllEmployee.php on line 11.
 1 SYSTEMPATH\CodeIgniter.php(906): App\Controllers\ViewAllEmployee->__construct()
 2 SYSTEMPATH\CodeIgniter.php(490): CodeIgniter\CodeIgniter->createController()
 3 SYSTEMPATH\CodeIgniter.php(368): CodeIgniter\CodeIgniter->handleRequest(null, Object(Config\Cache), false)
 4 FCPATH\index.php(67): CodeIgniter\CodeIgniter->run()
 5 SYSTEMPATH\Commands\Server\rewrite.php(47): require_once('D:\\XAMPP\\htdocs\\Task-Management_Prooyek\\public\\index.php')
WARNING - 2023-05-17 07:40:18 --> [DEPRECATED] Creation of dynamic property App\Controllers\ViewAllEmployee::$employeeModel is deprecated in APPPATH\Controllers\ViewAllEmployee.php on line 11.
 1 SYSTEMPATH\CodeIgniter.php(906): App\Controllers\ViewAllEmployee->__construct()
 2 SYSTEMPATH\CodeIgniter.php(490): CodeIgniter\CodeIgniter->createController()
 3 SYSTEMPATH\CodeIgniter.php(368): CodeIgniter\CodeIgniter->handleRequest(null, Object(Config\Cache), false)
 4 FCPATH\index.php(67): CodeIgniter\CodeIgniter->run()
 5 SYSTEMPATH\Commands\Server\rewrite.php(47): require_once('D:\\XAMPP\\htdocs\\Task-Management_Prooyek\\public\\index.php')
WARNING - 2023-05-17 07:44:24 --> [DEPRECATED] Creation of dynamic property App\Controllers\ViewAllEmployee::$employeeModel is deprecated in APPPATH\Controllers\ViewAllEmployee.php on line 11.
 1 SYSTEMPATH\CodeIgniter.php(906): App\Controllers\ViewAllEmployee->__construct()
 2 SYSTEMPATH\CodeIgniter.php(490): CodeIgniter\CodeIgniter->createController()
 3 SYSTEMPATH\CodeIgniter.php(368): CodeIgniter\CodeIgniter->handleRequest(null, Object(Config\Cache), false)
 4 FCPATH\index.php(67): CodeIgniter\CodeIgniter->run()
 5 SYSTEMPATH\Commands\Server\rewrite.php(47): require_once('D:\\XAMPP\\htdocs\\Task-Management_Prooyek\\public\\index.php')
WARNING - 2023-05-17 07:45:34 --> [DEPRECATED] Creation of dynamic property App\Controllers\ViewAllEmployee::$employeeModel is deprecated in APPPATH\Controllers\ViewAllEmployee.php on line 11.
 1 SYSTEMPATH\CodeIgniter.php(906): App\Controllers\ViewAllEmployee->__construct()
 2 SYSTEMPATH\CodeIgniter.php(490): CodeIgniter\CodeIgniter->createController()
 3 SYSTEMPATH\CodeIgniter.php(368): CodeIgniter\CodeIgniter->handleRequest(null, Object(Config\Cache), false)
 4 FCPATH\index.php(67): CodeIgniter\CodeIgniter->run()
 5 SYSTEMPATH\Commands\Server\rewrite.php(47): require_once('D:\\XAMPP\\htdocs\\Task-Management_Prooyek\\public\\index.php')
WARNING - 2023-05-17 07:50:06 --> [DEPRECATED] Creation of dynamic property App\Controllers\ViewAllEmployee::$employeeModel is deprecated in APPPATH\Controllers\ViewAllEmployee.php on line 11.
 1 SYSTEMPATH\CodeIgniter.php(906): App\Controllers\ViewAllEmployee->__construct()
 2 SYSTEMPATH\CodeIgniter.php(490): CodeIgniter\CodeIgniter->createController()
 3 SYSTEMPATH\CodeIgniter.php(368): CodeIgniter\CodeIgniter->handleRequest(null, Object(Config\Cache), false)
 4 FCPATH\index.php(67): CodeIgniter\CodeIgniter->run()
 5 SYSTEMPATH\Commands\Server\rewrite.php(47): require_once('D:\\XAMPP\\htdocs\\Task-Management_Prooyek\\public\\index.php')
WARNING - 2023-05-17 07:50:55 --> [DEPRECATED] Creation of dynamic property App\Controllers\ViewAllEmployee::$employeeModel is deprecated in APPPATH\Controllers\ViewAllEmployee.php on line 11.
 1 SYSTEMPATH\CodeIgniter.php(906): App\Controllers\ViewAllEmployee->__construct()
 2 SYSTEMPATH\CodeIgniter.php(490): CodeIgniter\CodeIgniter->createController()
 3 SYSTEMPATH\CodeIgniter.php(368): CodeIgniter\CodeIgniter->handleRequest(null, Object(Config\Cache), false)
 4 FCPATH\index.php(67): CodeIgniter\CodeIgniter->run()
 5 SYSTEMPATH\Commands\Server\rewrite.php(47): require_once('D:\\XAMPP\\htdocs\\Task-Management_Prooyek\\public\\index.php')
WARNING - 2023-05-17 07:51:59 --> [DEPRECATED] Creation of dynamic property App\Controllers\ViewAllEmployee::$employeeModel is deprecated in APPPATH\Controllers\ViewAllEmployee.php on line 11.
 1 SYSTEMPATH\CodeIgniter.php(906): App\Controllers\ViewAllEmployee->__construct()
 2 SYSTEMPATH\CodeIgniter.php(490): CodeIgniter\CodeIgniter->createController()
 3 SYSTEMPATH\CodeIgniter.php(368): CodeIgniter\CodeIgniter->handleRequest(null, Object(Config\Cache), false)
 4 FCPATH\index.php(67): CodeIgniter\CodeIgniter->run()
 5 SYSTEMPATH\Commands\Server\rewrite.php(47): require_once('D:\\XAMPP\\htdocs\\Task-Management_Prooyek\\public\\index.php')
WARNING - 2023-05-17 07:52:28 --> [DEPRECATED] Creation of dynamic property App\Controllers\ViewAllEmployee::$employeeModel is deprecated in APPPATH\Controllers\ViewAllEmployee.php on line 11.
 1 SYSTEMPATH\CodeIgniter.php(906): App\Controllers\ViewAllEmployee->__construct()
 2 SYSTEMPATH\CodeIgniter.php(490): CodeIgniter\CodeIgniter->createController()
 3 SYSTEMPATH\CodeIgniter.php(368): CodeIgniter\CodeIgniter->handleRequest(null, Object(Config\Cache), false)
 4 FCPATH\index.php(67): CodeIgniter\CodeIgniter->run()
 5 SYSTEMPATH\Commands\Server\rewrite.php(47): require_once('D:\\XAMPP\\htdocs\\Task-Management_Prooyek\\public\\index.php')
WARNING - 2023-05-17 07:52:49 --> [DEPRECATED] Creation of dynamic property App\Controllers\AddEmployee::$employeeModel is deprecated in APPPATH\Controllers\AddEmployee.php on line 11.
 1 SYSTEMPATH\CodeIgniter.php(906): App\Controllers\AddEmployee->__construct()
 2 SYSTEMPATH\CodeIgniter.php(490): CodeIgniter\CodeIgniter->createController()
 3 SYSTEMPATH\CodeIgniter.php(368): CodeIgniter\CodeIgniter->handleRequest(null, Object(Config\Cache), false)
 4 FCPATH\index.php(67): CodeIgniter\CodeIgniter->run()
 5 SYSTEMPATH\Commands\Server\rewrite.php(47): require_once('D:\\XAMPP\\htdocs\\Task-Management_Prooyek\\public\\index.php')
WARNING - 2023-05-17 07:52:50 --> [DEPRECATED] Creation of dynamic property App\Controllers\AddEmployee::$employeeModel is deprecated in APPPATH\Controllers\AddEmployee.php on line 11.
 1 SYSTEMPATH\CodeIgniter.php(906): App\Controllers\AddEmployee->__construct()
 2 SYSTEMPATH\CodeIgniter.php(490): CodeIgniter\CodeIgniter->createController()
 3 SYSTEMPATH\CodeIgniter.php(368): CodeIgniter\CodeIgniter->handleRequest(null, Object(Config\Cache), false)
 4 FCPATH\index.php(67): CodeIgniter\CodeIgniter->run()
 5 SYSTEMPATH\Commands\Server\rewrite.php(47): require_once('D:\\XAMPP\\htdocs\\Task-Management_Prooyek\\public\\index.php')
WARNING - 2023-05-17 07:52:57 --> [DEPRECATED] Creation of dynamic property App\Controllers\AddEmployee::$employeeModel is deprecated in APPPATH\Controllers\AddEmployee.php on line 11.
 1 SYSTEMPATH\CodeIgniter.php(906): App\Controllers\AddEmployee->__construct()
 2 SYSTEMPATH\CodeIgniter.php(490): CodeIgniter\CodeIgniter->createController()
 3 SYSTEMPATH\CodeIgniter.php(368): CodeIgniter\CodeIgniter->handleRequest(null, Object(Config\Cache), false)
 4 FCPATH\index.php(67): CodeIgniter\CodeIgniter->run()
 5 SYSTEMPATH\Commands\Server\rewrite.php(47): require_once('D:\\XAMPP\\htdocs\\Task-Management_Prooyek\\public\\index.php')
WARNING - 2023-05-17 07:52:58 --> [DEPRECATED] Creation of dynamic property App\Controllers\ViewAllEmployee::$employeeModel is deprecated in APPPATH\Controllers\ViewAllEmployee.php on line 11.
 1 SYSTEMPATH\CodeIgniter.php(906): App\Controllers\ViewAllEmployee->__construct()
 2 SYSTEMPATH\CodeIgniter.php(490): CodeIgniter\CodeIgniter->createController()
 3 SYSTEMPATH\CodeIgniter.php(368): CodeIgniter\CodeIgniter->handleRequest(null, Object(Config\Cache), false)
 4 FCPATH\index.php(67): CodeIgniter\CodeIgniter->run()
 5 SYSTEMPATH\Commands\Server\rewrite.php(47): require_once('D:\\XAMPP\\htdocs\\Task-Management_Prooyek\\public\\index.php')
WARNING - 2023-05-17 07:53:03 --> [DEPRECATED] Creation of dynamic property App\Controllers\ViewMyTodo::$todo is deprecated in APPPATH\Controllers\ViewMyTodo.php on line 16.
 1 SYSTEMPATH\CodeIgniter.php(906): App\Controllers\ViewMyTodo->__construct()
 2 SYSTEMPATH\CodeIgniter.php(490): CodeIgniter\CodeIgniter->createController()
 3 SYSTEMPATH\CodeIgniter.php(368): CodeIgniter\CodeIgniter->handleRequest(null, Object(Config\Cache), false)
 4 FCPATH\index.php(67): CodeIgniter\CodeIgniter->run()
 5 SYSTEMPATH\Commands\Server\rewrite.php(47): require_once('D:\\XAMPP\\htdocs\\Task-Management_Prooyek\\public\\index.php')
WARNING - 2023-05-17 07:57:09 --> [DEPRECATED] Creation of dynamic property App\Controllers\ViewAllEmployee::$employeeModel is deprecated in APPPATH\Controllers\ViewAllEmployee.php on line 11.
 1 SYSTEMPATH\CodeIgniter.php(906): App\Controllers\ViewAllEmployee->__construct()
 2 SYSTEMPATH\CodeIgniter.php(490): CodeIgniter\CodeIgniter->createController()
 3 SYSTEMPATH\CodeIgniter.php(368): CodeIgniter\CodeIgniter->handleRequest(null, Object(Config\Cache), false)
 4 FCPATH\index.php(67): CodeIgniter\CodeIgniter->run()
 5 SYSTEMPATH\Commands\Server\rewrite.php(47): require_once('D:\\XAMPP\\htdocs\\Task-Management_Prooyek\\public\\index.php')
WARNING - 2023-05-17 07:57:14 --> [DEPRECATED] Creation of dynamic property App\Controllers\CreateToDoTasks::$todo is deprecated in APPPATH\Controllers\CreateToDoTasks.php on line 17.
 1 SYSTEMPATH\CodeIgniter.php(906): App\Controllers\CreateToDoTasks->__construct()
 2 SYSTEMPATH\CodeIgniter.php(490): CodeIgniter\CodeIgniter->createController()
 3 SYSTEMPATH\CodeIgniter.php(368): CodeIgniter\CodeIgniter->handleRequest(null, Object(Config\Cache), false)
 4 FCPATH\index.php(67): CodeIgniter\CodeIgniter->run()
 5 SYSTEMPATH\Commands\Server\rewrite.php(47): require_once('D:\\XAMPP\\htdocs\\Task-Management_Prooyek\\public\\index.php')
WARNING - 2023-05-17 07:57:16 --> [DEPRECATED] Creation of dynamic property App\Controllers\ViewMyTodo::$todo is deprecated in APPPATH\Controllers\ViewMyTodo.php on line 16.
 1 SYSTEMPATH\CodeIgniter.php(906): App\Controllers\ViewMyTodo->__construct()
 2 SYSTEMPATH\CodeIgniter.php(490): CodeIgniter\CodeIgniter->createController()
 3 SYSTEMPATH\CodeIgniter.php(368): CodeIgniter\CodeIgniter->handleRequest(null, Object(Config\Cache), false)
 4 FCPATH\index.php(67): CodeIgniter\CodeIgniter->run()
 5 SYSTEMPATH\Commands\Server\rewrite.php(47): require_once('D:\\XAMPP\\htdocs\\Task-Management_Prooyek\\public\\index.php')
WARNING - 2023-05-17 07:57:35 --> [DEPRECATED] Creation of dynamic property App\Controllers\ViewMyTodo::$todo is deprecated in APPPATH\Controllers\ViewMyTodo.php on line 16.
 1 SYSTEMPATH\CodeIgniter.php(906): App\Controllers\ViewMyTodo->__construct()
 2 SYSTEMPATH\CodeIgniter.php(490): CodeIgniter\CodeIgniter->createController()
 3 SYSTEMPATH\CodeIgniter.php(368): CodeIgniter\CodeIgniter->handleRequest(null, Object(Config\Cache), false)
 4 FCPATH\index.php(67): CodeIgniter\CodeIgniter->run()
 5 SYSTEMPATH\Commands\Server\rewrite.php(47): require_once('D:\\XAMPP\\htdocs\\Task-Management_Prooyek\\public\\index.php')
WARNING - 2023-05-17 07:59:26 --> [DEPRECATED] Creation of dynamic property App\Controllers\ViewMyTodo::$todo is deprecated in APPPATH\Controllers\ViewMyTodo.php on line 16.
 1 SYSTEMPATH\CodeIgniter.php(906): App\Controllers\ViewMyTodo->__construct()
 2 SYSTEMPATH\CodeIgniter.php(490): CodeIgniter\CodeIgniter->createController()
 3 SYSTEMPATH\CodeIgniter.php(368): CodeIgniter\CodeIgniter->handleRequest(null, Object(Config\Cache), false)
 4 FCPATH\index.php(67): CodeIgniter\CodeIgniter->run()
 5 SYSTEMPATH\Commands\Server\rewrite.php(47): require_once('D:\\XAMPP\\htdocs\\Task-Management_Prooyek\\public\\index.php')
WARNING - 2023-05-17 07:59:27 --> [DEPRECATED] Creation of dynamic property App\Controllers\ViewAllEmployee::$employeeModel is deprecated in APPPATH\Controllers\ViewAllEmployee.php on line 11.
 1 SYSTEMPATH\CodeIgniter.php(906): App\Controllers\ViewAllEmployee->__construct()
 2 SYSTEMPATH\CodeIgniter.php(490): CodeIgniter\CodeIgniter->createController()
 3 SYSTEMPATH\CodeIgniter.php(368): CodeIgniter\CodeIgniter->handleRequest(null, Object(Config\Cache), false)
 4 FCPATH\index.php(67): CodeIgniter\CodeIgniter->run()
 5 SYSTEMPATH\Commands\Server\rewrite.php(47): require_once('D:\\XAMPP\\htdocs\\Task-Management_Prooyek\\public\\index.php')
WARNING - 2023-05-17 07:59:30 --> [DEPRECATED] Creation of dynamic property App\Controllers\AddEmployee::$employeeModel is deprecated in APPPATH\Controllers\AddEmployee.php on line 11.
 1 SYSTEMPATH\CodeIgniter.php(906): App\Controllers\AddEmployee->__construct()
 2 SYSTEMPATH\CodeIgniter.php(490): CodeIgniter\CodeIgniter->createController()
 3 SYSTEMPATH\CodeIgniter.php(368): CodeIgniter\CodeIgniter->handleRequest(null, Object(Config\Cache), false)
 4 FCPATH\index.php(67): CodeIgniter\CodeIgniter->run()
 5 SYSTEMPATH\Commands\Server\rewrite.php(47): require_once('D:\\XAMPP\\htdocs\\Task-Management_Prooyek\\public\\index.php')
WARNING - 2023-05-17 07:59:31 --> [DEPRECATED] Creation of dynamic property App\Controllers\AddEmployee::$employeeModel is deprecated in APPPATH\Controllers\AddEmployee.php on line 11.
 1 SYSTEMPATH\CodeIgniter.php(906): App\Controllers\AddEmployee->__construct()
 2 SYSTEMPATH\CodeIgniter.php(490): CodeIgniter\CodeIgniter->createController()
 3 SYSTEMPATH\CodeIgniter.php(368): CodeIgniter\CodeIgniter->handleRequest(null, Object(Config\Cache), false)
 4 FCPATH\index.php(67): CodeIgniter\CodeIgniter->run()
 5 SYSTEMPATH\Commands\Server\rewrite.php(47): require_once('D:\\XAMPP\\htdocs\\Task-Management_Prooyek\\public\\index.php')
WARNING - 2023-05-17 08:00:13 --> [DEPRECATED] Creation of dynamic property App\Controllers\ViewMyTodo::$todo is deprecated in APPPATH\Controllers\ViewMyTodo.php on line 16.
 1 SYSTEMPATH\CodeIgniter.php(906): App\Controllers\ViewMyTodo->__construct()
 2 SYSTEMPATH\CodeIgniter.php(490): CodeIgniter\CodeIgniter->createController()
 3 SYSTEMPATH\CodeIgniter.php(368): CodeIgniter\CodeIgniter->handleRequest(null, Object(Config\Cache), false)
 4 FCPATH\index.php(67): CodeIgniter\CodeIgniter->run()
 5 SYSTEMPATH\Commands\Server\rewrite.php(47): require_once('D:\\XAMPP\\htdocs\\Task-Management_Prooyek\\public\\index.php')
WARNING - 2023-05-17 08:06:21 --> [DEPRECATED] Creation of dynamic property App\Controllers\ViewMyTodo::$todo is deprecated in APPPATH\Controllers\ViewMyTodo.php on line 16.
 1 SYSTEMPATH\CodeIgniter.php(906): App\Controllers\ViewMyTodo->__construct()
 2 SYSTEMPATH\CodeIgniter.php(490): CodeIgniter\CodeIgniter->createController()
 3 SYSTEMPATH\CodeIgniter.php(368): CodeIgniter\CodeIgniter->handleRequest(null, Object(Config\Cache), false)
 4 FCPATH\index.php(67): CodeIgniter\CodeIgniter->run()
 5 SYSTEMPATH\Commands\Server\rewrite.php(47): require_once('D:\\XAMPP\\htdocs\\Task-Management_Prooyek\\public\\index.php')
WARNING - 2023-05-17 08:08:22 --> [DEPRECATED] Creation of dynamic property App\Controllers\ViewMyTodo::$todo is deprecated in APPPATH\Controllers\ViewMyTodo.php on line 16.
 1 SYSTEMPATH\CodeIgniter.php(906): App\Controllers\ViewMyTodo->__construct()
 2 SYSTEMPATH\CodeIgniter.php(490): CodeIgniter\CodeIgniter->createController()
 3 SYSTEMPATH\CodeIgniter.php(368): CodeIgniter\CodeIgniter->handleRequest(null, Object(Config\Cache), false)
 4 FCPATH\index.php(67): CodeIgniter\CodeIgniter->run()
 5 SYSTEMPATH\Commands\Server\rewrite.php(47): require_once('D:\\XAMPP\\htdocs\\Task-Management_Prooyek\\public\\index.php')
WARNING - 2023-05-17 08:08:52 --> [DEPRECATED] Creation of dynamic property App\Controllers\ViewMyTodo::$todo is deprecated in APPPATH\Controllers\ViewMyTodo.php on line 16.
 1 SYSTEMPATH\CodeIgniter.php(906): App\Controllers\ViewMyTodo->__construct()
 2 SYSTEMPATH\CodeIgniter.php(490): CodeIgniter\CodeIgniter->createController()
 3 SYSTEMPATH\CodeIgniter.php(368): CodeIgniter\CodeIgniter->handleRequest(null, Object(Config\Cache), false)
 4 FCPATH\index.php(67): CodeIgniter\CodeIgniter->run()
 5 SYSTEMPATH\Commands\Server\rewrite.php(47): require_once('D:\\XAMPP\\htdocs\\Task-Management_Prooyek\\public\\index.php')
WARNING - 2023-05-17 08:10:47 --> [DEPRECATED] Creation of dynamic property App\Controllers\CreateToDoTasks::$todo is deprecated in APPPATH\Controllers\CreateToDoTasks.php on line 17.
 1 SYSTEMPATH\CodeIgniter.php(906): App\Controllers\CreateToDoTasks->__construct()
 2 SYSTEMPATH\CodeIgniter.php(490): CodeIgniter\CodeIgniter->createController()
 3 SYSTEMPATH\CodeIgniter.php(368): CodeIgniter\CodeIgniter->handleRequest(null, Object(Config\Cache), false)
 4 FCPATH\index.php(67): CodeIgniter\CodeIgniter->run()
 5 SYSTEMPATH\Commands\Server\rewrite.php(47): require_once('D:\\XAMPP\\htdocs\\Task-Management_Prooyek\\public\\index.php')
WARNING - 2023-05-17 08:12:09 --> [DEPRECATED] Creation of dynamic property App\Controllers\CreateToDoTasks::$todo is deprecated in APPPATH\Controllers\CreateToDoTasks.php on line 17.
 1 SYSTEMPATH\CodeIgniter.php(906): App\Controllers\CreateToDoTasks->__construct()
 2 SYSTEMPATH\CodeIgniter.php(490): CodeIgniter\CodeIgniter->createController()
 3 SYSTEMPATH\CodeIgniter.php(368): CodeIgniter\CodeIgniter->handleRequest(null, Object(Config\Cache), false)
 4 FCPATH\index.php(67): CodeIgniter\CodeIgniter->run()
 5 SYSTEMPATH\Commands\Server\rewrite.php(47): require_once('D:\\XAMPP\\htdocs\\Task-Management_Prooyek\\public\\index.php')
WARNING - 2023-05-17 08:12:10 --> [DEPRECATED] Creation of dynamic property App\Controllers\ViewMyTodo::$todo is deprecated in APPPATH\Controllers\ViewMyTodo.php on line 16.
 1 SYSTEMPATH\CodeIgniter.php(906): App\Controllers\ViewMyTodo->__construct()
 2 SYSTEMPATH\CodeIgniter.php(490): CodeIgniter\CodeIgniter->createController()
 3 SYSTEMPATH\CodeIgniter.php(368): CodeIgniter\CodeIgniter->handleRequest(null, Object(Config\Cache), false)
 4 FCPATH\index.php(67): CodeIgniter\CodeIgniter->run()
 5 SYSTEMPATH\Commands\Server\rewrite.php(47): require_once('D:\\XAMPP\\htdocs\\Task-Management_Prooyek\\public\\index.php')
WARNING - 2023-05-17 08:12:16 --> [DEPRECATED] Creation of dynamic property App\Controllers\CreateToDoTasks::$todo is deprecated in APPPATH\Controllers\CreateToDoTasks.php on line 17.
 1 SYSTEMPATH\CodeIgniter.php(906): App\Controllers\CreateToDoTasks->__construct()
 2 SYSTEMPATH\CodeIgniter.php(490): CodeIgniter\CodeIgniter->createController()
 3 SYSTEMPATH\CodeIgniter.php(368): CodeIgniter\CodeIgniter->handleRequest(null, Object(Config\Cache), false)
 4 FCPATH\index.php(67): CodeIgniter\CodeIgniter->run()
 5 SYSTEMPATH\Commands\Server\rewrite.php(47): require_once('D:\\XAMPP\\htdocs\\Task-Management_Prooyek\\public\\index.php')
WARNING - 2023-05-17 08:12:16 --> [DEPRECATED] Creation of dynamic property App\Controllers\ViewMyTodo::$todo is deprecated in APPPATH\Controllers\ViewMyTodo.php on line 16.
 1 SYSTEMPATH\CodeIgniter.php(906): App\Controllers\ViewMyTodo->__construct()
 2 SYSTEMPATH\CodeIgniter.php(490): CodeIgniter\CodeIgniter->createController()
 3 SYSTEMPATH\CodeIgniter.php(368): CodeIgniter\CodeIgniter->handleRequest(null, Object(Config\Cache), false)
 4 FCPATH\index.php(67): CodeIgniter\CodeIgniter->run()
 5 SYSTEMPATH\Commands\Server\rewrite.php(47): require_once('D:\\XAMPP\\htdocs\\Task-Management_Prooyek\\public\\index.php')
WARNING - 2023-05-17 08:15:16 --> [DEPRECATED] Creation of dynamic property App\Controllers\ViewMyTodo::$todo is deprecated in APPPATH\Controllers\ViewMyTodo.php on line 16.
 1 SYSTEMPATH\CodeIgniter.php(906): App\Controllers\ViewMyTodo->__construct()
 2 SYSTEMPATH\CodeIgniter.php(490): CodeIgniter\CodeIgniter->createController()
 3 SYSTEMPATH\CodeIgniter.php(368): CodeIgniter\CodeIgniter->handleRequest(null, Object(Config\Cache), false)
 4 FCPATH\index.php(67): CodeIgniter\CodeIgniter->run()
 5 SYSTEMPATH\Commands\Server\rewrite.php(47): require_once('D:\\XAMPP\\htdocs\\Task-Management_Prooyek\\public\\index.php')
WARNING - 2023-05-17 08:15:20 --> [DEPRECATED] Creation of dynamic property App\Controllers\CreateToDoTasks::$todo is deprecated in APPPATH\Controllers\CreateToDoTasks.php on line 17.
 1 SYSTEMPATH\CodeIgniter.php(906): App\Controllers\CreateToDoTasks->__construct()
 2 SYSTEMPATH\CodeIgniter.php(490): CodeIgniter\CodeIgniter->createController()
 3 SYSTEMPATH\CodeIgniter.php(368): CodeIgniter\CodeIgniter->handleRequest(null, Object(Config\Cache), false)
 4 FCPATH\index.php(67): CodeIgniter\CodeIgniter->run()
 5 SYSTEMPATH\Commands\Server\rewrite.php(47): require_once('D:\\XAMPP\\htdocs\\Task-Management_Prooyek\\public\\index.php')
CRITICAL - 2023-05-17 08:15:20 --> Invalid file: "layouts/admin/employeesection/Viewmytodo/edit.php"
in SYSTEMPATH\Exceptions\FrameworkException.php on line 33.
 1 SYSTEMPATH\View\View.php(201): CodeIgniter\Exceptions\FrameworkException::forInvalidFile('layouts/admin/employeesection/Viewmytodo/edit.php')
 2 SYSTEMPATH\Common.php(1184): CodeIgniter\View\View->render('layouts/admin/employeesection/Viewmytodo/edit', [], true)
 3 APPPATH\Controllers\CreateToDoTasks.php(83): view('layouts/admin/employeesection/Viewmytodo/edit', [...])
 4 SYSTEMPATH\CodeIgniter.php(934): App\Controllers\CreateToDoTasks->edit('1')
 5 SYSTEMPATH\CodeIgniter.php(499): CodeIgniter\CodeIgniter->runController(Object(App\Controllers\CreateToDoTasks))
 6 SYSTEMPATH\CodeIgniter.php(368): CodeIgniter\CodeIgniter->handleRequest(null, Object(Config\Cache), false)
 7 FCPATH\index.php(67): CodeIgniter\CodeIgniter->run()
 8 SYSTEMPATH\Commands\Server\rewrite.php(47): require_once('D:\\XAMPP\\htdocs\\Task-Management_Prooyek\\public\\index.php')
WARNING - 2023-05-17 08:15:37 --> [DEPRECATED] Creation of dynamic property App\Controllers\ViewMyTodo::$todo is deprecated in APPPATH\Controllers\ViewMyTodo.php on line 16.
 1 SYSTEMPATH\CodeIgniter.php(906): App\Controllers\ViewMyTodo->__construct()
 2 SYSTEMPATH\CodeIgniter.php(490): CodeIgniter\CodeIgniter->createController()
 3 SYSTEMPATH\CodeIgniter.php(368): CodeIgniter\CodeIgniter->handleRequest(null, Object(Config\Cache), false)
 4 FCPATH\index.php(67): CodeIgniter\CodeIgniter->run()
 5 SYSTEMPATH\Commands\Server\rewrite.php(47): require_once('D:\\XAMPP\\htdocs\\Task-Management_Prooyek\\public\\index.php')
WARNING - 2023-05-17 08:16:50 --> [DEPRECATED] Creation of dynamic property App\Controllers\ViewMyTodo::$todo is deprecated in APPPATH\Controllers\ViewMyTodo.php on line 16.
 1 SYSTEMPATH\CodeIgniter.php(906): App\Controllers\ViewMyTodo->__construct()
 2 SYSTEMPATH\CodeIgniter.php(490): CodeIgniter\CodeIgniter->createController()
 3 SYSTEMPATH\CodeIgniter.php(368): CodeIgniter\CodeIgniter->handleRequest(null, Object(Config\Cache), false)
 4 FCPATH\index.php(67): CodeIgniter\CodeIgniter->run()
 5 SYSTEMPATH\Commands\Server\rewrite.php(47): require_once('D:\\XAMPP\\htdocs\\Task-Management_Prooyek\\public\\index.php')
WARNING - 2023-05-17 08:16:53 --> [DEPRECATED] Creation of dynamic property App\Controllers\CreateToDoTasks::$todo is deprecated in APPPATH\Controllers\CreateToDoTasks.php on line 17.
 1 SYSTEMPATH\CodeIgniter.php(906): App\Controllers\CreateToDoTasks->__construct()
 2 SYSTEMPATH\CodeIgniter.php(490): CodeIgniter\CodeIgniter->createController()
 3 SYSTEMPATH\CodeIgniter.php(368): CodeIgniter\CodeIgniter->handleRequest(null, Object(Config\Cache), false)
 4 FCPATH\index.php(67): CodeIgniter\CodeIgniter->run()
 5 SYSTEMPATH\Commands\Server\rewrite.php(47): require_once('D:\\XAMPP\\htdocs\\Task-Management_Prooyek\\public\\index.php')
CRITICAL - 2023-05-17 08:16:54 --> Invalid file: "layouts/admin/employeesection/Viewmytodo/edit.php"
in SYSTEMPATH\Exceptions\FrameworkException.php on line 33.
 1 SYSTEMPATH\View\View.php(201): CodeIgniter\Exceptions\FrameworkException::forInvalidFile('layouts/admin/employeesection/Viewmytodo/edit.php')
 2 SYSTEMPATH\Common.php(1184): CodeIgniter\View\View->render('layouts/admin/employeesection/Viewmytodo/edit', [], true)
 3 APPPATH\Controllers\CreateToDoTasks.php(83): view('layouts/admin/employeesection/Viewmytodo/edit', [...])
 4 SYSTEMPATH\CodeIgniter.php(934): App\Controllers\CreateToDoTasks->edit('1')
 5 SYSTEMPATH\CodeIgniter.php(499): CodeIgniter\CodeIgniter->runController(Object(App\Controllers\CreateToDoTasks))
 6 SYSTEMPATH\CodeIgniter.php(368): CodeIgniter\CodeIgniter->handleRequest(null, Object(Config\Cache), false)
 7 FCPATH\index.php(67): CodeIgniter\CodeIgniter->run()
 8 SYSTEMPATH\Commands\Server\rewrite.php(47): require_once('D:\\XAMPP\\htdocs\\Task-Management_Prooyek\\public\\index.php')
WARNING - 2023-05-17 08:17:47 --> [DEPRECATED] Creation of dynamic property App\Controllers\CreateToDoTasks::$todo is deprecated in APPPATH\Controllers\CreateToDoTasks.php on line 17.
 1 SYSTEMPATH\CodeIgniter.php(906): App\Controllers\CreateToDoTasks->__construct()
 2 SYSTEMPATH\CodeIgniter.php(490): CodeIgniter\CodeIgniter->createController()
 3 SYSTEMPATH\CodeIgniter.php(368): CodeIgniter\CodeIgniter->handleRequest(null, Object(Config\Cache), false)
 4 FCPATH\index.php(67): CodeIgniter\CodeIgniter->run()
 5 SYSTEMPATH\Commands\Server\rewrite.php(47): require_once('D:\\XAMPP\\htdocs\\Task-Management_Prooyek\\public\\index.php')
CRITICAL - 2023-05-17 08:17:47 --> Invalid file: "layouts/admin/employeesection/viewmytodo/edit.php"
in SYSTEMPATH\Exceptions\FrameworkException.php on line 33.
 1 SYSTEMPATH\View\View.php(201): CodeIgniter\Exceptions\FrameworkException::forInvalidFile('layouts/admin/employeesection/viewmytodo/edit.php')
 2 SYSTEMPATH\Common.php(1184): CodeIgniter\View\View->render('layouts/admin/employeesection/viewmytodo/edit', [], true)
 3 APPPATH\Controllers\CreateToDoTasks.php(83): view('layouts/admin/employeesection/viewmytodo/edit', [...])
 4 SYSTEMPATH\CodeIgniter.php(934): App\Controllers\CreateToDoTasks->edit('1')
 5 SYSTEMPATH\CodeIgniter.php(499): CodeIgniter\CodeIgniter->runController(Object(App\Controllers\CreateToDoTasks))
 6 SYSTEMPATH\CodeIgniter.php(368): CodeIgniter\CodeIgniter->handleRequest(null, Object(Config\Cache), false)
 7 FCPATH\index.php(67): CodeIgniter\CodeIgniter->run()
 8 SYSTEMPATH\Commands\Server\rewrite.php(47): require_once('D:\\XAMPP\\htdocs\\Task-Management_Prooyek\\public\\index.php')
WARNING - 2023-05-17 08:19:02 --> [DEPRECATED] Creation of dynamic property App\Controllers\CreateToDoTasks::$todo is deprecated in APPPATH\Controllers\CreateToDoTasks.php on line 17.
 1 SYSTEMPATH\CodeIgniter.php(906): App\Controllers\CreateToDoTasks->__construct()
 2 SYSTEMPATH\CodeIgniter.php(490): CodeIgniter\CodeIgniter->createController()
 3 SYSTEMPATH\CodeIgniter.php(368): CodeIgniter\CodeIgniter->handleRequest(null, Object(Config\Cache), false)
 4 FCPATH\index.php(67): CodeIgniter\CodeIgniter->run()
 5 SYSTEMPATH\Commands\Server\rewrite.php(47): require_once('D:\\XAMPP\\htdocs\\Task-Management_Prooyek\\public\\index.php')
WARNING - 2023-05-17 08:19:03 --> [DEPRECATED] Creation of dynamic property App\Controllers\CreateToDoTasks::$todo is deprecated in APPPATH\Controllers\CreateToDoTasks.php on line 17.
 1 SYSTEMPATH\CodeIgniter.php(906): App\Controllers\CreateToDoTasks->__construct()
 2 SYSTEMPATH\CodeIgniter.php(490): CodeIgniter\CodeIgniter->createController()
 3 SYSTEMPATH\CodeIgniter.php(368): CodeIgniter\CodeIgniter->handleRequest(null, Object(Config\Cache), false)
 4 FCPATH\index.php(67): CodeIgniter\CodeIgniter->run()
 5 SYSTEMPATH\Commands\Server\rewrite.php(47): require_once('D:\\XAMPP\\htdocs\\Task-Management_Prooyek\\public\\index.php')
WARNING - 2023-05-17 08:21:07 --> [DEPRECATED] Creation of dynamic property App\Controllers\ViewMyTodo::$todo is deprecated in APPPATH\Controllers\ViewMyTodo.php on line 16.
 1 SYSTEMPATH\CodeIgniter.php(906): App\Controllers\ViewMyTodo->__construct()
 2 SYSTEMPATH\CodeIgniter.php(490): CodeIgniter\CodeIgniter->createController()
 3 SYSTEMPATH\CodeIgniter.php(368): CodeIgniter\CodeIgniter->handleRequest(null, Object(Config\Cache), false)
 4 FCPATH\index.php(67): CodeIgniter\CodeIgniter->run()
 5 SYSTEMPATH\Commands\Server\rewrite.php(47): require_once('D:\\XAMPP\\htdocs\\Task-Management_Prooyek\\public\\index.php')
WARNING - 2023-05-17 08:21:15 --> [DEPRECATED] Creation of dynamic property App\Controllers\CreateToDoTasks::$todo is deprecated in APPPATH\Controllers\CreateToDoTasks.php on line 17.
 1 SYSTEMPATH\CodeIgniter.php(906): App\Controllers\CreateToDoTasks->__construct()
 2 SYSTEMPATH\CodeIgniter.php(490): CodeIgniter\CodeIgniter->createController()
 3 SYSTEMPATH\CodeIgniter.php(368): CodeIgniter\CodeIgniter->handleRequest(null, Object(Config\Cache), false)
 4 FCPATH\index.php(67): CodeIgniter\CodeIgniter->run()
 5 SYSTEMPATH\Commands\Server\rewrite.php(47): require_once('D:\\XAMPP\\htdocs\\Task-Management_Prooyek\\public\\index.php')
WARNING - 2023-05-17 08:21:16 --> [DEPRECATED] Creation of dynamic property App\Controllers\CreateToDoTasks::$todo is deprecated in APPPATH\Controllers\CreateToDoTasks.php on line 17.
 1 SYSTEMPATH\CodeIgniter.php(906): App\Controllers\CreateToDoTasks->__construct()
 2 SYSTEMPATH\CodeIgniter.php(490): CodeIgniter\CodeIgniter->createController()
 3 SYSTEMPATH\CodeIgniter.php(368): CodeIgniter\CodeIgniter->handleRequest(null, Object(Config\Cache), false)
 4 FCPATH\index.php(67): CodeIgniter\CodeIgniter->run()
 5 SYSTEMPATH\Commands\Server\rewrite.php(47): require_once('D:\\XAMPP\\htdocs\\Task-Management_Prooyek\\public\\index.php')
WARNING - 2023-05-17 08:21:23 --> [DEPRECATED] Creation of dynamic property App\Controllers\ViewMyTodo::$todo is deprecated in APPPATH\Controllers\ViewMyTodo.php on line 16.
 1 SYSTEMPATH\CodeIgniter.php(906): App\Controllers\ViewMyTodo->__construct()
 2 SYSTEMPATH\CodeIgniter.php(490): CodeIgniter\CodeIgniter->createController()
 3 SYSTEMPATH\CodeIgniter.php(368): CodeIgniter\CodeIgniter->handleRequest(null, Object(Config\Cache), false)
 4 FCPATH\index.php(67): CodeIgniter\CodeIgniter->run()
 5 SYSTEMPATH\Commands\Server\rewrite.php(47): require_once('D:\\XAMPP\\htdocs\\Task-Management_Prooyek\\public\\index.php')
WARNING - 2023-05-17 08:24:00 --> [DEPRECATED] Creation of dynamic property App\Controllers\CreateToDoTasks::$todo is deprecated in APPPATH\Controllers\CreateToDoTasks.php on line 17.
 1 SYSTEMPATH\CodeIgniter.php(906): App\Controllers\CreateToDoTasks->__construct()
 2 SYSTEMPATH\CodeIgniter.php(490): CodeIgniter\CodeIgniter->createController()
 3 SYSTEMPATH\CodeIgniter.php(368): CodeIgniter\CodeIgniter->handleRequest(null, Object(Config\Cache), false)
 4 FCPATH\index.php(67): CodeIgniter\CodeIgniter->run()
 5 SYSTEMPATH\Commands\Server\rewrite.php(47): require_once('D:\\XAMPP\\htdocs\\Task-Management_Prooyek\\public\\index.php')
CRITICAL - 2023-05-17 08:24:00 --> Undefined variable $d
in APPPATH\Views\layouts\admin\todotask\viewmytodo\edit.php on line 31.
 1 APPPATH\Views\layouts\admin\todotask\viewmytodo\edit.php(31): CodeIgniter\Debug\Exceptions->errorHandler(2, 'Undefined variable $d', 'D:\\XAMPP\\htdocs\\Task-Management_Prooyek\\app\\Views\\layouts\\admin\\todotask\\viewmytodo\\edit.php', 31)
 2 SYSTEMPATH\View\View.php(213): include('D:\\XAMPP\\htdocs\\Task-Management_Prooyek\\app\\Views\\layouts\\admin\\todotask\\viewmytodo\\edit.php')
 3 SYSTEMPATH\View\View.php(216): CodeIgniter\View\View->CodeIgniter\View\{closure}()
 4 SYSTEMPATH\Common.php(1184): CodeIgniter\View\View->render('layouts/admin/todotask/viewmytodo/edit', [], true)
 5 APPPATH\Controllers\CreateToDoTasks.php(83): view('layouts/admin/todotask/viewmytodo/edit', [...])
 6 SYSTEMPATH\CodeIgniter.php(934): App\Controllers\CreateToDoTasks->edit('5')
 7 SYSTEMPATH\CodeIgniter.php(499): CodeIgniter\CodeIgniter->runController(Object(App\Controllers\CreateToDoTasks))
 8 SYSTEMPATH\CodeIgniter.php(368): CodeIgniter\CodeIgniter->handleRequest(null, Object(Config\Cache), false)
 9 FCPATH\index.php(67): CodeIgniter\CodeIgniter->run()
10 SYSTEMPATH\Commands\Server\rewrite.php(47): require_once('D:\\XAMPP\\htdocs\\Task-Management_Prooyek\\public\\index.php')
WARNING - 2023-05-17 08:24:04 --> [DEPRECATED] Creation of dynamic property App\Controllers\ViewMyTodo::$todo is deprecated in APPPATH\Controllers\ViewMyTodo.php on line 16.
 1 SYSTEMPATH\CodeIgniter.php(906): App\Controllers\ViewMyTodo->__construct()
 2 SYSTEMPATH\CodeIgniter.php(490): CodeIgniter\CodeIgniter->createController()
 3 SYSTEMPATH\CodeIgniter.php(368): CodeIgniter\CodeIgniter->handleRequest(null, Object(Config\Cache), false)
 4 FCPATH\index.php(67): CodeIgniter\CodeIgniter->run()
 5 SYSTEMPATH\Commands\Server\rewrite.php(47): require_once('D:\\XAMPP\\htdocs\\Task-Management_Prooyek\\public\\index.php')
WARNING - 2023-05-17 08:24:07 --> [DEPRECATED] Creation of dynamic property App\Controllers\CreateToDoTasks::$todo is deprecated in APPPATH\Controllers\CreateToDoTasks.php on line 17.
 1 SYSTEMPATH\CodeIgniter.php(906): App\Controllers\CreateToDoTasks->__construct()
 2 SYSTEMPATH\CodeIgniter.php(490): CodeIgniter\CodeIgniter->createController()
 3 SYSTEMPATH\CodeIgniter.php(368): CodeIgniter\CodeIgniter->handleRequest(null, Object(Config\Cache), false)
 4 FCPATH\index.php(67): CodeIgniter\CodeIgniter->run()
 5 SYSTEMPATH\Commands\Server\rewrite.php(47): require_once('D:\\XAMPP\\htdocs\\Task-Management_Prooyek\\public\\index.php')
CRITICAL - 2023-05-17 08:24:07 --> Undefined variable $d
in APPPATH\Views\layouts\admin\todotask\viewmytodo\edit.php on line 31.
 1 APPPATH\Views\layouts\admin\todotask\viewmytodo\edit.php(31): CodeIgniter\Debug\Exceptions->errorHandler(2, 'Undefined variable $d', 'D:\\XAMPP\\htdocs\\Task-Management_Prooyek\\app\\Views\\layouts\\admin\\todotask\\viewmytodo\\edit.php', 31)
 2 SYSTEMPATH\View\View.php(213): include('D:\\XAMPP\\htdocs\\Task-Management_Prooyek\\app\\Views\\layouts\\admin\\todotask\\viewmytodo\\edit.php')
 3 SYSTEMPATH\View\View.php(216): CodeIgniter\View\View->CodeIgniter\View\{closure}()
 4 SYSTEMPATH\Common.php(1184): CodeIgniter\View\View->render('layouts/admin/todotask/viewmytodo/edit', [], true)
 5 APPPATH\Controllers\CreateToDoTasks.php(83): view('layouts/admin/todotask/viewmytodo/edit', [...])
 6 SYSTEMPATH\CodeIgniter.php(934): App\Controllers\CreateToDoTasks->edit('1')
 7 SYSTEMPATH\CodeIgniter.php(499): CodeIgniter\CodeIgniter->runController(Object(App\Controllers\CreateToDoTasks))
 8 SYSTEMPATH\CodeIgniter.php(368): CodeIgniter\CodeIgniter->handleRequest(null, Object(Config\Cache), false)
 9 FCPATH\index.php(67): CodeIgniter\CodeIgniter->run()
10 SYSTEMPATH\Commands\Server\rewrite.php(47): require_once('D:\\XAMPP\\htdocs\\Task-Management_Prooyek\\public\\index.php')
WARNING - 2023-05-17 08:24:22 --> [DEPRECATED] Creation of dynamic property App\Controllers\CreateToDoTasks::$todo is deprecated in APPPATH\Controllers\CreateToDoTasks.php on line 17.
 1 SYSTEMPATH\CodeIgniter.php(906): App\Controllers\CreateToDoTasks->__construct()
 2 SYSTEMPATH\CodeIgniter.php(490): CodeIgniter\CodeIgniter->createController()
 3 SYSTEMPATH\CodeIgniter.php(368): CodeIgniter\CodeIgniter->handleRequest(null, Object(Config\Cache), false)
 4 FCPATH\index.php(67): CodeIgniter\CodeIgniter->run()
 5 SYSTEMPATH\Commands\Server\rewrite.php(47): require_once('D:\\XAMPP\\htdocs\\Task-Management_Prooyek\\public\\index.php')
WARNING - 2023-05-17 08:24:23 --> [DEPRECATED] Creation of dynamic property App\Controllers\CreateToDoTasks::$todo is deprecated in APPPATH\Controllers\CreateToDoTasks.php on line 17.
 1 SYSTEMPATH\CodeIgniter.php(906): App\Controllers\CreateToDoTasks->__construct()
 2 SYSTEMPATH\CodeIgniter.php(490): CodeIgniter\CodeIgniter->createController()
 3 SYSTEMPATH\CodeIgniter.php(368): CodeIgniter\CodeIgniter->handleRequest(null, Object(Config\Cache), false)
 4 FCPATH\index.php(67): CodeIgniter\CodeIgniter->run()
 5 SYSTEMPATH\Commands\Server\rewrite.php(47): require_once('D:\\XAMPP\\htdocs\\Task-Management_Prooyek\\public\\index.php')
WARNING - 2023-05-17 08:26:40 --> [DEPRECATED] Creation of dynamic property App\Controllers\CreateToDoTasks::$todo is deprecated in APPPATH\Controllers\CreateToDoTasks.php on line 17.
 1 SYSTEMPATH\CodeIgniter.php(906): App\Controllers\CreateToDoTasks->__construct()
 2 SYSTEMPATH\CodeIgniter.php(490): CodeIgniter\CodeIgniter->createController()
 3 SYSTEMPATH\CodeIgniter.php(368): CodeIgniter\CodeIgniter->handleRequest(null, Object(Config\Cache), false)
 4 FCPATH\index.php(67): CodeIgniter\CodeIgniter->run()
 5 SYSTEMPATH\Commands\Server\rewrite.php(47): require_once('D:\\XAMPP\\htdocs\\Task-Management_Prooyek\\public\\index.php')
CRITICAL - 2023-05-17 08:26:40 --> Undefined variable $comments
in APPPATH\Views\layouts\admin\todotask\viewmytodo\edit.php on line 31.
 1 APPPATH\Views\layouts\admin\todotask\viewmytodo\edit.php(31): CodeIgniter\Debug\Exceptions->errorHandler(2, 'Undefined variable $comments', 'D:\\XAMPP\\htdocs\\Task-Management_Prooyek\\app\\Views\\layouts\\admin\\todotask\\viewmytodo\\edit.php', 31)
 2 SYSTEMPATH\View\View.php(213): include('D:\\XAMPP\\htdocs\\Task-Management_Prooyek\\app\\Views\\layouts\\admin\\todotask\\viewmytodo\\edit.php')
 3 SYSTEMPATH\View\View.php(216): CodeIgniter\View\View->CodeIgniter\View\{closure}()
 4 SYSTEMPATH\Common.php(1184): CodeIgniter\View\View->render('layouts/admin/todotask/viewmytodo/edit', [], true)
 5 APPPATH\Controllers\CreateToDoTasks.php(83): view('layouts/admin/todotask/viewmytodo/edit', [...])
 6 SYSTEMPATH\CodeIgniter.php(934): App\Controllers\CreateToDoTasks->edit('1')
 7 SYSTEMPATH\CodeIgniter.php(499): CodeIgniter\CodeIgniter->runController(Object(App\Controllers\CreateToDoTasks))
 8 SYSTEMPATH\CodeIgniter.php(368): CodeIgniter\CodeIgniter->handleRequest(null, Object(Config\Cache), false)
 9 FCPATH\index.php(67): CodeIgniter\CodeIgniter->run()
10 SYSTEMPATH\Commands\Server\rewrite.php(47): require_once('D:\\XAMPP\\htdocs\\Task-Management_Prooyek\\public\\index.php')
WARNING - 2023-05-17 08:33:52 --> [DEPRECATED] Creation of dynamic property App\Controllers\CreateToDoTasks::$todo is deprecated in APPPATH\Controllers\CreateToDoTasks.php on line 17.
 1 SYSTEMPATH\CodeIgniter.php(906): App\Controllers\CreateToDoTasks->__construct()
 2 SYSTEMPATH\CodeIgniter.php(490): CodeIgniter\CodeIgniter->createController()
 3 SYSTEMPATH\CodeIgniter.php(368): CodeIgniter\CodeIgniter->handleRequest(null, Object(Config\Cache), false)
 4 FCPATH\index.php(67): CodeIgniter\CodeIgniter->run()
 5 SYSTEMPATH\Commands\Server\rewrite.php(47): require_once('D:\\XAMPP\\htdocs\\Task-Management_Prooyek\\public\\index.php')
WARNING - 2023-05-17 08:33:53 --> [DEPRECATED] Creation of dynamic property App\Controllers\CreateToDoTasks::$todo is deprecated in APPPATH\Controllers\CreateToDoTasks.php on line 17.
 1 SYSTEMPATH\CodeIgniter.php(906): App\Controllers\CreateToDoTasks->__construct()
 2 SYSTEMPATH\CodeIgniter.php(490): CodeIgniter\CodeIgniter->createController()
 3 SYSTEMPATH\CodeIgniter.php(368): CodeIgniter\CodeIgniter->handleRequest(null, Object(Config\Cache), false)
 4 FCPATH\index.php(67): CodeIgniter\CodeIgniter->run()
 5 SYSTEMPATH\Commands\Server\rewrite.php(47): require_once('D:\\XAMPP\\htdocs\\Task-Management_Prooyek\\public\\index.php')
WARNING - 2023-05-17 08:37:32 --> [DEPRECATED] Creation of dynamic property App\Controllers\CreateToDoTasks::$todo is deprecated in APPPATH\Controllers\CreateToDoTasks.php on line 17.
 1 SYSTEMPATH\CodeIgniter.php(906): App\Controllers\CreateToDoTasks->__construct()
 2 SYSTEMPATH\CodeIgniter.php(490): CodeIgniter\CodeIgniter->createController()
 3 SYSTEMPATH\CodeIgniter.php(368): CodeIgniter\CodeIgniter->handleRequest(null, Object(Config\Cache), false)
 4 FCPATH\index.php(67): CodeIgniter\CodeIgniter->run()
 5 SYSTEMPATH\Commands\Server\rewrite.php(47): require_once('D:\\XAMPP\\htdocs\\Task-Management_Prooyek\\public\\index.php')
WARNING - 2023-05-17 08:37:32 --> [DEPRECATED] Creation of dynamic property App\Controllers\CreateToDoTasks::$todo is deprecated in APPPATH\Controllers\CreateToDoTasks.php on line 17.
 1 SYSTEMPATH\CodeIgniter.php(906): App\Controllers\CreateToDoTasks->__construct()
 2 SYSTEMPATH\CodeIgniter.php(490): CodeIgniter\CodeIgniter->createController()
 3 SYSTEMPATH\CodeIgniter.php(368): CodeIgniter\CodeIgniter->handleRequest(null, Object(Config\Cache), false)
 4 FCPATH\index.php(67): CodeIgniter\CodeIgniter->run()
 5 SYSTEMPATH\Commands\Server\rewrite.php(47): require_once('D:\\XAMPP\\htdocs\\Task-Management_Prooyek\\public\\index.php')
WARNING - 2023-05-17 08:38:09 --> [DEPRECATED] Creation of dynamic property App\Controllers\AssignTasks::$assign is deprecated in APPPATH\Controllers\AssignTasks.php on line 16.
 1 SYSTEMPATH\CodeIgniter.php(906): App\Controllers\AssignTasks->__construct()
 2 SYSTEMPATH\CodeIgniter.php(490): CodeIgniter\CodeIgniter->createController()
 3 SYSTEMPATH\CodeIgniter.php(368): CodeIgniter\CodeIgniter->handleRequest(null, Object(Config\Cache), false)
 4 FCPATH\index.php(67): CodeIgniter\CodeIgniter->run()
 5 SYSTEMPATH\Commands\Server\rewrite.php(47): require_once('D:\\XAMPP\\htdocs\\Task-Management_Prooyek\\public\\index.php')
WARNING - 2023-05-17 08:38:38 --> [DEPRECATED] Creation of dynamic property App\Controllers\ViewMyTodo::$todo is deprecated in APPPATH\Controllers\ViewMyTodo.php on line 16.
 1 SYSTEMPATH\CodeIgniter.php(906): App\Controllers\ViewMyTodo->__construct()
 2 SYSTEMPATH\CodeIgniter.php(490): CodeIgniter\CodeIgniter->createController()
 3 SYSTEMPATH\CodeIgniter.php(368): CodeIgniter\CodeIgniter->handleRequest(null, Object(Config\Cache), false)
 4 FCPATH\index.php(67): CodeIgniter\CodeIgniter->run()
 5 SYSTEMPATH\Commands\Server\rewrite.php(47): require_once('D:\\XAMPP\\htdocs\\Task-Management_Prooyek\\public\\index.php')
WARNING - 2023-05-17 08:38:43 --> [DEPRECATED] Creation of dynamic property App\Controllers\CreateToDoTasks::$todo is deprecated in APPPATH\Controllers\CreateToDoTasks.php on line 17.
 1 SYSTEMPATH\CodeIgniter.php(906): App\Controllers\CreateToDoTasks->__construct()
 2 SYSTEMPATH\CodeIgniter.php(490): CodeIgniter\CodeIgniter->createController()
 3 SYSTEMPATH\CodeIgniter.php(368): CodeIgniter\CodeIgniter->handleRequest(null, Object(Config\Cache), false)
 4 FCPATH\index.php(67): CodeIgniter\CodeIgniter->run()
 5 SYSTEMPATH\Commands\Server\rewrite.php(47): require_once('D:\\XAMPP\\htdocs\\Task-Management_Prooyek\\public\\index.php')
WARNING - 2023-05-17 08:38:44 --> [DEPRECATED] Creation of dynamic property App\Controllers\CreateToDoTasks::$todo is deprecated in APPPATH\Controllers\CreateToDoTasks.php on line 17.
 1 SYSTEMPATH\CodeIgniter.php(906): App\Controllers\CreateToDoTasks->__construct()
 2 SYSTEMPATH\CodeIgniter.php(490): CodeIgniter\CodeIgniter->createController()
 3 SYSTEMPATH\CodeIgniter.php(368): CodeIgniter\CodeIgniter->handleRequest(null, Object(Config\Cache), false)
 4 FCPATH\index.php(67): CodeIgniter\CodeIgniter->run()
 5 SYSTEMPATH\Commands\Server\rewrite.php(47): require_once('D:\\XAMPP\\htdocs\\Task-Management_Prooyek\\public\\index.php')
WARNING - 2023-05-17 08:38:46 --> [DEPRECATED] Creation of dynamic property App\Controllers\ViewMyTodo::$todo is deprecated in APPPATH\Controllers\ViewMyTodo.php on line 16.
 1 SYSTEMPATH\CodeIgniter.php(906): App\Controllers\ViewMyTodo->__construct()
 2 SYSTEMPATH\CodeIgniter.php(490): CodeIgniter\CodeIgniter->createController()
 3 SYSTEMPATH\CodeIgniter.php(368): CodeIgniter\CodeIgniter->handleRequest(null, Object(Config\Cache), false)
 4 FCPATH\index.php(67): CodeIgniter\CodeIgniter->run()
 5 SYSTEMPATH\Commands\Server\rewrite.php(47): require_once('D:\\XAMPP\\htdocs\\Task-Management_Prooyek\\public\\index.php')
WARNING - 2023-05-17 08:39:16 --> [DEPRECATED] Creation of dynamic property App\Controllers\ViewEmployeeTasks::$assign is deprecated in APPPATH\Controllers\ViewEmployeeTasks.php on line 16.
 1 SYSTEMPATH\CodeIgniter.php(906): App\Controllers\ViewEmployeeTasks->__construct()
 2 SYSTEMPATH\CodeIgniter.php(490): CodeIgniter\CodeIgniter->createController()
 3 SYSTEMPATH\CodeIgniter.php(368): CodeIgniter\CodeIgniter->handleRequest(null, Object(Config\Cache), false)
 4 FCPATH\index.php(67): CodeIgniter\CodeIgniter->run()
 5 SYSTEMPATH\Commands\Server\rewrite.php(47): require_once('D:\\XAMPP\\htdocs\\Task-Management_Prooyek\\public\\index.php')
WARNING - 2023-05-17 08:40:01 --> [DEPRECATED] Creation of dynamic property App\Controllers\ViewMyTodo::$todo is deprecated in APPPATH\Controllers\ViewMyTodo.php on line 16.
 1 SYSTEMPATH\CodeIgniter.php(906): App\Controllers\ViewMyTodo->__construct()
 2 SYSTEMPATH\CodeIgniter.php(490): CodeIgniter\CodeIgniter->createController()
 3 SYSTEMPATH\CodeIgniter.php(368): CodeIgniter\CodeIgniter->handleRequest(null, Object(Config\Cache), false)
 4 FCPATH\index.php(67): CodeIgniter\CodeIgniter->run()
 5 SYSTEMPATH\Commands\Server\rewrite.php(47): require_once('D:\\XAMPP\\htdocs\\Task-Management_Prooyek\\public\\index.php')
WARNING - 2023-05-17 09:12:31 --> [DEPRECATED] Creation of dynamic property App\Controllers\Product::$employeeModel is deprecated in APPPATH\Controllers\Product.php on line 11.
 1 SYSTEMPATH\CodeIgniter.php(906): App\Controllers\Product->__construct()
 2 SYSTEMPATH\CodeIgniter.php(490): CodeIgniter\CodeIgniter->createController()
 3 SYSTEMPATH\CodeIgniter.php(368): CodeIgniter\CodeIgniter->handleRequest(null, Object(Config\Cache), false)
 4 FCPATH\index.php(67): CodeIgniter\CodeIgniter->run()
 5 SYSTEMPATH\Commands\Server\rewrite.php(47): require_once('D:\\XAMPP\\htdocs\\Task-Management_Prooyek\\public\\index.php')
ERROR - 2023-05-17 09:12:36 --> Error connecting to the database: mysqli_sql_exception: No connection could be made because the target machine actively refused it in D:\XAMPP\htdocs\Task-Management_Prooyek\system\Database\MySQLi\Connection.php:173
Stack trace:
#0 D:\XAMPP\htdocs\Task-Management_Prooyek\system\Database\MySQLi\Connection.php(173): mysqli->real_connect('localhost', 'root', Object(SensitiveParameterValue), 'taskmanagement', 3306, '', 0)
#1 D:\XAMPP\htdocs\Task-Management_Prooyek\system\Database\BaseConnection.php(391): CodeIgniter\Database\MySQLi\Connection->connect(false)
#2 D:\XAMPP\htdocs\Task-Management_Prooyek\system\Database\BaseConnection.php(574): CodeIgniter\Database\BaseConnection->initialize()
#3 D:\XAMPP\htdocs\Task-Management_Prooyek\system\Database\BaseBuilder.php(1616): CodeIgniter\Database\BaseConnection->query('SELECT *\nFROM `...', Array, false)
#4 D:\XAMPP\htdocs\Task-Management_Prooyek\system\Model.php(241): CodeIgniter\Database\BaseBuilder->get()
#5 D:\XAMPP\htdocs\Task-Management_Prooyek\system\BaseModel.php(618): CodeIgniter\Model->doFindAll(0, 0)
#6 D:\XAMPP\htdocs\Task-Management_Prooyek\app\Controllers\Product.php(20): CodeIgniter\BaseModel->findAll()
#7 D:\XAMPP\htdocs\Task-Management_Prooyek\system\CodeIgniter.php(934): App\Controllers\Product->index()
#8 D:\XAMPP\htdocs\Task-Management_Prooyek\system\CodeIgniter.php(499): CodeIgniter\CodeIgniter->runController(Object(App\Controllers\Product))
#9 D:\XAMPP\htdocs\Task-Management_Prooyek\system\CodeIgniter.php(368): CodeIgniter\CodeIgniter->handleRequest(NULL, Object(Config\Cache), false)
#10 D:\XAMPP\htdocs\Task-Management_Prooyek\public\index.php(67): CodeIgniter\CodeIgniter->run()
#11 D:\XAMPP\htdocs\Task-Management_Prooyek\system\Commands\Server\rewrite.php(47): require_once('D:\\XAMPP\\htdocs...')
#12 {main}

Next CodeIgniter\Database\Exceptions\DatabaseException: No connection could be made because the target machine actively refused it in D:\XAMPP\htdocs\Task-Management_Prooyek\system\Database\MySQLi\Connection.php:218
Stack trace:
#0 D:\XAMPP\htdocs\Task-Management_Prooyek\system\Database\BaseConnection.php(391): CodeIgniter\Database\MySQLi\Connection->connect(false)
#1 D:\XAMPP\htdocs\Task-Management_Prooyek\system\Database\BaseConnection.php(574): CodeIgniter\Database\BaseConnection->initialize()
#2 D:\XAMPP\htdocs\Task-Management_Prooyek\system\Database\BaseBuilder.php(1616): CodeIgniter\Database\BaseConnection->query('SELECT *\nFROM `...', Array, false)
#3 D:\XAMPP\htdocs\Task-Management_Prooyek\system\Model.php(241): CodeIgniter\Database\BaseBuilder->get()
#4 D:\XAMPP\htdocs\Task-Management_Prooyek\system\BaseModel.php(618): CodeIgniter\Model->doFindAll(0, 0)
#5 D:\XAMPP\htdocs\Task-Management_Prooyek\app\Controllers\Product.php(20): CodeIgniter\BaseModel->findAll()
#6 D:\XAMPP\htdocs\Task-Management_Prooyek\system\CodeIgniter.php(934): App\Controllers\Product->index()
#7 D:\XAMPP\htdocs\Task-Management_Prooyek\system\CodeIgniter.php(499): CodeIgniter\CodeIgniter->runController(Object(App\Controllers\Product))
#8 D:\XAMPP\htdocs\Task-Management_Prooyek\system\CodeIgniter.php(368): CodeIgniter\CodeIgniter->handleRequest(NULL, Object(Config\Cache), false)
#9 D:\XAMPP\htdocs\Task-Management_Prooyek\public\index.php(67): CodeIgniter\CodeIgniter->run()
#10 D:\XAMPP\htdocs\Task-Management_Prooyek\system\Commands\Server\rewrite.php(47): require_once('D:\\XAMPP\\htdocs...')
#11 {main}
CRITICAL - 2023-05-17 09:12:36 --> Unable to connect to the database.
Main connection [MySQLi]: No connection could be made because the target machine actively refused it
in SYSTEMPATH\Database\BaseConnection.php on line 427.
 1 SYSTEMPATH\Database\BaseConnection.php(574): CodeIgniter\Database\BaseConnection->initialize()
 2 SYSTEMPATH\Database\BaseBuilder.php(1616): CodeIgniter\Database\BaseConnection->query('SELECT *
FROM `employee`', [], false)
 3 SYSTEMPATH\Model.php(241): CodeIgniter\Database\BaseBuilder->get()
 4 SYSTEMPATH\BaseModel.php(618): CodeIgniter\Model->doFindAll(0, 0)
 5 APPPATH\Controllers\Product.php(20): CodeIgniter\BaseModel->findAll()
 6 SYSTEMPATH\CodeIgniter.php(934): App\Controllers\Product->index()
 7 SYSTEMPATH\CodeIgniter.php(499): CodeIgniter\CodeIgniter->runController(Object(App\Controllers\Product))
 8 SYSTEMPATH\CodeIgniter.php(368): CodeIgniter\CodeIgniter->handleRequest(null, Object(Config\Cache), false)
 9 FCPATH\index.php(67): CodeIgniter\CodeIgniter->run()
10 SYSTEMPATH\Commands\Server\rewrite.php(47): require_once('D:\\XAMPP\\htdocs\\Task-Management_Prooyek\\public\\index.php')
WARNING - 2023-05-17 09:13:06 --> [DEPRECATED] Creation of dynamic property App\Controllers\Product::$employeeModel is deprecated in APPPATH\Controllers\Product.php on line 11.
 1 SYSTEMPATH\CodeIgniter.php(906): App\Controllers\Product->__construct()
 2 SYSTEMPATH\CodeIgniter.php(490): CodeIgniter\CodeIgniter->createController()
 3 SYSTEMPATH\CodeIgniter.php(368): CodeIgniter\CodeIgniter->handleRequest(null, Object(Config\Cache), false)
 4 FCPATH\index.php(67): CodeIgniter\CodeIgniter->run()
 5 SYSTEMPATH\Commands\Server\rewrite.php(47): require_once('D:\\XAMPP\\htdocs\\Task-Management_Prooyek\\public\\index.php')
WARNING - 2023-05-17 09:13:14 --> [DEPRECATED] Creation of dynamic property App\Controllers\AssignTasks::$assign is deprecated in APPPATH\Controllers\AssignTasks.php on line 16.
 1 SYSTEMPATH\CodeIgniter.php(906): App\Controllers\AssignTasks->__construct()
 2 SYSTEMPATH\CodeIgniter.php(490): CodeIgniter\CodeIgniter->createController()
 3 SYSTEMPATH\CodeIgniter.php(368): CodeIgniter\CodeIgniter->handleRequest(null, Object(Config\Cache), false)
 4 FCPATH\index.php(67): CodeIgniter\CodeIgniter->run()
 5 SYSTEMPATH\Commands\Server\rewrite.php(47): require_once('D:\\XAMPP\\htdocs\\Task-Management_Prooyek\\public\\index.php')
WARNING - 2023-05-17 09:13:22 --> [DEPRECATED] Creation of dynamic property App\Controllers\ViewEmployeeTasks::$assign is deprecated in APPPATH\Controllers\ViewEmployeeTasks.php on line 16.
 1 SYSTEMPATH\CodeIgniter.php(906): App\Controllers\ViewEmployeeTasks->__construct()
 2 SYSTEMPATH\CodeIgniter.php(490): CodeIgniter\CodeIgniter->createController()
 3 SYSTEMPATH\CodeIgniter.php(368): CodeIgniter\CodeIgniter->handleRequest(null, Object(Config\Cache), false)
 4 FCPATH\index.php(67): CodeIgniter\CodeIgniter->run()
 5 SYSTEMPATH\Commands\Server\rewrite.php(47): require_once('D:\\XAMPP\\htdocs\\Task-Management_Prooyek\\public\\index.php')
WARNING - 2023-05-17 09:13:25 --> [DEPRECATED] Creation of dynamic property App\Controllers\AssignTasks::$assign is deprecated in APPPATH\Controllers\AssignTasks.php on line 16.
 1 SYSTEMPATH\CodeIgniter.php(906): App\Controllers\AssignTasks->__construct()
 2 SYSTEMPATH\CodeIgniter.php(490): CodeIgniter\CodeIgniter->createController()
 3 SYSTEMPATH\CodeIgniter.php(368): CodeIgniter\CodeIgniter->handleRequest(null, Object(Config\Cache), false)
 4 FCPATH\index.php(67): CodeIgniter\CodeIgniter->run()
 5 SYSTEMPATH\Commands\Server\rewrite.php(47): require_once('D:\\XAMPP\\htdocs\\Task-Management_Prooyek\\public\\index.php')
WARNING - 2023-05-17 09:13:34 --> [DEPRECATED] Creation of dynamic property App\Controllers\ViewAllEmployee::$employeeModel is deprecated in APPPATH\Controllers\ViewAllEmployee.php on line 11.
 1 SYSTEMPATH\CodeIgniter.php(906): App\Controllers\ViewAllEmployee->__construct()
 2 SYSTEMPATH\CodeIgniter.php(490): CodeIgniter\CodeIgniter->createController()
 3 SYSTEMPATH\CodeIgniter.php(368): CodeIgniter\CodeIgniter->handleRequest(null, Object(Config\Cache), false)
 4 FCPATH\index.php(67): CodeIgniter\CodeIgniter->run()
 5 SYSTEMPATH\Commands\Server\rewrite.php(47): require_once('D:\\XAMPP\\htdocs\\Task-Management_Prooyek\\public\\index.php')
WARNING - 2023-05-17 09:13:55 --> [DEPRECATED] Creation of dynamic property App\Controllers\AssignTasks::$assign is deprecated in APPPATH\Controllers\AssignTasks.php on line 16.
 1 SYSTEMPATH\CodeIgniter.php(906): App\Controllers\AssignTasks->__construct()
 2 SYSTEMPATH\CodeIgniter.php(490): CodeIgniter\CodeIgniter->createController()
 3 SYSTEMPATH\CodeIgniter.php(368): CodeIgniter\CodeIgniter->handleRequest(null, Object(Config\Cache), false)
 4 FCPATH\index.php(67): CodeIgniter\CodeIgniter->run()
 5 SYSTEMPATH\Commands\Server\rewrite.php(47): require_once('D:\\XAMPP\\htdocs\\Task-Management_Prooyek\\public\\index.php')
WARNING - 2023-05-17 09:14:07 --> [DEPRECATED] Creation of dynamic property App\Controllers\ViewAllEmployee::$employeeModel is deprecated in APPPATH\Controllers\ViewAllEmployee.php on line 11.
 1 SYSTEMPATH\CodeIgniter.php(906): App\Controllers\ViewAllEmployee->__construct()
 2 SYSTEMPATH\CodeIgniter.php(490): CodeIgniter\CodeIgniter->createController()
 3 SYSTEMPATH\CodeIgniter.php(368): CodeIgniter\CodeIgniter->handleRequest(null, Object(Config\Cache), false)
 4 FCPATH\index.php(67): CodeIgniter\CodeIgniter->run()
 5 SYSTEMPATH\Commands\Server\rewrite.php(47): require_once('D:\\XAMPP\\htdocs\\Task-Management_Prooyek\\public\\index.php')
WARNING - 2023-05-17 09:14:56 --> [DEPRECATED] Creation of dynamic property App\Controllers\AssignTasks::$assign is deprecated in APPPATH\Controllers\AssignTasks.php on line 16.
 1 SYSTEMPATH\CodeIgniter.php(906): App\Controllers\AssignTasks->__construct()
 2 SYSTEMPATH\CodeIgniter.php(490): CodeIgniter\CodeIgniter->createController()
 3 SYSTEMPATH\CodeIgniter.php(368): CodeIgniter\CodeIgniter->handleRequest(null, Object(Config\Cache), false)
 4 FCPATH\index.php(67): CodeIgniter\CodeIgniter->run()
 5 SYSTEMPATH\Commands\Server\rewrite.php(47): require_once('D:\\XAMPP\\htdocs\\Task-Management_Prooyek\\public\\index.php')
WARNING - 2023-05-17 09:21:29 --> [DEPRECATED] Creation of dynamic property App\Controllers\AssignTasks::$assign is deprecated in APPPATH\Controllers\AssignTasks.php on line 16.
 1 SYSTEMPATH\CodeIgniter.php(906): App\Controllers\AssignTasks->__construct()
 2 SYSTEMPATH\CodeIgniter.php(490): CodeIgniter\CodeIgniter->createController()
 3 SYSTEMPATH\CodeIgniter.php(368): CodeIgniter\CodeIgniter->handleRequest(null, Object(Config\Cache), false)
 4 FCPATH\index.php(67): CodeIgniter\CodeIgniter->run()
 5 SYSTEMPATH\Commands\Server\rewrite.php(47): require_once('D:\\XAMPP\\htdocs\\Task-Management_Prooyek\\public\\index.php')
CRITICAL - 2023-05-17 09:21:29 --> Class "App\Controllers\EmployeeModel" not found
in APPPATH\Controllers\AssignTasks.php on line 17.
 1 SYSTEMPATH\CodeIgniter.php(906): App\Controllers\AssignTasks->__construct()
 2 SYSTEMPATH\CodeIgniter.php(490): CodeIgniter\CodeIgniter->createController()
 3 SYSTEMPATH\CodeIgniter.php(368): CodeIgniter\CodeIgniter->handleRequest(null, Object(Config\Cache), false)
 4 FCPATH\index.php(67): CodeIgniter\CodeIgniter->run()
 5 SYSTEMPATH\Commands\Server\rewrite.php(47): require_once('D:\\XAMPP\\htdocs\\Task-Management_Prooyek\\public\\index.php')
WARNING - 2023-05-17 09:22:01 --> [DEPRECATED] Creation of dynamic property App\Controllers\AssignTasks::$assign is deprecated in APPPATH\Controllers\AssignTasks.php on line 16.
 1 SYSTEMPATH\CodeIgniter.php(906): App\Controllers\AssignTasks->__construct()
 2 SYSTEMPATH\CodeIgniter.php(490): CodeIgniter\CodeIgniter->createController()
 3 SYSTEMPATH\CodeIgniter.php(368): CodeIgniter\CodeIgniter->handleRequest(null, Object(Config\Cache), false)
 4 FCPATH\index.php(67): CodeIgniter\CodeIgniter->run()
 5 SYSTEMPATH\Commands\Server\rewrite.php(47): require_once('D:\\XAMPP\\htdocs\\Task-Management_Prooyek\\public\\index.php')
CRITICAL - 2023-05-17 09:22:01 --> Class "App\Controllers\EmployeeModel" not found
in APPPATH\Controllers\AssignTasks.php on line 17.
 1 SYSTEMPATH\CodeIgniter.php(906): App\Controllers\AssignTasks->__construct()
 2 SYSTEMPATH\CodeIgniter.php(490): CodeIgniter\CodeIgniter->createController()
 3 SYSTEMPATH\CodeIgniter.php(368): CodeIgniter\CodeIgniter->handleRequest(null, Object(Config\Cache), false)
 4 FCPATH\index.php(67): CodeIgniter\CodeIgniter->run()
 5 SYSTEMPATH\Commands\Server\rewrite.php(47): require_once('D:\\XAMPP\\htdocs\\Task-Management_Prooyek\\public\\index.php')
WARNING - 2023-05-17 09:22:07 --> [DEPRECATED] Creation of dynamic property App\Controllers\Product::$employeeModel is deprecated in APPPATH\Controllers\Product.php on line 11.
 1 SYSTEMPATH\CodeIgniter.php(906): App\Controllers\Product->__construct()
 2 SYSTEMPATH\CodeIgniter.php(490): CodeIgniter\CodeIgniter->createController()
 3 SYSTEMPATH\CodeIgniter.php(368): CodeIgniter\CodeIgniter->handleRequest(null, Object(Config\Cache), false)
 4 FCPATH\index.php(67): CodeIgniter\CodeIgniter->run()
 5 SYSTEMPATH\Commands\Server\rewrite.php(47): require_once('D:\\XAMPP\\htdocs\\Task-Management_Prooyek\\public\\index.php')
WARNING - 2023-05-17 09:22:10 --> [DEPRECATED] Creation of dynamic property App\Controllers\AssignTasks::$assign is deprecated in APPPATH\Controllers\AssignTasks.php on line 16.
 1 SYSTEMPATH\CodeIgniter.php(906): App\Controllers\AssignTasks->__construct()
 2 SYSTEMPATH\CodeIgniter.php(490): CodeIgniter\CodeIgniter->createController()
 3 SYSTEMPATH\CodeIgniter.php(368): CodeIgniter\CodeIgniter->handleRequest(null, Object(Config\Cache), false)
 4 FCPATH\index.php(67): CodeIgniter\CodeIgniter->run()
 5 SYSTEMPATH\Commands\Server\rewrite.php(47): require_once('D:\\XAMPP\\htdocs\\Task-Management_Prooyek\\public\\index.php')
CRITICAL - 2023-05-17 09:22:10 --> Class "App\Controllers\EmployeeModel" not found
in APPPATH\Controllers\AssignTasks.php on line 17.
 1 SYSTEMPATH\CodeIgniter.php(906): App\Controllers\AssignTasks->__construct()
 2 SYSTEMPATH\CodeIgniter.php(490): CodeIgniter\CodeIgniter->createController()
 3 SYSTEMPATH\CodeIgniter.php(368): CodeIgniter\CodeIgniter->handleRequest(null, Object(Config\Cache), false)
 4 FCPATH\index.php(67): CodeIgniter\CodeIgniter->run()
 5 SYSTEMPATH\Commands\Server\rewrite.php(47): require_once('D:\\XAMPP\\htdocs\\Task-Management_Prooyek\\public\\index.php')
WARNING - 2023-05-17 09:23:52 --> [DEPRECATED] Creation of dynamic property App\Controllers\AssignTasks::$assign is deprecated in APPPATH\Controllers\AssignTasks.php on line 17.
 1 SYSTEMPATH\CodeIgniter.php(906): App\Controllers\AssignTasks->__construct()
 2 SYSTEMPATH\CodeIgniter.php(490): CodeIgniter\CodeIgniter->createController()
 3 SYSTEMPATH\CodeIgniter.php(368): CodeIgniter\CodeIgniter->handleRequest(null, Object(Config\Cache), false)
 4 FCPATH\index.php(67): CodeIgniter\CodeIgniter->run()
 5 SYSTEMPATH\Commands\Server\rewrite.php(47): require_once('D:\\XAMPP\\htdocs\\Task-Management_Prooyek\\public\\index.php')
WARNING - 2023-05-17 09:23:52 --> [DEPRECATED] Creation of dynamic property App\Controllers\AssignTasks::$employeeModel is deprecated in APPPATH\Controllers\AssignTasks.php on line 18.
 1 SYSTEMPATH\CodeIgniter.php(906): App\Controllers\AssignTasks->__construct()
 2 SYSTEMPATH\CodeIgniter.php(490): CodeIgniter\CodeIgniter->createController()
 3 SYSTEMPATH\CodeIgniter.php(368): CodeIgniter\CodeIgniter->handleRequest(null, Object(Config\Cache), false)
 4 FCPATH\index.php(67): CodeIgniter\CodeIgniter->run()
 5 SYSTEMPATH\Commands\Server\rewrite.php(47): require_once('D:\\XAMPP\\htdocs\\Task-Management_Prooyek\\public\\index.php')
WARNING - 2023-05-17 09:30:58 --> [DEPRECATED] Creation of dynamic property App\Controllers\AssignTasks::$assign is deprecated in APPPATH\Controllers\AssignTasks.php on line 17.
 1 SYSTEMPATH\CodeIgniter.php(906): App\Controllers\AssignTasks->__construct()
 2 SYSTEMPATH\CodeIgniter.php(490): CodeIgniter\CodeIgniter->createController()
 3 SYSTEMPATH\CodeIgniter.php(368): CodeIgniter\CodeIgniter->handleRequest(null, Object(Config\Cache), false)
 4 FCPATH\index.php(67): CodeIgniter\CodeIgniter->run()
 5 SYSTEMPATH\Commands\Server\rewrite.php(47): require_once('D:\\XAMPP\\htdocs\\Task-Management_Prooyek\\public\\index.php')
WARNING - 2023-05-17 09:30:58 --> [DEPRECATED] Creation of dynamic property App\Controllers\AssignTasks::$employeeModel is deprecated in APPPATH\Controllers\AssignTasks.php on line 18.
 1 SYSTEMPATH\CodeIgniter.php(906): App\Controllers\AssignTasks->__construct()
 2 SYSTEMPATH\CodeIgniter.php(490): CodeIgniter\CodeIgniter->createController()
 3 SYSTEMPATH\CodeIgniter.php(368): CodeIgniter\CodeIgniter->handleRequest(null, Object(Config\Cache), false)
 4 FCPATH\index.php(67): CodeIgniter\CodeIgniter->run()
 5 SYSTEMPATH\Commands\Server\rewrite.php(47): require_once('D:\\XAMPP\\htdocs\\Task-Management_Prooyek\\public\\index.php')
CRITICAL - 2023-05-17 09:30:58 --> syntax error, unexpected token "foreach"
in APPPATH\Views\layouts\admin\todotask\assigntasks\index.php on line 24.
 1 SYSTEMPATH\View\View.php(216): CodeIgniter\View\View->CodeIgniter\View\{closure}()
 2 SYSTEMPATH\Common.php(1184): CodeIgniter\View\View->render('layouts/admin/todotask/assigntasks/index', [], true)
 3 APPPATH\Controllers\AssignTasks.php(30): view('layouts/admin/todotask/assigntasks/index', [...])
 4 SYSTEMPATH\CodeIgniter.php(934): App\Controllers\AssignTasks->index()
 5 SYSTEMPATH\CodeIgniter.php(499): CodeIgniter\CodeIgniter->runController(Object(App\Controllers\AssignTasks))
 6 SYSTEMPATH\CodeIgniter.php(368): CodeIgniter\CodeIgniter->handleRequest(null, Object(Config\Cache), false)
 7 FCPATH\index.php(67): CodeIgniter\CodeIgniter->run()
 8 SYSTEMPATH\Commands\Server\rewrite.php(47): require_once('D:\\XAMPP\\htdocs\\Task-Management_Prooyek\\public\\index.php')
WARNING - 2023-05-17 09:31:38 --> [DEPRECATED] Creation of dynamic property App\Controllers\AssignTasks::$assign is deprecated in APPPATH\Controllers\AssignTasks.php on line 17.
 1 SYSTEMPATH\CodeIgniter.php(906): App\Controllers\AssignTasks->__construct()
 2 SYSTEMPATH\CodeIgniter.php(490): CodeIgniter\CodeIgniter->createController()
 3 SYSTEMPATH\CodeIgniter.php(368): CodeIgniter\CodeIgniter->handleRequest(null, Object(Config\Cache), false)
 4 FCPATH\index.php(67): CodeIgniter\CodeIgniter->run()
 5 SYSTEMPATH\Commands\Server\rewrite.php(47): require_once('D:\\XAMPP\\htdocs\\Task-Management_Prooyek\\public\\index.php')
WARNING - 2023-05-17 09:31:38 --> [DEPRECATED] Creation of dynamic property App\Controllers\AssignTasks::$employeeModel is deprecated in APPPATH\Controllers\AssignTasks.php on line 18.
 1 SYSTEMPATH\CodeIgniter.php(906): App\Controllers\AssignTasks->__construct()
 2 SYSTEMPATH\CodeIgniter.php(490): CodeIgniter\CodeIgniter->createController()
 3 SYSTEMPATH\CodeIgniter.php(368): CodeIgniter\CodeIgniter->handleRequest(null, Object(Config\Cache), false)
 4 FCPATH\index.php(67): CodeIgniter\CodeIgniter->run()
 5 SYSTEMPATH\Commands\Server\rewrite.php(47): require_once('D:\\XAMPP\\htdocs\\Task-Management_Prooyek\\public\\index.php')
