CRITICAL - 2023-05-07 15:36:47 --> syntax error, unexpected token "if"
in APPPATH\Config\Routes.php on line 49.
 1 SYSTEMPATH\CodeIgniter.php(802): CodeIgniter\Router\RouteCollection->loadRoutes()
 2 SYSTEMPATH\CodeIgniter.php(449): CodeIgniter\CodeIgniter->tryToRouteIt(null)
 3 SYSTEMPATH\CodeIgniter.php(368): CodeIgniter\CodeIgniter->handleRequest(null, Object(Config\Cache), false)
 4 FCPATH\index.php(67): CodeIgniter\CodeIgniter->run()
 5 SYSTEMPATH\Commands\Server\rewrite.php(47): require_once('D:\\XAMPP\\htdocs\\PROYEK_Task Management\\public\\index.php')
CRITICAL - 2023-05-07 15:36:52 --> syntax error, unexpected token "if"
in APPPATH\Config\Routes.php on line 49.
 1 SYSTEMPATH\CodeIgniter.php(802): CodeIgniter\Router\RouteCollection->loadRoutes()
 2 SYSTEMPATH\CodeIgniter.php(449): CodeIgniter\CodeIgniter->tryToRouteIt(null)
 3 SYSTEMPATH\CodeIgniter.php(368): CodeIgniter\CodeIgniter->handleRequest(null, Object(Config\Cache), false)
 4 FCPATH\index.php(67): CodeIgniter\CodeIgniter->run()
 5 SYSTEMPATH\Commands\Server\rewrite.php(47): require_once('D:\\XAMPP\\htdocs\\PROYEK_Task Management\\public\\index.php')
CRITICAL - 2023-05-07 15:37:17 --> Invalid file: "admin/product/index.php"
in SYSTEMPATH\Exceptions\FrameworkException.php on line 33.
 1 SYSTEMPATH\View\View.php(201): CodeIgniter\Exceptions\FrameworkException::forInvalidFile('admin/product/index.php')
 2 SYSTEMPATH\Common.php(1184): CodeIgniter\View\View->render('admin/product/index', [], true)
 3 APPPATH\Controllers\TaskManagement.php(16): view('admin/product/index')
 4 SYSTEMPATH\CodeIgniter.php(934): App\Controllers\TaskManagement->index()
 5 SYSTEMPATH\CodeIgniter.php(499): CodeIgniter\CodeIgniter->runController(Object(App\Controllers\TaskManagement))
 6 SYSTEMPATH\CodeIgniter.php(368): CodeIgniter\CodeIgniter->handleRequest(null, Object(Config\Cache), false)
 7 FCPATH\index.php(67): CodeIgniter\CodeIgniter->run()
 8 SYSTEMPATH\Commands\Server\rewrite.php(47): require_once('D:\\XAMPP\\htdocs\\PROYEK_Task Management\\public\\index.php')
CRITICAL - 2023-05-07 15:39:42 --> Invalid file: "admin/product/index.php"
in SYSTEMPATH\Exceptions\FrameworkException.php on line 33.
 1 SYSTEMPATH\View\View.php(201): CodeIgniter\Exceptions\FrameworkException::forInvalidFile('admin/product/index.php')
 2 SYSTEMPATH\Common.php(1184): CodeIgniter\View\View->render('admin/product/index', [], true)
 3 APPPATH\Controllers\TaskManagement.php(42): view('admin/product/index', [...])
 4 SYSTEMPATH\CodeIgniter.php(934): App\Controllers\TaskManagement->index()
 5 SYSTEMPATH\CodeIgniter.php(499): CodeIgniter\CodeIgniter->runController(Object(App\Controllers\TaskManagement))
 6 SYSTEMPATH\CodeIgniter.php(368): CodeIgniter\CodeIgniter->handleRequest(null, Object(Config\Cache), false)
 7 FCPATH\index.php(67): CodeIgniter\CodeIgniter->run()
 8 SYSTEMPATH\Commands\Server\rewrite.php(47): require_once('D:\\XAMPP\\htdocs\\PROYEK_Task Management\\public\\index.php')
