CRITICAL - 2023-05-13 00:03:46 --> Undefined variable $employee
in APPPATH\Views\layouts\admin\todotask\viewmytodo\index.php on line 23.
 1 APPPATH\Views\layouts\admin\todotask\viewmytodo\index.php(23): CodeIgniter\Debug\Exceptions->errorHandler(2, 'Undefined variable $employee', 'D:\\XAMPP\\htdocs\\Task-Management_Prooyek\\app\\Views\\layouts\\admin\\todotask\\viewmytodo\\index.php', 23)
 2 SYSTEMPATH\View\View.php(213): include('D:\\XAMPP\\htdocs\\Task-Management_Prooyek\\app\\Views\\layouts\\admin\\todotask\\viewmytodo\\index.php')
 3 SYSTEMPATH\View\View.php(216): CodeIgniter\View\View->CodeIgniter\View\{closure}()
 4 SYSTEMPATH\Common.php(1184): CodeIgniter\View\View->render('layouts/admin/todotask/viewmytodo/index', [], true)
 5 APPPATH\Controllers\ViewMyTodo.php(25): view('layouts/admin/todotask/viewmytodo/index')
 6 SYSTEMPATH\CodeIgniter.php(934): App\Controllers\ViewMyTodo->index()
 7 SYSTEMPATH\CodeIgniter.php(499): CodeIgniter\CodeIgniter->runController(Object(App\Controllers\ViewMyTodo))
 8 SYSTEMPATH\CodeIgniter.php(368): CodeIgniter\CodeIgniter->handleRequest(null, Object(Config\Cache), false)
 9 FCPATH\index.php(67): CodeIgniter\CodeIgniter->run()
10 SYSTEMPATH\Commands\Server\rewrite.php(47): require_once('D:\\XAMPP\\htdocs\\Task-Management_Prooyek\\public\\index.php')
CRITICAL - 2023-05-13 00:04:19 --> Undefined variable $employee
in APPPATH\Views\layouts\admin\todotask\viewmytodo\index.php on line 23.
 1 APPPATH\Views\layouts\admin\todotask\viewmytodo\index.php(23): CodeIgniter\Debug\Exceptions->errorHandler(2, 'Undefined variable $employee', 'D:\\XAMPP\\htdocs\\Task-Management_Prooyek\\app\\Views\\layouts\\admin\\todotask\\viewmytodo\\index.php', 23)
 2 SYSTEMPATH\View\View.php(213): include('D:\\XAMPP\\htdocs\\Task-Management_Prooyek\\app\\Views\\layouts\\admin\\todotask\\viewmytodo\\index.php')
 3 SYSTEMPATH\View\View.php(216): CodeIgniter\View\View->CodeIgniter\View\{closure}()
 4 SYSTEMPATH\Common.php(1184): CodeIgniter\View\View->render('layouts/admin/todotask/viewmytodo/index', [], true)
 5 APPPATH\Controllers\ViewMyTodo.php(25): view('layouts/admin/todotask/viewmytodo/index')
 6 SYSTEMPATH\CodeIgniter.php(934): App\Controllers\ViewMyTodo->index()
 7 SYSTEMPATH\CodeIgniter.php(499): CodeIgniter\CodeIgniter->runController(Object(App\Controllers\ViewMyTodo))
 8 SYSTEMPATH\CodeIgniter.php(368): CodeIgniter\CodeIgniter->handleRequest(null, Object(Config\Cache), false)
 9 FCPATH\index.php(67): CodeIgniter\CodeIgniter->run()
10 SYSTEMPATH\Commands\Server\rewrite.php(47): require_once('D:\\XAMPP\\htdocs\\Task-Management_Prooyek\\public\\index.php')
CRITICAL - 2023-05-13 00:07:46 --> Undefined variable $employee
in APPPATH\Views\layouts\admin\todotask\viewmytodo\index.php on line 23.
 1 APPPATH\Views\layouts\admin\todotask\viewmytodo\index.php(23): CodeIgniter\Debug\Exceptions->errorHandler(2, 'Undefined variable $employee', 'D:\\XAMPP\\htdocs\\Task-Management_Prooyek\\app\\Views\\layouts\\admin\\todotask\\viewmytodo\\index.php', 23)
 2 SYSTEMPATH\View\View.php(213): include('D:\\XAMPP\\htdocs\\Task-Management_Prooyek\\app\\Views\\layouts\\admin\\todotask\\viewmytodo\\index.php')
 3 SYSTEMPATH\View\View.php(216): CodeIgniter\View\View->CodeIgniter\View\{closure}()
 4 SYSTEMPATH\Common.php(1184): CodeIgniter\View\View->render('layouts/admin/todotask/viewmytodo/index', [], true)
 5 APPPATH\Controllers\ViewMyTodo.php(25): view('layouts/admin/todotask/viewmytodo/index')
 6 SYSTEMPATH\CodeIgniter.php(934): App\Controllers\ViewMyTodo->index()
 7 SYSTEMPATH\CodeIgniter.php(499): CodeIgniter\CodeIgniter->runController(Object(App\Controllers\ViewMyTodo))
 8 SYSTEMPATH\CodeIgniter.php(368): CodeIgniter\CodeIgniter->handleRequest(null, Object(Config\Cache), false)
 9 FCPATH\index.php(67): CodeIgniter\CodeIgniter->run()
10 SYSTEMPATH\Commands\Server\rewrite.php(47): require_once('D:\\XAMPP\\htdocs\\Task-Management_Prooyek\\public\\index.php')
ERROR - 2023-05-13 00:09:34 --> mysqli_sql_exception: Unknown column 'assignedfrom' in 'field list' in D:\XAMPP\htdocs\Task-Management_Prooyek\system\Database\MySQLi\Connection.php:295
Stack trace:
#0 D:\XAMPP\htdocs\Task-Management_Prooyek\system\Database\MySQLi\Connection.php(295): mysqli->query('INSERT INTO `to...', 0)
#1 D:\XAMPP\htdocs\Task-Management_Prooyek\system\Database\BaseConnection.php(692): CodeIgniter\Database\MySQLi\Connection->execute('INSERT INTO `to...')
#2 D:\XAMPP\htdocs\Task-Management_Prooyek\system\Database\BaseConnection.php(606): CodeIgniter\Database\BaseConnection->simpleQuery('INSERT INTO `to...')
#3 D:\XAMPP\htdocs\Task-Management_Prooyek\system\Database\BaseBuilder.php(2309): CodeIgniter\Database\BaseConnection->query('INSERT INTO `to...', Array, false)
#4 D:\XAMPP\htdocs\Task-Management_Prooyek\app\Database\Seeds\Todo.php(19): CodeIgniter\Database\BaseBuilder->insert(Array)
#5 D:\XAMPP\htdocs\Task-Management_Prooyek\system\Database\Seeder.php(146): App\Database\Seeds\Todo->run()
#6 D:\XAMPP\htdocs\Task-Management_Prooyek\system\Commands\Database\Seed.php(77): CodeIgniter\Database\Seeder->call('App\\Database\\Se...')
#7 D:\XAMPP\htdocs\Task-Management_Prooyek\system\CLI\Commands.php(65): CodeIgniter\Commands\Database\Seed->run(Array)
#8 D:\XAMPP\htdocs\Task-Management_Prooyek\system\CLI\Console.php(37): CodeIgniter\CLI\Commands->run('db:seed', Array)
#9 D:\XAMPP\htdocs\Task-Management_Prooyek\spark(97): CodeIgniter\CLI\Console->run()
#10 {main}
ERROR - 2023-05-13 00:12:58 --> mysqli_sql_exception: You have an error in your SQL syntax; check the manual that corresponds to your MariaDB server version for the right syntax to use near '(200) NOT NULL,
	`comments` VARCHAR(200) NOT NULL,
	CONSTRAINT `pk_todo` PRIM...' at line 5 in D:\XAMPP\htdocs\Task-Management_Prooyek\system\Database\MySQLi\Connection.php:295
Stack trace:
#0 D:\XAMPP\htdocs\Task-Management_Prooyek\system\Database\MySQLi\Connection.php(295): mysqli->query('CREATE TABLE `t...', 0)
#1 D:\XAMPP\htdocs\Task-Management_Prooyek\system\Database\BaseConnection.php(692): CodeIgniter\Database\MySQLi\Connection->execute('CREATE TABLE `t...')
#2 D:\XAMPP\htdocs\Task-Management_Prooyek\system\Database\BaseConnection.php(606): CodeIgniter\Database\BaseConnection->simpleQuery('CREATE TABLE `t...')
#3 D:\XAMPP\htdocs\Task-Management_Prooyek\system\Database\Forge.php(546): CodeIgniter\Database\BaseConnection->query('CREATE TABLE `t...')
#4 D:\XAMPP\htdocs\Task-Management_Prooyek\app\Database\Migrations\2023-05-13-001241_CreateTodo.php(36): CodeIgniter\Database\Forge->createTable('todo', true)
#5 D:\XAMPP\htdocs\Task-Management_Prooyek\system\Database\MigrationRunner.php(877): App\Database\Migrations\CreateTodo->up()
#6 D:\XAMPP\htdocs\Task-Management_Prooyek\system\Database\MigrationRunner.php(188): CodeIgniter\Database\MigrationRunner->migrate('up', Object(stdClass))
#7 D:\XAMPP\htdocs\Task-Management_Prooyek\system\Commands\Database\Migrate.php(84): CodeIgniter\Database\MigrationRunner->latest(NULL)
#8 D:\XAMPP\htdocs\Task-Management_Prooyek\system\CLI\Commands.php(65): CodeIgniter\Commands\Database\Migrate->run(Array)
#9 D:\XAMPP\htdocs\Task-Management_Prooyek\system\CLI\Console.php(37): CodeIgniter\CLI\Commands->run('migrate', Array)
#10 D:\XAMPP\htdocs\Task-Management_Prooyek\spark(97): CodeIgniter\CLI\Console->run()
#11 {main}
CRITICAL - 2023-05-13 00:15:46 --> Undefined variable $employee
in APPPATH\Views\layouts\admin\todotask\viewmytodo\index.php on line 23.
 1 APPPATH\Views\layouts\admin\todotask\viewmytodo\index.php(23): CodeIgniter\Debug\Exceptions->errorHandler(2, 'Undefined variable $employee', 'D:\\XAMPP\\htdocs\\Task-Management_Prooyek\\app\\Views\\layouts\\admin\\todotask\\viewmytodo\\index.php', 23)
 2 SYSTEMPATH\View\View.php(213): include('D:\\XAMPP\\htdocs\\Task-Management_Prooyek\\app\\Views\\layouts\\admin\\todotask\\viewmytodo\\index.php')
 3 SYSTEMPATH\View\View.php(216): CodeIgniter\View\View->CodeIgniter\View\{closure}()
 4 SYSTEMPATH\Common.php(1184): CodeIgniter\View\View->render('layouts/admin/todotask/viewmytodo/index', [], true)
 5 APPPATH\Controllers\ViewMyTodo.php(25): view('layouts/admin/todotask/viewmytodo/index')
 6 SYSTEMPATH\CodeIgniter.php(934): App\Controllers\ViewMyTodo->index()
 7 SYSTEMPATH\CodeIgniter.php(499): CodeIgniter\CodeIgniter->runController(Object(App\Controllers\ViewMyTodo))
 8 SYSTEMPATH\CodeIgniter.php(368): CodeIgniter\CodeIgniter->handleRequest(null, Object(Config\Cache), false)
 9 FCPATH\index.php(67): CodeIgniter\CodeIgniter->run()
10 SYSTEMPATH\Commands\Server\rewrite.php(47): require_once('D:\\XAMPP\\htdocs\\Task-Management_Prooyek\\public\\index.php')
CRITICAL - 2023-05-13 00:16:20 --> Undefined variable $todo
in APPPATH\Views\layouts\admin\todotask\viewmytodo\index.php on line 23.
 1 APPPATH\Views\layouts\admin\todotask\viewmytodo\index.php(23): CodeIgniter\Debug\Exceptions->errorHandler(2, 'Undefined variable $todo', 'D:\\XAMPP\\htdocs\\Task-Management_Prooyek\\app\\Views\\layouts\\admin\\todotask\\viewmytodo\\index.php', 23)
 2 SYSTEMPATH\View\View.php(213): include('D:\\XAMPP\\htdocs\\Task-Management_Prooyek\\app\\Views\\layouts\\admin\\todotask\\viewmytodo\\index.php')
 3 SYSTEMPATH\View\View.php(216): CodeIgniter\View\View->CodeIgniter\View\{closure}()
 4 SYSTEMPATH\Common.php(1184): CodeIgniter\View\View->render('layouts/admin/todotask/viewmytodo/index', [], true)
 5 APPPATH\Controllers\ViewMyTodo.php(25): view('layouts/admin/todotask/viewmytodo/index')
 6 SYSTEMPATH\CodeIgniter.php(934): App\Controllers\ViewMyTodo->index()
 7 SYSTEMPATH\CodeIgniter.php(499): CodeIgniter\CodeIgniter->runController(Object(App\Controllers\ViewMyTodo))
 8 SYSTEMPATH\CodeIgniter.php(368): CodeIgniter\CodeIgniter->handleRequest(null, Object(Config\Cache), false)
 9 FCPATH\index.php(67): CodeIgniter\CodeIgniter->run()
10 SYSTEMPATH\Commands\Server\rewrite.php(47): require_once('D:\\XAMPP\\htdocs\\Task-Management_Prooyek\\public\\index.php')
CRITICAL - 2023-05-13 00:18:12 --> Undefined variable $todo
in APPPATH\Views\layouts\admin\todotask\viewmytodo\index.php on line 23.
 1 APPPATH\Views\layouts\admin\todotask\viewmytodo\index.php(23): CodeIgniter\Debug\Exceptions->errorHandler(2, 'Undefined variable $todo', 'D:\\XAMPP\\htdocs\\Task-Management_Prooyek\\app\\Views\\layouts\\admin\\todotask\\viewmytodo\\index.php', 23)
 2 SYSTEMPATH\View\View.php(213): include('D:\\XAMPP\\htdocs\\Task-Management_Prooyek\\app\\Views\\layouts\\admin\\todotask\\viewmytodo\\index.php')
 3 SYSTEMPATH\View\View.php(216): CodeIgniter\View\View->CodeIgniter\View\{closure}()
 4 SYSTEMPATH\Common.php(1184): CodeIgniter\View\View->render('layouts/admin/todotask/viewmytodo/index', [], true)
 5 APPPATH\Controllers\ViewMyTodo.php(25): view('layouts/admin/todotask/viewmytodo/index')
 6 SYSTEMPATH\CodeIgniter.php(934): App\Controllers\ViewMyTodo->index()
 7 SYSTEMPATH\CodeIgniter.php(499): CodeIgniter\CodeIgniter->runController(Object(App\Controllers\ViewMyTodo))
 8 SYSTEMPATH\CodeIgniter.php(368): CodeIgniter\CodeIgniter->handleRequest(null, Object(Config\Cache), false)
 9 FCPATH\index.php(67): CodeIgniter\CodeIgniter->run()
10 SYSTEMPATH\Commands\Server\rewrite.php(47): require_once('D:\\XAMPP\\htdocs\\Task-Management_Prooyek\\public\\index.php')
CRITICAL - 2023-05-13 00:20:53 --> Undefined variable $todos
in APPPATH\Views\layouts\admin\todotask\viewmytodo\index.php on line 23.
 1 APPPATH\Views\layouts\admin\todotask\viewmytodo\index.php(23): CodeIgniter\Debug\Exceptions->errorHandler(2, 'Undefined variable $todos', 'D:\\XAMPP\\htdocs\\Task-Management_Prooyek\\app\\Views\\layouts\\admin\\todotask\\viewmytodo\\index.php', 23)
 2 SYSTEMPATH\View\View.php(213): include('D:\\XAMPP\\htdocs\\Task-Management_Prooyek\\app\\Views\\layouts\\admin\\todotask\\viewmytodo\\index.php')
 3 SYSTEMPATH\View\View.php(216): CodeIgniter\View\View->CodeIgniter\View\{closure}()
 4 SYSTEMPATH\Common.php(1184): CodeIgniter\View\View->render('layouts/admin/todotask/viewmytodo/index', [], true)
 5 APPPATH\Controllers\ViewMyTodo.php(25): view('layouts/admin/todotask/viewmytodo/index')
 6 SYSTEMPATH\CodeIgniter.php(934): App\Controllers\ViewMyTodo->index()
 7 SYSTEMPATH\CodeIgniter.php(499): CodeIgniter\CodeIgniter->runController(Object(App\Controllers\ViewMyTodo))
 8 SYSTEMPATH\CodeIgniter.php(368): CodeIgniter\CodeIgniter->handleRequest(null, Object(Config\Cache), false)
 9 FCPATH\index.php(67): CodeIgniter\CodeIgniter->run()
10 SYSTEMPATH\Commands\Server\rewrite.php(47): require_once('D:\\XAMPP\\htdocs\\Task-Management_Prooyek\\public\\index.php')
CRITICAL - 2023-05-13 00:22:55 --> Undefined variable $todos
in APPPATH\Views\layouts\admin\todotask\viewmytodo\index.php on line 23.
 1 APPPATH\Views\layouts\admin\todotask\viewmytodo\index.php(23): CodeIgniter\Debug\Exceptions->errorHandler(2, 'Undefined variable $todos', 'D:\\XAMPP\\htdocs\\Task-Management_Prooyek\\app\\Views\\layouts\\admin\\todotask\\viewmytodo\\index.php', 23)
 2 SYSTEMPATH\View\View.php(213): include('D:\\XAMPP\\htdocs\\Task-Management_Prooyek\\app\\Views\\layouts\\admin\\todotask\\viewmytodo\\index.php')
 3 SYSTEMPATH\View\View.php(216): CodeIgniter\View\View->CodeIgniter\View\{closure}()
 4 SYSTEMPATH\Common.php(1184): CodeIgniter\View\View->render('layouts/admin/todotask/viewmytodo/index', [], true)
 5 APPPATH\Controllers\ViewMyTodo.php(26): view('layouts/admin/todotask/viewmytodo/index', [...])
 6 SYSTEMPATH\CodeIgniter.php(934): App\Controllers\ViewMyTodo->index()
 7 SYSTEMPATH\CodeIgniter.php(499): CodeIgniter\CodeIgniter->runController(Object(App\Controllers\ViewMyTodo))
 8 SYSTEMPATH\CodeIgniter.php(368): CodeIgniter\CodeIgniter->handleRequest(null, Object(Config\Cache), false)
 9 FCPATH\index.php(67): CodeIgniter\CodeIgniter->run()
10 SYSTEMPATH\Commands\Server\rewrite.php(47): require_once('D:\\XAMPP\\htdocs\\Task-Management_Prooyek\\public\\index.php')
CRITICAL - 2023-05-13 00:24:04 --> Undefined array key "status"
in APPPATH\Views\layouts\admin\todotask\viewmytodo\index.php on line 29.
 1 APPPATH\Views\layouts\admin\todotask\viewmytodo\index.php(29): CodeIgniter\Debug\Exceptions->errorHandler(2, 'Undefined array key "status"', 'D:\\XAMPP\\htdocs\\Task-Management_Prooyek\\app\\Views\\layouts\\admin\\todotask\\viewmytodo\\index.php', 29)
 2 SYSTEMPATH\View\View.php(213): include('D:\\XAMPP\\htdocs\\Task-Management_Prooyek\\app\\Views\\layouts\\admin\\todotask\\viewmytodo\\index.php')
 3 SYSTEMPATH\View\View.php(216): CodeIgniter\View\View->CodeIgniter\View\{closure}()
 4 SYSTEMPATH\Common.php(1184): CodeIgniter\View\View->render('layouts/admin/todotask/viewmytodo/index', [], true)
 5 APPPATH\Controllers\ViewMyTodo.php(26): view('layouts/admin/todotask/viewmytodo/index', [...])
 6 SYSTEMPATH\CodeIgniter.php(934): App\Controllers\ViewMyTodo->index()
 7 SYSTEMPATH\CodeIgniter.php(499): CodeIgniter\CodeIgniter->runController(Object(App\Controllers\ViewMyTodo))
 8 SYSTEMPATH\CodeIgniter.php(368): CodeIgniter\CodeIgniter->handleRequest(null, Object(Config\Cache), false)
 9 FCPATH\index.php(67): CodeIgniter\CodeIgniter->run()
10 SYSTEMPATH\Commands\Server\rewrite.php(47): require_once('D:\\XAMPP\\htdocs\\Task-Management_Prooyek\\public\\index.php')
CRITICAL - 2023-05-13 00:24:16 --> Undefined variable $todos
in APPPATH\Views\layouts\admin\todotask\viewmytodo\index.php on line 23.
 1 APPPATH\Views\layouts\admin\todotask\viewmytodo\index.php(23): CodeIgniter\Debug\Exceptions->errorHandler(2, 'Undefined variable $todos', 'D:\\XAMPP\\htdocs\\Task-Management_Prooyek\\app\\Views\\layouts\\admin\\todotask\\viewmytodo\\index.php', 23)
 2 SYSTEMPATH\View\View.php(213): include('D:\\XAMPP\\htdocs\\Task-Management_Prooyek\\app\\Views\\layouts\\admin\\todotask\\viewmytodo\\index.php')
 3 SYSTEMPATH\View\View.php(216): CodeIgniter\View\View->CodeIgniter\View\{closure}()
 4 SYSTEMPATH\Common.php(1184): CodeIgniter\View\View->render('layouts/admin/todotask/viewmytodo/index', [], true)
 5 APPPATH\Controllers\ViewMyTodo.php(26): view('layouts/admin/todotask/viewmytodo/index', [...])
 6 SYSTEMPATH\CodeIgniter.php(934): App\Controllers\ViewMyTodo->index()
 7 SYSTEMPATH\CodeIgniter.php(499): CodeIgniter\CodeIgniter->runController(Object(App\Controllers\ViewMyTodo))
 8 SYSTEMPATH\CodeIgniter.php(368): CodeIgniter\CodeIgniter->handleRequest(null, Object(Config\Cache), false)
 9 FCPATH\index.php(67): CodeIgniter\CodeIgniter->run()
10 SYSTEMPATH\Commands\Server\rewrite.php(47): require_once('D:\\XAMPP\\htdocs\\Task-Management_Prooyek\\public\\index.php')
CRITICAL - 2023-05-13 00:25:32 --> Undefined array key "action"
in APPPATH\Views\layouts\admin\todotask\viewmytodo\index.php on line 29.
 1 APPPATH\Views\layouts\admin\todotask\viewmytodo\index.php(29): CodeIgniter\Debug\Exceptions->errorHandler(2, 'Undefined array key "action"', 'D:\\XAMPP\\htdocs\\Task-Management_Prooyek\\app\\Views\\layouts\\admin\\todotask\\viewmytodo\\index.php', 29)
 2 SYSTEMPATH\View\View.php(213): include('D:\\XAMPP\\htdocs\\Task-Management_Prooyek\\app\\Views\\layouts\\admin\\todotask\\viewmytodo\\index.php')
 3 SYSTEMPATH\View\View.php(216): CodeIgniter\View\View->CodeIgniter\View\{closure}()
 4 SYSTEMPATH\Common.php(1184): CodeIgniter\View\View->render('layouts/admin/todotask/viewmytodo/index', [], true)
 5 APPPATH\Controllers\ViewMyTodo.php(26): view('layouts/admin/todotask/viewmytodo/index', [...])
 6 SYSTEMPATH\CodeIgniter.php(934): App\Controllers\ViewMyTodo->index()
 7 SYSTEMPATH\CodeIgniter.php(499): CodeIgniter\CodeIgniter->runController(Object(App\Controllers\ViewMyTodo))
 8 SYSTEMPATH\CodeIgniter.php(368): CodeIgniter\CodeIgniter->handleRequest(null, Object(Config\Cache), false)
 9 FCPATH\index.php(67): CodeIgniter\CodeIgniter->run()
10 SYSTEMPATH\Commands\Server\rewrite.php(47): require_once('D:\\XAMPP\\htdocs\\Task-Management_Prooyek\\public\\index.php')
